Power-up SYSRES asserted
VME WRITE  D16 at address 0x7000001C AM=0x09   Data=0x00000001
VME WRITE  D16 at address 0x7000001E AM=0x09   Data=0x00000082
VME READ   D16 at address 0x70000012 AM=0x02   Data=0x00000002
VME READ   D32 at address 0x7000105C AM=0x02   Data=0xFFFF0002
VME WRITE  D32 at address 0x70001064 AM=0x09   Data=0x00000002
VME READ   D32 at address 0x70001064 AM=0x02   Data=0x00000002
VME WRITE  D32 at address 0x70001064 AM=0x09   Data=0x00000000
VME READ   D32 at address 0x70001064 AM=0x02   Data=0x00000000
VME WRITE  D32 at address 0x70001064 AM=0x09   Data=0xA5A5A5A5
VME READ   D32 at address 0x70001064 AM=0x02   Data=0xA5A5A5A5
VME READ   D16 at address 0x70008000 AM=0x02   Data=0x00000000
VME READ   D16 at address 0x70008002 AM=0x02   Data=0x00000001
VME READ   D16 at address 0x70008004 AM=0x02   Data=0x00000002
VME READ   D16 at address 0x70008006 AM=0x02   Data=0x00000003
VME READ   D16 at address 0x70008008 AM=0x02   Data=0x00000004
VME WRITE  D16 at address 0x7000000A AM=0x09   Data=0xA5A5A5A5
VME READ   D16 at address 0x70008000 AM=0x02   Data=0x00000000
VME READ   D16 at address 0x70008002 AM=0x02   Data=0x00000001
VME READ   D16 at address 0x70008004 AM=0x02   Data=0x00000002
VME READ   D16 at address 0x70008006 AM=0x02   Data=0x00000003
VME READ   D16 at address 0x70008008 AM=0x02   Data=0x00000004
VME WRITE  D32 at address 0x7000004E AM=0x09   Data=0x00000002
VME WRITE  D32 at address 0x7000110C AM=0x09   Data=0x00000000
VME WRITE  D32 at address 0x70001110 AM=0x09   Data=0xA5A5A5A5
VME WRITE  D32 at address 0x7000004E AM=0x09   Data=0x00000003
VME WRITE  D32 at address 0x7000004E AM=0x09   Data=0x00000000
VME WRITE  D32 at address 0x7000110C AM=0x09   Data=0x00000000
VME READ   D32 at address 0x70001010 AM=0x02   Data=0x00000000
VME WRITE  D32 at address 0x7000004E AM=0x09   Data=0x00000003
VME WRITE  D32 at address 0x70000028 AM=0x09   Data=0x00000040
VME READ   D32 at address 0x70000028 AM=0x02   Data=0x00000040
VME WRITE  D16 at address 0x70000004 AM=0x09   Data=0x00000080
VME WRITE  D16 at address 0x70000026 AM=0x09   Data=0x00000001
VME WRITE  D16 at address 0x7000000E AM=0x09   Data=0x00000001
VME BLT READ D64 at address 0x70000000 AM=0x00    Size(bytes)=200
000  00000000
001  03020100
002  07060504
003  0B0A0908
004  0F0E0D0C
005  13121110
006  17161514
007  1B1A1918
008  1F1E1D1C
009  23222120
00A  27262524
00B  2B2A2928
00C  2F2E2D2C
00D  00000000
00E  00000001
00F  00000002
010  00000003
011  00000004
012  00000005
013  00000006
014  00000007
015  00000008
016  00000009
017  0000000A
018  0000000B
019  0000000C
01A  0000000D
01B  0000000E
01C  00F03C0F
01D  50003037
  Bus Error !!! 
VME WRITE  D16 at address 0x7000000E AM=0x09   Data=0x00000001
VME BLT READ D64 at address 0x70000000 AM=0x00    Size(bytes)=200
000  00000000
001  03020100
002  07060504
003  0B0A0908
004  0F0E0D0C
005  13121110
006  17161514
007  1B1A1918
008  1F1E1D1C
009  23222120
00A  27262524
00B  2B2A2928
00C  2F2E2D2C
00D  00000000
00E  00000001
00F  00000002
010  00000003
011  00000004
012  00000005
013  00000006
014  00000007
015  00000008
016  00000009
017  0000000A
018  0000000B
019  0000000C
01A  0000000D
01B  0000000E
01C  00F03C0F
01D  50013037
  Bus Error !!! 
