VME BLT READ D64 at address 0x20000000 AM=0x00    Size(bytes)=200
000  40000327
001  C3C2C1C0
002  C7C6C5C4
003  CBCAC9C8
004  CFCECDCC
005  D3D2D1D0
006  D7D6D5D4
007  DBDAD9D8
008  DFDEDDDC
009  E3E2E1E0
00A  E7E6E5E4
00B  EBEAE9E8
00C  EFEEEDEC
00D  04020080
00E  08020040
00F  10010040
010  0C030100
011  0C040040
012  018010C0
013  01802004
014  01801008
015  01802004
016  01403008
017  0140400C
018  01403010
019  0140400C
01A  14050010
01B  18050140
01C  18060180
01D  00000000
01E  00000000
01F  00000000
020  00100401
021  00200400
022  00501003
023  00801C06
024  00B02809
025  00E0340C
026  0110400F
027  01404C12
028  01705815
029  01A06418
02A  01D0701B
02B  02007C1E
02C  02308821
02D  02609424
02E  0290A027
02F  02C0AC2A
030  02F0B82D
031  50004F07
