Timing Violation Report Min Delay Analysis

SmartTime Version v2021.2
Microsemi Corporation - Microsemi Libero Software Release v2021.2 (Version 2021.2.0.11)
Date: Fri Jan 21 21:03:57 2022


Design: DRM2_top
Family: IGLOO2
Die: M2GL090T
Package: 676 FBGA
Temperature Range: 0 - 85 C
Voltage Range: 1.14 - 1.26 V
Speed Grade: -1
Design State: Post-Layout
Data source: Production
Multi Corner Report Operating Conditions: BEST, TYPICAL, WORST


Path 1
  From: CAEN_LINK_instance/I_CorePCS/Core_PCS_0/GEN_DEC_WA_10.DEC_10/UB/DATA_5B_0_dreg[2]:CLK
  To:   CAEN_LINK_instance/I_CorePCS/Core_PCS_0/GEN_DEC_WA_10.DEC_10/RX_WORD[2]:D
  Delay (ns):              0.458
  Slack (ns):             -4.316
  Arrival (ns):            0.958
  Required (ns):           5.274
  Operating Conditions:    WORST

Path 2
  From: CAEN_LINK_instance/I_conet_interf/trigger_fifo_irq_instance/trigger_fifo_0/L31.U_corefifo_async/Wr_corefifo_NstagesSync/shift_array_0_[2]:CLK
  To:   CAEN_LINK_instance/I_conet_interf/trigger_fifo_irq_instance/trigger_fifo_0/L31.U_corefifo_async/Wr_corefifo_NstagesSync/shift_array_1_[2]:D
  Delay (ns):              0.586
  Slack (ns):             -4.260
  Arrival (ns):            1.072
  Required (ns):           5.332
  Operating Conditions:    WORST

Path 3
  From: CAEN_LINK_instance/I_conet_interf/trigger_fifo_irq_instance/trigger_fifo_0/L31.U_corefifo_async/Wr_corefifo_NstagesSync/shift_array_0_[4]:CLK
  To:   CAEN_LINK_instance/I_conet_interf/trigger_fifo_irq_instance/trigger_fifo_0/L31.U_corefifo_async/Wr_corefifo_NstagesSync/shift_array_1_[4]:D
  Delay (ns):              0.595
  Slack (ns):             -4.254
  Arrival (ns):            1.090
  Required (ns):           5.344
  Operating Conditions:    WORST

Path 4
  From: CAEN_LINK_instance/I_conet_interf/fsm_rx[0]:CLK
  To:   CAEN_LINK_instance/I_conet_interf/fsm_rx[0]:D
  Delay (ns):              0.535
  Slack (ns):             -4.215
  Arrival (ns):            1.003
  Required (ns):           5.218
  Operating Conditions:    WORST

Path 5
  From: CAEN_LINK_instance/I_conet_interf/fsm_rx[0]:CLK
  To:   CAEN_LINK_instance/I_conet_interf/endpck:D
  Delay (ns):              0.613
  Slack (ns):             -4.194
  Arrival (ns):            1.081
  Required (ns):           5.275
  Operating Conditions:    WORST

Path 6
  From: CAEN_LINK_instance/I_conet_interf/trigger_fifo_irq_instance/trigger_fifo_0/L31.U_corefifo_async/Wr_corefifo_NstagesSync/shift_array_0_[1]:CLK
  To:   CAEN_LINK_instance/I_conet_interf/trigger_fifo_irq_instance/trigger_fifo_0/L31.U_corefifo_async/Wr_corefifo_NstagesSync/shift_array_1_[1]:D
  Delay (ns):              0.766
  Slack (ns):             -4.080
  Arrival (ns):            1.252
  Required (ns):           5.332
  Operating Conditions:    WORST

Path 7
  From: CAEN_LINK_instance/I_CorePCS/Core_PCS_0/GEN_DEC_WA_10.DEC_10/RX_WORD[3]:CLK
  To:   CAEN_LINK_instance/I_conet_interf/token:D
  Delay (ns):              0.735
  Slack (ns):             -4.031
  Arrival (ns):            1.243
  Required (ns):           5.274
  Operating Conditions:    WORST

Path 8
  From: CAEN_LINK_instance/I_CorePCS/Core_PCS_0/GEN_DEC_WA_10.DEC_10/RX_WORD[1]:CLK
  To:   CAEN_LINK_instance/I_conet_interf/bh[1]:D
  Delay (ns):              0.770
  Slack (ns):             -4.004
  Arrival (ns):            1.270
  Required (ns):           5.274
  Operating Conditions:    WORST

Path 9
  From: CAEN_LINK_instance/I_CorePCS/Core_PCS_0/GEN_DEC_WA_10.DEC_10/RX_WORD[1]:CLK
  To:   CAEN_LINK_instance/I_conet_interf/bl[1]:D
  Delay (ns):              0.771
  Slack (ns):             -4.003
  Arrival (ns):            1.271
  Required (ns):           5.274
  Operating Conditions:    WORST

Path 10
  From: CAEN_LINK_instance/I_CorePCS/Core_PCS_0/GEN_DEC_WA_10.DEC_10/RX_WORD[2]:CLK
  To:   CAEN_LINK_instance/I_conet_interf/bl[2]:D
  Delay (ns):              0.763
  Slack (ns):             -3.992
  Arrival (ns):            1.271
  Required (ns):           5.263
  Operating Conditions:    WORST

Path 11
  From: CAEN_LINK_instance/I_CorePCS/Core_PCS_0/GEN_DEC_WA_10.DEC_10/RX_WORD[2]:CLK
  To:   CAEN_LINK_instance/I_conet_interf/bh[2]:D
  Delay (ns):              0.763
  Slack (ns):             -3.992
  Arrival (ns):            1.271
  Required (ns):           5.263
  Operating Conditions:    WORST

Path 12
  From: CAEN_LINK_instance/I_CorePCS/Core_PCS_0/GEN_DEC_WA_10.DEC_10/RX_WORD[3]:CLK
  To:   CAEN_LINK_instance/I_conet_interf/bl[3]:D
  Delay (ns):              0.805
  Slack (ns):             -3.967
  Arrival (ns):            1.313
  Required (ns):           5.280
  Operating Conditions:    WORST

Path 13
  From: CAEN_LINK_instance/I_CorePCS/Core_PCS_0/GEN_DEC_WA_10.DEC_10/RX_WORD[3]:CLK
  To:   CAEN_LINK_instance/I_conet_interf/bh[3]:D
  Delay (ns):              0.805
  Slack (ns):             -3.967
  Arrival (ns):            1.313
  Required (ns):           5.280
  Operating Conditions:    WORST

Path 14
  From: CAEN_LINK_instance/I_CorePCS/Core_PCS_0/GEN_DEC_WA_10.DEC_10/RX_WORD[0]:CLK
  To:   CAEN_LINK_instance/I_conet_interf/bl[0]:D
  Delay (ns):              0.793
  Slack (ns):             -3.965
  Arrival (ns):            1.293
  Required (ns):           5.258
  Operating Conditions:    WORST

Path 15
  From: CAEN_LINK_instance/I_CorePCS/Core_PCS_0/GEN_DEC_WA_10.DEC_10/RX_WORD[0]:CLK
  To:   CAEN_LINK_instance/I_conet_interf/bh[0]:D
  Delay (ns):              0.804
  Slack (ns):             -3.957
  Arrival (ns):            1.304
  Required (ns):           5.261
  Operating Conditions:    WORST

Path 16
  From: CAEN_LINK_instance/I_conet_interf/fsm_rx[0]:CLK
  To:   CAEN_LINK_instance/I_conet_interf/word_rdy:D
  Delay (ns):              0.933
  Slack (ns):             -3.888
  Arrival (ns):            1.401
  Required (ns):           5.289
  Operating Conditions:    WORST

Path 17
  From: CAEN_LINK_instance/I_CorePCS/Core_PCS_0/GEN_DEC_WA_10.DEC_10/RX_WORD[2]:CLK
  To:   CAEN_LINK_instance/I_conet_interf/token:D
  Delay (ns):              0.887
  Slack (ns):             -3.879
  Arrival (ns):            1.395
  Required (ns):           5.274
  Operating Conditions:    WORST

Path 18
  From: CAEN_LINK_instance/I_conet_interf/fsm_rx[0]:CLK
  To:   CAEN_LINK_instance/I_conet_interf/fsm_rx[1]:D
  Delay (ns):              0.934
  Slack (ns):             -3.872
  Arrival (ns):            1.402
  Required (ns):           5.274
  Operating Conditions:    WORST

Path 19
  From: CAEN_LINK_instance/I_CorePCS/Core_PCS_0/GEN_DEC_WA_10.DEC_10/RX_WORD[1]:CLK
  To:   CAEN_LINK_instance/I_conet_interf/token:D
  Delay (ns):              0.903
  Slack (ns):             -3.871
  Arrival (ns):            1.403
  Required (ns):           5.274
  Operating Conditions:    WORST

Path 20
  From: CAEN_LINK_instance/I_conet_interf/fsm_rx[0]:CLK
  To:   CAEN_LINK_instance/I_conet_interf/rx_header:D
  Delay (ns):              0.954
  Slack (ns):             -3.841
  Arrival (ns):            1.422
  Required (ns):           5.263
  Operating Conditions:    WORST

Path 21
  From: CAEN_LINK_instance/I_CorePCS/Core_PCS_0/GEN_DEC_WA_10.DEC_10/RX_WORD[0]:CLK
  To:   CAEN_LINK_instance/I_conet_interf/token:D
  Delay (ns):              1.001
  Slack (ns):             -3.773
  Arrival (ns):            1.501
  Required (ns):           5.274
  Operating Conditions:    WORST

Path 22
  From: CAEN_LINK_instance/I_CorePCS/Core_PCS_0/GEN_DEC_WA_10.DEC_10/K:CLK
  To:   CAEN_LINK_instance/I_conet_interf/token:D
  Delay (ns):              1.085
  Slack (ns):             -3.680
  Arrival (ns):            1.594
  Required (ns):           5.274
  Operating Conditions:    WORST

Path 23
  From: CAEN_LINK_instance/I_CorePCS/Core_PCS_0/GEN_DEC_WA_10.DEC_10/RX_WORD[1]:CLK
  To:   CAEN_LINK_instance/I_conet_interf/rl_dti[16]:D
  Delay (ns):              1.060
  Slack (ns):             -3.677
  Arrival (ns):            1.560
  Required (ns):           5.237
  Operating Conditions:    WORST

Path 24
  From: CAEN_LINK_instance/I_CorePCS/Core_PCS_0/GEN_DEC_WA_10.DEC_10/RX_WORD[3]:CLK
  To:   CAEN_LINK_instance/I_conet_interf/fsm_rx[0]:D
  Delay (ns):              1.146
  Slack (ns):             -3.578
  Arrival (ns):            1.654
  Required (ns):           5.232
  Operating Conditions:    WORST

Path 25
  From: CAEN_LINK_instance/I_conet_interf/fsm_rx[0]:CLK
  To:   CAEN_LINK_instance/I_conet_interf/token:EN
  Delay (ns):              1.300
  Slack (ns):             -3.506
  Arrival (ns):            1.768
  Required (ns):           5.274
  Operating Conditions:    WORST

Path 26
  From: CAEN_LINK_instance/I_conet_interf/fsm_rx[0]:CLK
  To:   CAEN_LINK_instance/I_conet_interf/irqrx:EN
  Delay (ns):              1.300
  Slack (ns):             -3.497
  Arrival (ns):            1.768
  Required (ns):           5.265
  Operating Conditions:    WORST

Path 27
  From: CAEN_LINK_instance/I_conet_interf/fsm_rx[0]:CLK
  To:   CAEN_LINK_instance/I_conet_interf/endpck:EN
  Delay (ns):              1.325
  Slack (ns):             -3.482
  Arrival (ns):            1.793
  Required (ns):           5.275
  Operating Conditions:    WORST

Path 28
  From: CAEN_LINK_instance/I_conet_interf/irqrx:CLK
  To:   CAEN_LINK_instance/I_conet_interf/endpck:EN
  Delay (ns):              1.364
  Slack (ns):             -3.411
  Arrival (ns):            1.864
  Required (ns):           5.275
  Operating Conditions:    WORST

Path 29
  From: CAEN_LINK_instance/I_CorePCS/Core_PCS_0/GEN_DEC_WA_10.DEC_10/RX_WORD[0]:CLK
  To:   CAEN_LINK_instance/I_conet_interf/rl_dti[16]:D
  Delay (ns):              1.331
  Slack (ns):             -3.406
  Arrival (ns):            1.831
  Required (ns):           5.237
  Operating Conditions:    WORST

Path 30
  From: CAEN_LINK_instance/I_conet_interf/fsm_rx[0]:CLK
  To:   CAEN_LINK_instance/I_conet_interf/bl[1]:EN
  Delay (ns):              1.417
  Slack (ns):             -3.389
  Arrival (ns):            1.885
  Required (ns):           5.274
  Operating Conditions:    WORST

Path 31
  From: CAEN_LINK_instance/I_conet_interf/fsm_rx[0]:CLK
  To:   CAEN_LINK_instance/I_conet_interf/bl[6]:EN
  Delay (ns):              1.401
  Slack (ns):             -3.382
  Arrival (ns):            1.869
  Required (ns):           5.251
  Operating Conditions:    WORST

Path 32
  From: CAEN_LINK_instance/I_conet_interf/fsm_rx[0]:CLK
  To:   CAEN_LINK_instance/I_conet_interf/bl[7]:EN
  Delay (ns):              1.417
  Slack (ns):             -3.378
  Arrival (ns):            1.885
  Required (ns):           5.263
  Operating Conditions:    WORST

Path 33
  From: CAEN_LINK_instance/I_conet_interf/fsm_rx[0]:CLK
  To:   CAEN_LINK_instance/I_conet_interf/bl[2]:EN
  Delay (ns):              1.417
  Slack (ns):             -3.378
  Arrival (ns):            1.885
  Required (ns):           5.263
  Operating Conditions:    WORST

Path 34
  From: CAEN_LINK_instance/I_CorePCS/Core_PCS_0/GEN_DEC_WA_10.DEC_10/RX_WORD[2]:CLK
  To:   CAEN_LINK_instance/I_conet_interf/fsm_rx[0]:D
  Delay (ns):              1.382
  Slack (ns):             -3.342
  Arrival (ns):            1.890
  Required (ns):           5.232
  Operating Conditions:    WORST

Path 35
  From: CAEN_LINK_instance/I_conet_interf/fsm_rx[0]:CLK
  To:   CAEN_LINK_instance/I_conet_interf/rx_header:EN
  Delay (ns):              1.482
  Slack (ns):             -3.313
  Arrival (ns):            1.950
  Required (ns):           5.263
  Operating Conditions:    WORST

Path 36
  From: CAEN_LINK_instance/I_conet_interf/irqrx:CLK
  To:   CAEN_LINK_instance/I_conet_interf/fsm_rx[0]:D
  Delay (ns):              1.426
  Slack (ns):             -3.306
  Arrival (ns):            1.926
  Required (ns):           5.232
  Operating Conditions:    WORST

Path 37
  From: CAEN_LINK_instance/I_conet_interf/fsm_rx[0]:CLK
  To:   CAEN_LINK_instance/I_conet_interf/bl[3]:EN
  Delay (ns):              1.569
  Slack (ns):             -3.243
  Arrival (ns):            2.037
  Required (ns):           5.280
  Operating Conditions:    WORST

Path 38
  From: CAEN_LINK_instance/I_conet_interf/fsm_rx[0]:CLK
  To:   CAEN_LINK_instance/I_conet_interf/bh[6]:EN
  Delay (ns):              1.554
  Slack (ns):             -3.238
  Arrival (ns):            2.022
  Required (ns):           5.260
  Operating Conditions:    WORST

Path 39
  From: CAEN_LINK_instance/I_conet_interf/fsm_rx[0]:CLK
  To:   CAEN_LINK_instance/I_conet_interf/bh[0]:EN
  Delay (ns):              1.555
  Slack (ns):             -3.238
  Arrival (ns):            2.023
  Required (ns):           5.261
  Operating Conditions:    WORST

Path 40
  From: CAEN_LINK_instance/I_CorePCS/Core_PCS_0/GEN_DEC_WA_10.DEC_10/K:CLK
  To:   CAEN_LINK_instance/I_conet_interf/fsm_rx[0]:D
  Delay (ns):              1.496
  Slack (ns):             -3.227
  Arrival (ns):            2.005
  Required (ns):           5.232
  Operating Conditions:    WORST

Path 41
  From: CAEN_LINK_instance/I_conet_interf/fsm_rx[0]:CLK
  To:   CAEN_LINK_instance/I_conet_interf/bl[0]:EN
  Delay (ns):              1.566
  Slack (ns):             -3.224
  Arrival (ns):            2.034
  Required (ns):           5.258
  Operating Conditions:    WORST

Path 42
  From: CAEN_LINK_instance/I_conet_interf/fsm_rx[0]:CLK
  To:   CAEN_LINK_instance/I_conet_interf/word_rdy:EN
  Delay (ns):              1.645
  Slack (ns):             -3.176
  Arrival (ns):            2.113
  Required (ns):           5.289
  Operating Conditions:    WORST

Path 43
  From: CAEN_LINK_instance/I_EPCS_SERDES/EPCS_SERDES_IF_0/EPCS_SERDES_IF_0/SERDESIF_INST/INST_SERDESIF_IP:EPCS_TXCLK[0]
  To:   CAEN_LINK_instance/I_EPCS_SERDES/epcs_tx_intf_2/txdout[0]:ALn
  Delay (ns):              1.656
  Slack (ns):             -3.163
  Arrival (ns):            1.656
  Required (ns):           4.819
  Operating Conditions:    WORST

Path 44
  From: CAEN_LINK_instance/I_EPCS_SERDES/EPCS_SERDES_IF_0/EPCS_SERDES_IF_0/SERDESIF_INST/INST_SERDESIF_IP:EPCS_TXCLK[0]
  To:   CAEN_LINK_instance/I_EPCS_SERDES/epcs_tx_intf_2/txdin_p[0]:ALn
  Delay (ns):              1.656
  Slack (ns):             -3.162
  Arrival (ns):            1.656
  Required (ns):           4.818
  Operating Conditions:    WORST

Path 45
  From: CAEN_LINK_instance/I_conet_interf/fsm_rx[0]:CLK
  To:   CAEN_LINK_instance/I_conet_interf/rl_dti[3]:EN
  Delay (ns):              1.683
  Slack (ns):             -3.138
  Arrival (ns):            2.151
  Required (ns):           5.289
  Operating Conditions:    WORST

Path 46
  From: CAEN_LINK_instance/I_conet_interf/fsm_rx[0]:CLK
  To:   CAEN_LINK_instance/I_conet_interf/rl_dti[12]:EN
  Delay (ns):              1.683
  Slack (ns):             -3.129
  Arrival (ns):            2.151
  Required (ns):           5.280
  Operating Conditions:    WORST

Path 47
  From: CAEN_LINK_instance/I_conet_interf/fsm_rx[0]:CLK
  To:   CAEN_LINK_instance/I_conet_interf/rl_dti[6]:EN
  Delay (ns):              1.686
  Slack (ns):             -3.110
  Arrival (ns):            2.154
  Required (ns):           5.264
  Operating Conditions:    WORST

Path 48
  From: CAEN_LINK_instance/I_conet_interf/fsm_rx[0]:CLK
  To:   CAEN_LINK_instance/I_conet_interf/rl_dti[15]:EN
  Delay (ns):              1.686
  Slack (ns):             -3.110
  Arrival (ns):            2.154
  Required (ns):           5.264
  Operating Conditions:    WORST

Path 49
  From: CAEN_LINK_instance/I_conet_interf/fsm_rx[0]:CLK
  To:   CAEN_LINK_instance/I_conet_interf/rl_dti[8]:EN
  Delay (ns):              1.686
  Slack (ns):             -3.100
  Arrival (ns):            2.154
  Required (ns):           5.254
  Operating Conditions:    WORST

Path 50
  From: CAEN_LINK_instance/I_conet_interf/fsm_rx[0]:CLK
  To:   CAEN_LINK_instance/I_conet_interf/rl_dti[7]:EN
  Delay (ns):              1.686
  Slack (ns):             -3.100
  Arrival (ns):            2.154
  Required (ns):           5.254
  Operating Conditions:    WORST

Path 51
  From: CAEN_LINK_instance/I_CorePCS/Core_PCS_0/GEN_DEC_WA_10.DEC_10/RX_WORD[1]:CLK
  To:   CAEN_LINK_instance/I_conet_interf/endpck:EN
  Delay (ns):              1.681
  Slack (ns):             -3.094
  Arrival (ns):            2.181
  Required (ns):           5.275
  Operating Conditions:    WORST

Path 52
  From: CAEN_LINK_instance/I_conet_interf/fsm_rx[0]:CLK
  To:   CAEN_LINK_instance/I_conet_interf/rl_wr:D
  Delay (ns):              1.711
  Slack (ns):             -3.072
  Arrival (ns):            2.179
  Required (ns):           5.251
  Operating Conditions:    WORST

Path 53
  From: CAEN_LINK_instance/I_conet_interf/fsm_rx[0]:CLK
  To:   CAEN_LINK_instance/I_conet_interf/bl[5]:EN
  Delay (ns):              1.750
  Slack (ns):             -3.050
  Arrival (ns):            2.218
  Required (ns):           5.268
  Operating Conditions:    WORST

Path 54
  From: CAEN_LINK_instance/I_CorePCS/Core_PCS_0/GEN_DEC_WA_10.DEC_10/RX_WORD[3]:CLK
  To:   CAEN_LINK_instance/I_conet_interf/irqrx:D
  Delay (ns):              1.707
  Slack (ns):             -3.050
  Arrival (ns):            2.215
  Required (ns):           5.265
  Operating Conditions:    WORST

Path 55
  From: CAEN_LINK_instance/I_conet_interf/fsm_rx[0]:CLK
  To:   CAEN_LINK_instance/I_conet_interf/bl[4]:EN
  Delay (ns):              1.751
  Slack (ns):             -3.049
  Arrival (ns):            2.219
  Required (ns):           5.268
  Operating Conditions:    WORST

Path 56
  From: CAEN_LINK_instance/I_conet_interf/irqrx:CLK
  To:   CAEN_LINK_instance/I_conet_interf/rl_dti[16]:EN
  Delay (ns):              1.694
  Slack (ns):             -3.043
  Arrival (ns):            2.194
  Required (ns):           5.237
  Operating Conditions:    WORST

Path 57
  From: CAEN_LINK_instance/I_CorePCS/Core_PCS_0/GEN_DEC_WA_10.DEC_10/RX_WORD[2]:CLK
  To:   CAEN_LINK_instance/I_conet_interf/irqrx:D
  Delay (ns):              1.714
  Slack (ns):             -3.043
  Arrival (ns):            2.222
  Required (ns):           5.265
  Operating Conditions:    WORST

Path 58
  From: CAEN_LINK_instance/I_conet_interf/fsm_rx[0]:CLK
  To:   CAEN_LINK_instance/I_conet_interf/rl_dti[0]:EN
  Delay (ns):              1.798
  Slack (ns):             -2.996
  Arrival (ns):            2.266
  Required (ns):           5.262
  Operating Conditions:    WORST

Path 59
  From: CAEN_LINK_instance/I_CorePCS/Core_PCS_0/GEN_DEC_WA_10.DEC_10/RX_WORD[0]:CLK
  To:   CAEN_LINK_instance/I_conet_interf/fsm_rx[0]:D
  Delay (ns):              1.737
  Slack (ns):             -2.995
  Arrival (ns):            2.237
  Required (ns):           5.232
  Operating Conditions:    WORST

Path 60
  From: CAEN_LINK_instance/I_CorePCS/Core_PCS_0/GEN_DEC_WA_10.DEC_10/RX_WORD[0]:CLK
  To:   CAEN_LINK_instance/I_conet_interf/irqrx:D
  Delay (ns):              1.776
  Slack (ns):             -2.989
  Arrival (ns):            2.276
  Required (ns):           5.265
  Operating Conditions:    WORST

Path 61
  From: CAEN_LINK_instance/I_CorePCS/Core_PCS_0/GEN_DEC_WA_10.DEC_10/RX_WORD[1]:CLK
  To:   CAEN_LINK_instance/I_conet_interf/fsm_rx[0]:D
  Delay (ns):              1.746
  Slack (ns):             -2.986
  Arrival (ns):            2.246
  Required (ns):           5.232
  Operating Conditions:    WORST

Path 62
  From: CAEN_LINK_instance/I_CorePCS/Core_PCS_0/GEN_DEC_WA_10.DEC_10/RX_WORD[3]:CLK
  To:   CAEN_LINK_instance/I_conet_interf/rl_dti[16]:D
  Delay (ns):              1.751
  Slack (ns):             -2.978
  Arrival (ns):            2.259
  Required (ns):           5.237
  Operating Conditions:    WORST

Path 63
  From: CAEN_LINK_instance/I_CorePCS/Core_PCS_0/GEN_DEC_WA_10.DEC_10/RX_WORD[2]:CLK
  To:   CAEN_LINK_instance/I_conet_interf/rl_dti[16]:D
  Delay (ns):              1.762
  Slack (ns):             -2.967
  Arrival (ns):            2.270
  Required (ns):           5.237
  Operating Conditions:    WORST

Path 64
  From: CAEN_LINK_instance/I_conet_interf/fsm_rx[0]:CLK
  To:   CAEN_LINK_instance/I_conet_interf/bh[7]:EN
  Delay (ns):              1.830
  Slack (ns):             -2.966
  Arrival (ns):            2.298
  Required (ns):           5.264
  Operating Conditions:    WORST

Path 65
  From: CAEN_LINK_instance/I_conet_interf/fsm_rx[0]:CLK
  To:   CAEN_LINK_instance/I_conet_interf/bh[5]:EN
  Delay (ns):              1.853
  Slack (ns):             -2.938
  Arrival (ns):            2.321
  Required (ns):           5.259
  Operating Conditions:    WORST

Path 66
  From: CAEN_LINK_instance/I_CorePCS/Core_PCS_0/GEN_DEC_WA_10.DEC_10/RX_WORD[3]:CLK
  To:   CAEN_LINK_instance/I_conet_interf/rx_commadetect:D
  Delay (ns):              1.839
  Slack (ns):             -2.926
  Arrival (ns):            2.347
  Required (ns):           5.273
  Operating Conditions:    WORST

Path 67
  From: CAEN_LINK_instance/I_CorePCS/Core_PCS_0/GEN_DEC_WA_10.DEC_10/RX_WORD[2]:CLK
  To:   CAEN_LINK_instance/I_conet_interf/rx_commadetect:D
  Delay (ns):              1.846
  Slack (ns):             -2.919
  Arrival (ns):            2.354
  Required (ns):           5.273
  Operating Conditions:    WORST

Path 68
  From: CAEN_LINK_instance/I_conet_interf/fsm_rx[0]:CLK
  To:   CAEN_LINK_instance/I_conet_interf/rl_dti[16]:EN
  Delay (ns):              1.862
  Slack (ns):             -2.907
  Arrival (ns):            2.330
  Required (ns):           5.237
  Operating Conditions:    WORST

Path 69
  From: CAEN_LINK_instance/I_CorePCS/Core_PCS_0/GEN_DEC_WA_10.DEC_10/RX_WORD[0]:CLK
  To:   CAEN_LINK_instance/I_conet_interf/rx_commadetect:D
  Delay (ns):              1.907
  Slack (ns):             -2.866
  Arrival (ns):            2.407
  Required (ns):           5.273
  Operating Conditions:    WORST

Path 70
  From: CAEN_LINK_instance/I_conet_interf/fsm_rx[0]:CLK
  To:   CAEN_LINK_instance/I_conet_interf/rl_dti[10]:EN
  Delay (ns):              1.964
  Slack (ns):             -2.852
  Arrival (ns):            2.432
  Required (ns):           5.284
  Operating Conditions:    WORST

Path 71
  From: CAEN_LINK_instance/I_CorePCS/Core_PCS_0/GEN_DEC_WA_10.DEC_10/K:CLK
  To:   CAEN_LINK_instance/I_conet_interf/irqrx:D
  Delay (ns):              1.909
  Slack (ns):             -2.847
  Arrival (ns):            2.418
  Required (ns):           5.265
  Operating Conditions:    WORST

Path 72
  From: CAEN_LINK_instance/I_CorePCS/Core_PCS_0/GEN_DEC_WA_10.DEC_10/RX_WORD[1]:CLK
  To:   CAEN_LINK_instance/I_conet_interf/irqrx:D
  Delay (ns):              1.919
  Slack (ns):             -2.846
  Arrival (ns):            2.419
  Required (ns):           5.265
  Operating Conditions:    WORST

Path 73
  From: CAEN_LINK_instance/I_conet_interf/fsm_rx[0]:CLK
  To:   CAEN_LINK_instance/I_conet_interf/rl_dti[9]:EN
  Delay (ns):              1.962
  Slack (ns):             -2.837
  Arrival (ns):            2.430
  Required (ns):           5.267
  Operating Conditions:    WORST

Path 74
  From: CAEN_LINK_instance/I_conet_interf/fsm_rx[0]:CLK
  To:   CAEN_LINK_instance/I_conet_interf/rl_dti[14]:EN
  Delay (ns):              1.962
  Slack (ns):             -2.827
  Arrival (ns):            2.430
  Required (ns):           5.257
  Operating Conditions:    WORST

Path 75
  From: CAEN_LINK_instance/I_conet_interf/fsm_rx[0]:CLK
  To:   CAEN_LINK_instance/I_conet_interf/rl_dti[2]:EN
  Delay (ns):              1.963
  Slack (ns):             -2.826
  Arrival (ns):            2.431
  Required (ns):           5.257
  Operating Conditions:    WORST

Path 76
  From: CAEN_LINK_instance/I_CorePCS/Core_PCS_0/GEN_DEC_WA_10.DEC_10/RX_WORD[0]:CLK
  To:   CAEN_LINK_instance/I_conet_interf/endpck:EN
  Delay (ns):              1.983
  Slack (ns):             -2.792
  Arrival (ns):            2.483
  Required (ns):           5.275
  Operating Conditions:    WORST

Path 77
  From: CAEN_LINK_instance/I_CorePCS/Core_PCS_0/GEN_DEC_WA_10.DEC_10/K:CLK
  To:   CAEN_LINK_instance/I_conet_interf/rl_dti[16]:D
  Delay (ns):              1.957
  Slack (ns):             -2.771
  Arrival (ns):            2.466
  Required (ns):           5.237
  Operating Conditions:    WORST

Path 78
  From: CAEN_LINK_instance/I_conet_interf/fsm_rx[0]:CLK
  To:   CAEN_LINK_instance/I_conet_interf/bh[1]:EN
  Delay (ns):              2.041
  Slack (ns):             -2.765
  Arrival (ns):            2.509
  Required (ns):           5.274
  Operating Conditions:    WORST

Path 79
  From: CAEN_LINK_instance/I_conet_interf/fsm_rx[0]:CLK
  To:   CAEN_LINK_instance/I_conet_interf/bh[2]:EN
  Delay (ns):              2.041
  Slack (ns):             -2.754
  Arrival (ns):            2.509
  Required (ns):           5.263
  Operating Conditions:    WORST

Path 80
  From: CAEN_LINK_instance/I_CorePCS/Core_PCS_0/GEN_DEC_WA_10.DEC_10/RX_WORD[1]:CLK
  To:   CAEN_LINK_instance/I_conet_interf/rx_commadetect:D
  Delay (ns):              2.050
  Slack (ns):             -2.723
  Arrival (ns):            2.550
  Required (ns):           5.273
  Operating Conditions:    WORST

Path 81
  From: CAEN_LINK_instance/I_CorePCS/Core_PCS_0/GEN_DEC_WA_10.DEC_10/K:CLK
  To:   CAEN_LINK_instance/I_conet_interf/rx_commadetect:D
  Delay (ns):              2.041
  Slack (ns):             -2.723
  Arrival (ns):            2.550
  Required (ns):           5.273
  Operating Conditions:    WORST

Path 82
  From: CAEN_LINK_instance/I_CorePCS/Core_PCS_0/GEN_DEC_WA_10.DEC_10/RX_WORD[3]:CLK
  To:   CAEN_LINK_instance/I_conet_interf/token:EN
  Delay (ns):              2.137
  Slack (ns):             -2.629
  Arrival (ns):            2.645
  Required (ns):           5.274
  Operating Conditions:    WORST

Path 83
  From: CAEN_LINK_instance/I_CorePCS/Core_PCS_0/GEN_DEC_WA_10.DEC_10/RX_WORD[2]:CLK
  To:   CAEN_LINK_instance/I_conet_interf/token:EN
  Delay (ns):              2.144
  Slack (ns):             -2.622
  Arrival (ns):            2.652
  Required (ns):           5.274
  Operating Conditions:    WORST

Path 84
  From: CAEN_LINK_instance/I_CorePCS/Core_PCS_0/GEN_DEC_WA_10.DEC_10/RX_WORD[3]:CLK
  To:   CAEN_LINK_instance/I_conet_interf/irqrx:EN
  Delay (ns):              2.137
  Slack (ns):             -2.620
  Arrival (ns):            2.645
  Required (ns):           5.265
  Operating Conditions:    WORST

Path 85
  From: CAEN_LINK_instance/I_CorePCS/Core_PCS_0/GEN_DEC_WA_10.DEC_10/RX_WORD[2]:CLK
  To:   CAEN_LINK_instance/I_conet_interf/irqrx:EN
  Delay (ns):              2.144
  Slack (ns):             -2.613
  Arrival (ns):            2.652
  Required (ns):           5.265
  Operating Conditions:    WORST

Path 86
  From: CAEN_LINK_instance/I_conet_interf/endpck:CLK
  To:   CAEN_LINK_instance/I_conet_interf/endpck_set:ALn
  Delay (ns):              1.045
  Slack (ns):             -2.612
  Arrival (ns):            1.554
  Required (ns):           4.166
  Operating Conditions:    WORST

Path 87
  From: CAEN_LINK_instance/I_conet_interf/fsm_rx[0]:CLK
  To:   CAEN_LINK_instance/I_conet_interf/rl_dti[5]:EN
  Delay (ns):              2.210
  Slack (ns):             -2.592
  Arrival (ns):            2.678
  Required (ns):           5.270
  Operating Conditions:    WORST

Path 88
  From: CAEN_LINK_instance/I_conet_interf/fsm_rx[0]:CLK
  To:   CAEN_LINK_instance/I_conet_interf/rl_dti[4]:EN
  Delay (ns):              2.210
  Slack (ns):             -2.590
  Arrival (ns):            2.678
  Required (ns):           5.268
  Operating Conditions:    WORST

Path 89
  From: CAEN_LINK_instance/I_conet_interf/fsm_rx[0]:CLK
  To:   CAEN_LINK_instance/I_conet_interf/rl_dti[11]:EN
  Delay (ns):              2.210
  Slack (ns):             -2.590
  Arrival (ns):            2.678
  Required (ns):           5.268
  Operating Conditions:    WORST

Path 90
  From: CAEN_LINK_instance/I_conet_interf/fsm_rx[0]:CLK
  To:   CAEN_LINK_instance/I_conet_interf/rl_dti[1]:EN
  Delay (ns):              2.210
  Slack (ns):             -2.581
  Arrival (ns):            2.678
  Required (ns):           5.259
  Operating Conditions:    WORST

Path 91
  From: CAEN_LINK_instance/I_CorePCS/Core_PCS_0/GEN_DEC_WA_10.DEC_10/RX_WORD[0]:CLK
  To:   CAEN_LINK_instance/I_conet_interf/token:EN
  Delay (ns):              2.237
  Slack (ns):             -2.537
  Arrival (ns):            2.737
  Required (ns):           5.274
  Operating Conditions:    WORST

Path 92
  From: CAEN_LINK_instance/I_CorePCS/Core_PCS_0/GEN_DEC_WA_10.DEC_10/RX_WORD[0]:CLK
  To:   CAEN_LINK_instance/I_conet_interf/irqrx:EN
  Delay (ns):              2.237
  Slack (ns):             -2.528
  Arrival (ns):            2.737
  Required (ns):           5.265
  Operating Conditions:    WORST

Path 93
  From: CAEN_LINK_instance/I_conet_interf/fsm_rx[0]:CLK
  To:   CAEN_LINK_instance/I_conet_interf/rl_wr:EN
  Delay (ns):              2.296
  Slack (ns):             -2.487
  Arrival (ns):            2.764
  Required (ns):           5.251
  Operating Conditions:    WORST

Path 94
  From: CAEN_LINK_instance/I_conet_interf/fsm_rx[0]:CLK
  To:   CAEN_LINK_instance/I_conet_interf/rl_dti[13]:EN
  Delay (ns):              2.326
  Slack (ns):             -2.466
  Arrival (ns):            2.794
  Required (ns):           5.260
  Operating Conditions:    WORST

Path 95
  From: CAEN_LINK_instance/I_CorePCS/Core_PCS_0/GEN_DEC_WA_10.DEC_10/K:CLK
  To:   CAEN_LINK_instance/I_conet_interf/token:EN
  Delay (ns):              2.339
  Slack (ns):             -2.426
  Arrival (ns):            2.848
  Required (ns):           5.274
  Operating Conditions:    WORST

Path 96
  From: CAEN_LINK_instance/I_CorePCS/Core_PCS_0/GEN_DEC_WA_10.DEC_10/K:CLK
  To:   CAEN_LINK_instance/I_conet_interf/irqrx:EN
  Delay (ns):              2.339
  Slack (ns):             -2.417
  Arrival (ns):            2.848
  Required (ns):           5.265
  Operating Conditions:    WORST

Path 97
  From: CAEN_LINK_instance/I_CorePCS/Core_PCS_0/GEN_DEC_WA_10.DEC_10/RX_WORD[1]:CLK
  To:   CAEN_LINK_instance/I_conet_interf/token:EN
  Delay (ns):              2.380
  Slack (ns):             -2.394
  Arrival (ns):            2.880
  Required (ns):           5.274
  Operating Conditions:    WORST

Path 98
  From: CAEN_LINK_instance/I_CorePCS/Core_PCS_0/GEN_DEC_WA_10.DEC_10/RX_WORD[3]:CLK
  To:   CAEN_LINK_instance/I_conet_interf/endpck:EN
  Delay (ns):              2.376
  Slack (ns):             -2.391
  Arrival (ns):            2.884
  Required (ns):           5.275
  Operating Conditions:    WORST

Path 99
  From: CAEN_LINK_instance/I_CorePCS/Core_PCS_0/GEN_DEC_WA_10.DEC_10/RX_WORD[1]:CLK
  To:   CAEN_LINK_instance/I_conet_interf/irqrx:EN
  Delay (ns):              2.380
  Slack (ns):             -2.385
  Arrival (ns):            2.880
  Required (ns):           5.265
  Operating Conditions:    WORST

Path 100
  From: CAEN_LINK_instance/I_CorePCS/Core_PCS_0/GEN_DEC_WA_10.DEC_10/RX_WORD[2]:CLK
  To:   CAEN_LINK_instance/I_conet_interf/endpck:EN
  Delay (ns):              2.383
  Slack (ns):             -2.384
  Arrival (ns):            2.891
  Required (ns):           5.275
  Operating Conditions:    WORST

