Timing Violation Report Min Delay Analysis

SmartTime Version v2021.2
Microsemi Corporation - Microsemi Libero Software Release v2021.2 (Version 2021.2.0.11)
Date: Fri Jan 21 19:58:57 2022


Design: DRM2_top
Family: IGLOO2
Die: M2GL090T
Package: 676 FBGA
Temperature Range: 0 - 85 C
Voltage Range: 1.14 - 1.26 V
Speed Grade: -1
Design State: Post-Layout
Data source: Production
Multi Corner Report Operating Conditions: BEST, TYPICAL, WORST


Path 1
  From: CAEN_LINK_instance/I_EPCS_SERDES/EPCS_SERDES_IF_0/EPCS_SERDES_IF_0/SERDESIF_INST/INST_SERDESIF_IP:EPCS_TXCLK[0]
  To:   CAEN_LINK_instance/I_EPCS_SERDES/epcs_tx_intf_2/txdin_p[0]:ALn
  Delay (ns):              1.623
  Slack (ns):             -3.184
  Arrival (ns):            1.623
  Required (ns):           4.807
  Operating Conditions:    WORST

Path 2
  From: CAEN_LINK_instance/I_EPCS_SERDES/EPCS_SERDES_IF_0/EPCS_SERDES_IF_0/SERDESIF_INST/INST_SERDESIF_IP:EPCS_TXCLK[0]
  To:   CAEN_LINK_instance/I_EPCS_SERDES/epcs_tx_intf_2/txdout[0]:ALn
  Delay (ns):              1.633
  Slack (ns):             -3.175
  Arrival (ns):            1.633
  Required (ns):           4.808
  Operating Conditions:    WORST

Path 3
  From: CAEN_LINK_instance/I_conet_interf/trigger_fifo_irq_instance/trigger_fifo_0/RW1.UI_ram_wrapper_1/U2_asyncnonpipe/trigger_fifo_trigger_fifo_0_USRAM_top_R0C0/INST_RAM64x18_IP:A_ADDR_CLK
  To:   CAEN_LINK_instance/I_conet_interf/irq1:D
  Delay (ns):              1.841
  Slack (ns):             -2.842
  Arrival (ns):            2.465
  Required (ns):           5.307
  Operating Conditions:    WORST

Path 4
  From: vme_int_instance/regs.clocksel[1]:CLK
  To:   clock_selection[1]:D
  Delay (ns):              1.077
  Slack (ns):             -1.420
  Arrival (ns):            5.244
  Required (ns):           6.664
  Operating Conditions:    WORST

Path 5
  From: vme_int_instance/regs.clocksel[2]:CLK
  To:   clock_selection[0]:D
  Delay (ns):              1.368
  Slack (ns):             -1.109
  Arrival (ns):            5.545
  Required (ns):           6.654
  Operating Conditions:    WORST

Path 6
  From: vme_int_instance/regs.clocksel[1]:CLK
  To:   clock_selection[0]:D
  Delay (ns):              1.521
  Slack (ns):             -0.966
  Arrival (ns):            5.688
  Required (ns):           6.654
  Operating Conditions:    WORST

Path 7
  From: vme_int_instance/regs.clocksel[0]:CLK
  To:   state_clock[0]:D
  Delay (ns):              1.682
  Slack (ns):             -0.786
  Arrival (ns):            5.878
  Required (ns):           6.664
  Operating Conditions:    WORST

Path 8
  From: vme_int_instance/regs.clocksel[0]:CLK
  To:   state_clock[1]:D
  Delay (ns):              1.683
  Slack (ns):             -0.776
  Arrival (ns):            5.879
  Required (ns):           6.655
  Operating Conditions:    WORST

Path 9
  From: RAM_D[30]
  To:   rod_sniffer_instance/ssram_Ds[30]:D
  Delay (ns):              0.721
  Slack (ns):             -0.736
  Arrival (ns):            3.721
  Required (ns):           4.457
  Operating Conditions:    WORST

Path 10
  From: RAM_D[27]
  To:   rod_sniffer_instance/ssram_Ds[27]:D
  Delay (ns):              0.719
  Slack (ns):             -0.735
  Arrival (ns):            3.719
  Required (ns):           4.454
  Operating Conditions:    WORST

Path 11
  From: RAM_D[26]
  To:   rod_sniffer_instance/ssram_Ds[26]:D
  Delay (ns):              0.722
  Slack (ns):             -0.735
  Arrival (ns):            3.722
  Required (ns):           4.457
  Operating Conditions:    WORST

Path 12
  From: RAM_D[31]
  To:   rod_sniffer_instance/ssram_Ds[31]:D
  Delay (ns):              0.720
  Slack (ns):             -0.733
  Arrival (ns):            3.720
  Required (ns):           4.453
  Operating Conditions:    WORST

Path 13
  From: RAM_D[23]
  To:   rod_sniffer_instance/ssram_Ds[23]:D
  Delay (ns):              0.719
  Slack (ns):             -0.732
  Arrival (ns):            3.719
  Required (ns):           4.451
  Operating Conditions:    WORST

Path 14
  From: RAM_D[29]
  To:   rod_sniffer_instance/ssram_Ds[29]:D
  Delay (ns):              0.724
  Slack (ns):             -0.728
  Arrival (ns):            3.724
  Required (ns):           4.452
  Operating Conditions:    WORST

Path 15
  From: RAM_D[28]
  To:   rod_sniffer_instance/ssram_Ds[28]:D
  Delay (ns):              0.727
  Slack (ns):             -0.728
  Arrival (ns):            3.727
  Required (ns):           4.455
  Operating Conditions:    WORST

Path 16
  From: RAM_D[25]
  To:   rod_sniffer_instance/ssram_Ds[25]:D
  Delay (ns):              0.724
  Slack (ns):             -0.727
  Arrival (ns):            3.724
  Required (ns):           4.451
  Operating Conditions:    WORST

Path 17
  From: RAM_D[19]
  To:   rod_sniffer_instance/ssram_Ds[19]:D
  Delay (ns):              0.722
  Slack (ns):             -0.727
  Arrival (ns):            3.722
  Required (ns):           4.449
  Operating Conditions:    WORST

Path 18
  From: RAM_D[18]
  To:   rod_sniffer_instance/ssram_Ds[18]:D
  Delay (ns):              0.725
  Slack (ns):             -0.727
  Arrival (ns):            3.725
  Required (ns):           4.452
  Operating Conditions:    WORST

Path 19
  From: RAM_D[15]
  To:   rod_sniffer_instance/ssram_Ds[15]:D
  Delay (ns):              0.722
  Slack (ns):             -0.725
  Arrival (ns):            3.722
  Required (ns):           4.447
  Operating Conditions:    WORST

Path 20
  From: RAM_D[14]
  To:   rod_sniffer_instance/ssram_Ds[14]:D
  Delay (ns):              0.725
  Slack (ns):             -0.725
  Arrival (ns):            3.725
  Required (ns):           4.450
  Operating Conditions:    WORST

Path 21
  From: RAM_D[11]
  To:   rod_sniffer_instance/ssram_Ds[11]:D
  Delay (ns):              0.721
  Slack (ns):             -0.723
  Arrival (ns):            3.721
  Required (ns):           4.444
  Operating Conditions:    WORST

Path 22
  From: RAM_D[10]
  To:   rod_sniffer_instance/ssram_Ds[10]:D
  Delay (ns):              0.725
  Slack (ns):             -0.722
  Arrival (ns):            3.725
  Required (ns):           4.447
  Operating Conditions:    WORST

Path 23
  From: RAM_D[16]
  To:   rod_sniffer_instance/ssram_Ds[16]:D
  Delay (ns):              0.729
  Slack (ns):             -0.721
  Arrival (ns):            3.729
  Required (ns):           4.450
  Operating Conditions:    WORST

Path 24
  From: RAM_D[7]
  To:   rod_sniffer_instance/ssram_Ds[7]:D
  Delay (ns):              0.723
  Slack (ns):             -0.719
  Arrival (ns):            3.723
  Required (ns):           4.442
  Operating Conditions:    WORST

Path 25
  From: RAM_D[24]
  To:   rod_sniffer_instance/ssram_Ds[24]:D
  Delay (ns):              0.733
  Slack (ns):             -0.719
  Arrival (ns):            3.733
  Required (ns):           4.452
  Operating Conditions:    WORST

Path 26
  From: RAM_D[6]
  To:   rod_sniffer_instance/ssram_Ds[6]:D
  Delay (ns):              0.726
  Slack (ns):             -0.718
  Arrival (ns):            3.726
  Required (ns):           4.444
  Operating Conditions:    WORST

Path 27
  From: RAM_D[17]
  To:   rod_sniffer_instance/ssram_Ds[17]:D
  Delay (ns):              0.729
  Slack (ns):             -0.718
  Arrival (ns):            3.729
  Required (ns):           4.447
  Operating Conditions:    WORST

Path 28
  From: RAM_D[8]
  To:   rod_sniffer_instance/ssram_Ds[8]:D
  Delay (ns):              0.729
  Slack (ns):             -0.716
  Arrival (ns):            3.729
  Required (ns):           4.445
  Operating Conditions:    WORST

Path 29
  From: RAM_D[12]
  To:   rod_sniffer_instance/ssram_Ds[12]:D
  Delay (ns):              0.731
  Slack (ns):             -0.716
  Arrival (ns):            3.731
  Required (ns):           4.447
  Operating Conditions:    WORST

Path 30
  From: RAM_D[9]
  To:   rod_sniffer_instance/ssram_Ds[9]:D
  Delay (ns):              0.727
  Slack (ns):             -0.715
  Arrival (ns):            3.727
  Required (ns):           4.442
  Operating Conditions:    WORST

Path 31
  From: RAM_D[4]
  To:   rod_sniffer_instance/ssram_Ds[4]:D
  Delay (ns):              0.731
  Slack (ns):             -0.712
  Arrival (ns):            3.731
  Required (ns):           4.443
  Operating Conditions:    WORST

Path 32
  From: RAM_D[5]
  To:   rod_sniffer_instance/ssram_Ds[5]:D
  Delay (ns):              0.729
  Slack (ns):             -0.710
  Arrival (ns):            3.729
  Required (ns):           4.439
  Operating Conditions:    WORST

Path 33
  From: CAEN_LINK_instance/I_conet_interf/trigger_fifo_irq_instance/trigger_fifo_0/L31.U_corefifo_async/wptr_gray[0]:CLK
  To:   CAEN_LINK_instance/I_conet_interf/trigger_fifo_irq_instance/trigger_fifo_0/L31.U_corefifo_async/Wr_corefifo_NstagesSync/shift_array_0_[0]:D
  Delay (ns):              0.458
  Slack (ns):             -0.694
  Arrival (ns):            4.616
  Required (ns):           5.310
  Operating Conditions:    WORST

Path 34
  From: CAEN_LINK_instance/I_conet_interf/trigger_fifo_irq_instance/trigger_fifo_0/L31.U_corefifo_async/wptr_gray[3]:CLK
  To:   CAEN_LINK_instance/I_conet_interf/trigger_fifo_irq_instance/trigger_fifo_0/L31.U_corefifo_async/Wr_corefifo_NstagesSync/shift_array_0_[3]:D
  Delay (ns):              0.453
  Slack (ns):             -0.690
  Arrival (ns):            4.621
  Required (ns):           5.311
  Operating Conditions:    WORST

Path 35
  From: RAM_D[3]
  To:   rod_sniffer_instance/ssram_Ds[3]:D
  Delay (ns):              0.733
  Slack (ns):             -0.664
  Arrival (ns):            3.733
  Required (ns):           4.397
  Operating Conditions:    WORST

Path 36
  From: RAM_D[2]
  To:   rod_sniffer_instance/ssram_Ds[2]:D
  Delay (ns):              0.736
  Slack (ns):             -0.664
  Arrival (ns):            3.736
  Required (ns):           4.400
  Operating Conditions:    WORST

Path 37
  From: CAEN_LINK_instance/I_conet_interf/trigger_fifo_linkres_instance/trigger_fifo_0/L31.U_corefifo_async/rptr_gray[4]:CLK
  To:   CAEN_LINK_instance/I_conet_interf/trigger_fifo_linkres_instance/trigger_fifo_0/L31.U_corefifo_async/Rd_corefifo_NstagesSync/shift_array_0_[4]:D
  Delay (ns):              0.450
  Slack (ns):             -0.655
  Arrival (ns):            4.594
  Required (ns):           5.249
  Operating Conditions:    WORST

Path 38
  From: RAM_D[32]
  To:   rod_sniffer_instance/ssram_Ds[32]:D
  Delay (ns):              0.728
  Slack (ns):             -0.652
  Arrival (ns):            3.728
  Required (ns):           4.380
  Operating Conditions:    WORST

Path 39
  From: RAM_D[0]
  To:   rod_sniffer_instance/ssram_Ds[0]:D
  Delay (ns):              0.744
  Slack (ns):             -0.645
  Arrival (ns):            3.744
  Required (ns):           4.389
  Operating Conditions:    WORST

Path 40
  From: RAM_D[1]
  To:   rod_sniffer_instance/ssram_Ds[1]:D
  Delay (ns):              0.743
  Slack (ns):             -0.643
  Arrival (ns):            3.743
  Required (ns):           4.386
  Operating Conditions:    WORST

Path 41
  From: CAEN_LINK_instance/I_conet_interf/trigger_fifo_linkres_instance/trigger_fifo_0/L31.U_corefifo_async/rptr_gray[0]:CLK
  To:   CAEN_LINK_instance/I_conet_interf/trigger_fifo_linkres_instance/trigger_fifo_0/L31.U_corefifo_async/Rd_corefifo_NstagesSync/shift_array_0_[0]:D
  Delay (ns):              0.450
  Slack (ns):             -0.626
  Arrival (ns):            4.610
  Required (ns):           5.236
  Operating Conditions:    WORST

Path 42
  From: CAEN_LINK_instance/I_conet_interf/trigger_fifo_linkres_instance/trigger_fifo_0/L31.U_corefifo_async/rptr_gray[1]:CLK
  To:   CAEN_LINK_instance/I_conet_interf/trigger_fifo_linkres_instance/trigger_fifo_0/L31.U_corefifo_async/Rd_corefifo_NstagesSync/shift_array_0_[1]:D
  Delay (ns):              0.461
  Slack (ns):             -0.623
  Arrival (ns):            4.613
  Required (ns):           5.236
  Operating Conditions:    WORST

Path 43
  From: CAEN_LINK_instance/I_conet_interf/trigger_fifo_linkres_instance/trigger_fifo_0/L31.U_corefifo_async/rptr_gray[2]:CLK
  To:   CAEN_LINK_instance/I_conet_interf/trigger_fifo_linkres_instance/trigger_fifo_0/L31.U_corefifo_async/Rd_corefifo_NstagesSync/shift_array_0_[2]:D
  Delay (ns):              0.453
  Slack (ns):             -0.617
  Arrival (ns):            4.624
  Required (ns):           5.241
  Operating Conditions:    WORST

Path 44
  From: CAEN_LINK_instance/I_conet_interf/trigger_fifo_irq_instance/trigger_fifo_0/L31.U_corefifo_async/wptr_gray[2]:CLK
  To:   CAEN_LINK_instance/I_conet_interf/trigger_fifo_irq_instance/trigger_fifo_0/L31.U_corefifo_async/Wr_corefifo_NstagesSync/shift_array_0_[2]:D
  Delay (ns):              0.576
  Slack (ns):             -0.602
  Arrival (ns):            4.733
  Required (ns):           5.335
  Operating Conditions:    WORST

Path 45
  From: CAEN_LINK_instance/I_conet_interf/trigger_fifo_irq_instance/trigger_fifo_0/L31.U_corefifo_async/wptr_gray[4]:CLK
  To:   CAEN_LINK_instance/I_conet_interf/trigger_fifo_irq_instance/trigger_fifo_0/L31.U_corefifo_async/Wr_corefifo_NstagesSync/shift_array_0_[4]:D
  Delay (ns):              0.585
  Slack (ns):             -0.592
  Arrival (ns):            4.743
  Required (ns):           5.335
  Operating Conditions:    WORST

Path 46
  From: RAM_D[22]
  To:   rod_sniffer_instance/ssram_Ds[22]:D
  Delay (ns):              0.843
  Slack (ns):             -0.562
  Arrival (ns):            3.843
  Required (ns):           4.405
  Operating Conditions:    WORST

Path 47
  From: RAM_D[20]
  To:   rod_sniffer_instance/ssram_Ds[20]:D
  Delay (ns):              0.851
  Slack (ns):             -0.551
  Arrival (ns):            3.851
  Required (ns):           4.402
  Operating Conditions:    WORST

Path 48
  From: RAM_D[21]
  To:   rod_sniffer_instance/ssram_Ds[21]:D
  Delay (ns):              0.856
  Slack (ns):             -0.534
  Arrival (ns):            3.856
  Required (ns):           4.390
  Operating Conditions:    WORST

Path 49
  From: RAM_D[13]
  To:   rod_sniffer_instance/ssram_Ds[13]:D
  Delay (ns):              0.861
  Slack (ns):             -0.517
  Arrival (ns):            3.861
  Required (ns):           4.378
  Operating Conditions:    WORST

Path 50
  From: CAEN_LINK_instance/I_conet_interf/trigger_fifo_linkres_instance/trigger_fifo_0/L31.U_corefifo_async/rptr_gray[3]:CLK
  To:   CAEN_LINK_instance/I_conet_interf/trigger_fifo_linkres_instance/trigger_fifo_0/L31.U_corefifo_async/Rd_corefifo_NstagesSync/shift_array_0_[3]:D
  Delay (ns):              0.579
  Slack (ns):             -0.497
  Arrival (ns):            4.740
  Required (ns):           5.237
  Operating Conditions:    WORST

Path 51
  From: CAEN_LINK_instance/I_conet_interf/trigger_fifo_irq_instance/trigger_fifo_0/L31.U_corefifo_async/wptr_gray[1]:CLK
  To:   CAEN_LINK_instance/I_conet_interf/trigger_fifo_irq_instance/trigger_fifo_0/L31.U_corefifo_async/Wr_corefifo_NstagesSync/shift_array_0_[1]:D
  Delay (ns):              0.752
  Slack (ns):             -0.416
  Arrival (ns):            4.919
  Required (ns):           5.335
  Operating Conditions:    WORST

Path 52
  From: GBTx_interface_instance/GBTx_data_fifo_instance/GBTx_data_fifo_0/L31.U_corefifo_async/rptr_gray[6]:CLK
  To:   GBTx_interface_instance/GBTx_data_fifo_instance/GBTx_data_fifo_0/L31.U_corefifo_async/Rd_corefifo_NstagesSync/shift_array_0_[6]:D
  Delay (ns):              0.407
  Slack (ns):             -0.198
  Arrival (ns):            3.412
  Required (ns):           3.610
  Operating Conditions:  TYPICAL

Path 53
  From: CAEN_LINK_instance/I_conet_interf/pckw:CLK
  To:   CAEN_LINK_instance/I_conet_interf/inc[0]:D
  Delay (ns):              0.912
  Slack (ns):             -0.163
  Arrival (ns):            4.507
  Required (ns):           4.670
  Operating Conditions:  TYPICAL

Path 54
  From: GBTx_interface_instance/state_pattern[10]:CLK
  To:   ident_coreinst/IICE_INST/mdiclink_reg[27]:D
  Delay (ns):              0.522
  Slack (ns):             -0.126
  Arrival (ns):            3.509
  Required (ns):           3.635
  Operating Conditions:  TYPICAL

Path 55
  From: GBTx_interface_instance/GBTx_data_fifo_instance/GBTx_data_fifo_0/L31.U_corefifo_async/rptr_gray[4]:CLK
  To:   GBTx_interface_instance/GBTx_data_fifo_instance/GBTx_data_fifo_0/L31.U_corefifo_async/Rd_corefifo_NstagesSync/shift_array_0_[4]:D
  Delay (ns):              0.511
  Slack (ns):             -0.115
  Arrival (ns):            3.516
  Required (ns):           3.631
  Operating Conditions:  TYPICAL

Path 56
  From: GBTx_interface_instance/trigger_fifo_bcr_instance/trigger_fifo_0/L31.U_corefifo_async/wptr_gray[3]:CLK
  To:   GBTx_interface_instance/trigger_fifo_bcr_instance/trigger_fifo_0/L31.U_corefifo_async/Wr_corefifo_NstagesSync/shift_array_0_[3]:D
  Delay (ns):              0.511
  Slack (ns):             -0.113
  Arrival (ns):            3.519
  Required (ns):           3.632
  Operating Conditions:  TYPICAL

Path 57
  From: GBTx_interface_instance/GBTx_data_fifo_instance/GBTx_data_fifo_0/L31.U_corefifo_async/rptr_gray[5]:CLK
  To:   GBTx_interface_instance/GBTx_data_fifo_instance/GBTx_data_fifo_0/L31.U_corefifo_async/Rd_corefifo_NstagesSync/shift_array_0_[5]:D
  Delay (ns):              0.521
  Slack (ns):             -0.109
  Arrival (ns):            3.533
  Required (ns):           3.642
  Operating Conditions:  TYPICAL

Path 58
  From: GBTx_interface_instance/trigger_fifo_l1a_instance/trigger_fifo_0/L31.U_corefifo_async/wptr_gray[0]:CLK
  To:   GBTx_interface_instance/trigger_fifo_l1a_instance/trigger_fifo_0/L31.U_corefifo_async/Wr_corefifo_NstagesSync/shift_array_0_[0]:D
  Delay (ns):              0.400
  Slack (ns):             -0.088
  Arrival (ns):            2.764
  Required (ns):           2.852
  Operating Conditions:     BEST

Path 59
  From: GBTx_interface_instance/GBTx_data_fifo_instance/GBTx_data_fifo_0/L31.U_corefifo_async/rptr_gray[0]:CLK
  To:   GBTx_interface_instance/GBTx_data_fifo_instance/GBTx_data_fifo_0/L31.U_corefifo_async/Rd_corefifo_NstagesSync/shift_array_0_[0]:D
  Delay (ns):              0.396
  Slack (ns):             -0.088
  Arrival (ns):            2.760
  Required (ns):           2.848
  Operating Conditions:     BEST

Path 60
  From: GBTx_interface_instance/trigger_fifo_bcr_instance/trigger_fifo_0/L31.U_corefifo_async/wptr_gray[4]:CLK
  To:   GBTx_interface_instance/trigger_fifo_bcr_instance/trigger_fifo_0/L31.U_corefifo_async/Wr_corefifo_NstagesSync/shift_array_0_[4]:D
  Delay (ns):              0.413
  Slack (ns):             -0.084
  Arrival (ns):            2.766
  Required (ns):           2.850
  Operating Conditions:     BEST

Path 61
  From: GBTx_interface_instance/GBTx_data_fifo_instance/GBTx_data_fifo_0/L31.U_corefifo_async/rptr_gray[8]:CLK
  To:   GBTx_interface_instance/GBTx_data_fifo_instance/GBTx_data_fifo_0/L31.U_corefifo_async/Rd_corefifo_NstagesSync/shift_array_0_[8]:D
  Delay (ns):              0.411
  Slack (ns):             -0.071
  Arrival (ns):            2.769
  Required (ns):           2.840
  Operating Conditions:     BEST

Path 62
  From: GBTx_interface_instance/l1msg_instance/l1msg_0/L31.U_corefifo_async/wptr_gray[4]:CLK
  To:   GBTx_interface_instance/l1msg_instance/l1msg_0/L31.U_corefifo_async/Wr_corefifo_NstagesSync/shift_array_0_[4]:D
  Delay (ns):              0.522
  Slack (ns):             -0.003
  Arrival (ns):            2.861
  Required (ns):           2.864
  Operating Conditions:     BEST

Path 63
  From: GBTx_interface_instance/l1msg_instance/l1msg_0/L31.U_corefifo_async/wptr_gray[1]:CLK
  To:   GBTx_interface_instance/l1msg_instance/l1msg_0/L31.U_corefifo_async/Wr_corefifo_NstagesSync/shift_array_0_[1]:D
  Delay (ns):              0.519
  Slack (ns):              0.005
  Arrival (ns):            2.864
  Required (ns):           2.859
  Operating Conditions:     BEST

Path 64
  From: GBTx_interface_instance/l1msg_instance/l1msg_0/L31.U_corefifo_async/wptr_gray[6]:CLK
  To:   GBTx_interface_instance/l1msg_instance/l1msg_0/L31.U_corefifo_async/Wr_corefifo_NstagesSync/shift_array_0_[6]:D
  Delay (ns):              0.518
  Slack (ns):              0.007
  Arrival (ns):            2.871
  Required (ns):           2.864
  Operating Conditions:     BEST

Path 65
  From: GBTx_interface_instance/GBTx_data_fifo_instance/GBTx_data_fifo_0/L31.U_corefifo_async/rptr_gray[3]:CLK
  To:   GBTx_interface_instance/GBTx_data_fifo_instance/GBTx_data_fifo_0/L31.U_corefifo_async/Rd_corefifo_NstagesSync/shift_array_0_[3]:D
  Delay (ns):              0.519
  Slack (ns):              0.016
  Arrival (ns):            2.883
  Required (ns):           2.867
  Operating Conditions:     BEST

Path 66
  From: GBTx_interface_instance/trigger_fifo_l1a_instance/trigger_fifo_0/L31.U_corefifo_async/wptr_gray[1]:CLK
  To:   GBTx_interface_instance/trigger_fifo_l1a_instance/trigger_fifo_0/L31.U_corefifo_async/Wr_corefifo_NstagesSync/shift_array_0_[1]:D
  Delay (ns):              0.500
  Slack (ns):              0.019
  Arrival (ns):            2.864
  Required (ns):           2.845
  Operating Conditions:     BEST

Path 67
  From: GBTx_interface_instance/state_pattern[18]:CLK
  To:   ident_coreinst/IICE_INST/mdiclink_reg[35]:D
  Delay (ns):              0.550
  Slack (ns):              0.020
  Arrival (ns):            2.880
  Required (ns):           2.860
  Operating Conditions:     BEST

Path 68
  From: GBTx_interface_instance/l1msg_instance/l1msg_0/L31.U_corefifo_async/wptr_gray[5]:CLK
  To:   GBTx_interface_instance/l1msg_instance/l1msg_0/L31.U_corefifo_async/Wr_corefifo_NstagesSync/shift_array_0_[5]:D
  Delay (ns):              0.537
  Slack (ns):              0.021
  Arrival (ns):            2.876
  Required (ns):           2.855
  Operating Conditions:     BEST

Path 69
  From: GBTx_interface_instance/GBTx_data_fifo_instance/GBTx_data_fifo_0/L31.U_corefifo_async/rptr_gray[1]:CLK
  To:   GBTx_interface_instance/GBTx_data_fifo_instance/GBTx_data_fifo_0/L31.U_corefifo_async/Rd_corefifo_NstagesSync/shift_array_0_[1]:D
  Delay (ns):              0.509
  Slack (ns):              0.021
  Arrival (ns):            2.870
  Required (ns):           2.849
  Operating Conditions:     BEST

Path 70
  From: GBTx_interface_instance/GBTx_data_fifo_instance/GBTx_data_fifo_0/L31.U_corefifo_async/rptr_gray[2]:CLK
  To:   GBTx_interface_instance/GBTx_data_fifo_instance/GBTx_data_fifo_0/L31.U_corefifo_async/Rd_corefifo_NstagesSync/shift_array_0_[2]:D
  Delay (ns):              0.531
  Slack (ns):              0.025
  Arrival (ns):            2.874
  Required (ns):           2.849
  Operating Conditions:     BEST

Path 71
  From: GBTx_interface_instance/trigger_fifo_bcr_instance/trigger_fifo_0/L31.U_corefifo_async/wptr_gray[0]:CLK
  To:   GBTx_interface_instance/trigger_fifo_bcr_instance/trigger_fifo_0/L31.U_corefifo_async/Wr_corefifo_NstagesSync/shift_array_0_[0]:D
  Delay (ns):              0.527
  Slack (ns):              0.026
  Arrival (ns):            2.879
  Required (ns):           2.853
  Operating Conditions:     BEST

Path 72
  From: GBTx_interface_instance/trigger_fifo_l1a_instance/trigger_fifo_0/L31.U_corefifo_async/wptr_gray[2]:CLK
  To:   GBTx_interface_instance/trigger_fifo_l1a_instance/trigger_fifo_0/L31.U_corefifo_async/Wr_corefifo_NstagesSync/shift_array_0_[2]:D
  Delay (ns):              0.488
  Slack (ns):              0.037
  Arrival (ns):            2.860
  Required (ns):           2.823
  Operating Conditions:     BEST

Path 73
  From: CAEN_LINK_instance/I_EPCS_SERDES/EPCS_SERDES_IF_0/EPCS_SERDES_IF_0/SERDESIF_INST/INST_SERDESIF_IP:EPCS_RXCLK_0
  To:   CAEN_LINK_instance/I_EPCS_SERDES/epcs_rx_intf_0/rxdin_l[8]:D
  Delay (ns):              1.527
  Slack (ns):              0.038
  Arrival (ns):            1.527
  Required (ns):           1.489
  Operating Conditions:    WORST

Path 74
  From: GBTx_interface_instance/state_pattern[9]:CLK
  To:   ident_coreinst/IICE_INST/mdiclink_reg[26]:D
  Delay (ns):              0.550
  Slack (ns):              0.041
  Arrival (ns):            2.881
  Required (ns):           2.840
  Operating Conditions:     BEST

Path 75
  From: GBTx_interface_instance/GBTx_data_fifo_instance/GBTx_data_fifo_0/L31.U_corefifo_async/rptr_gray[7]:CLK
  To:   GBTx_interface_instance/GBTx_data_fifo_instance/GBTx_data_fifo_0/L31.U_corefifo_async/Rd_corefifo_NstagesSync/shift_array_0_[7]:D
  Delay (ns):              0.516
  Slack (ns):              0.041
  Arrival (ns):            2.873
  Required (ns):           2.832
  Operating Conditions:     BEST

Path 76
  From: GBTx_interface_instance/state_pattern[19]:CLK
  To:   ident_coreinst/IICE_INST/mdiclink_reg[36]:D
  Delay (ns):              0.559
  Slack (ns):              0.044
  Arrival (ns):            2.905
  Required (ns):           2.861
  Operating Conditions:     BEST

Path 77
  From: GBTx_interface_instance/l1msg_instance/l1msg_0/L31.U_corefifo_async/wptr_gray[7]:CLK
  To:   GBTx_interface_instance/l1msg_instance/l1msg_0/L31.U_corefifo_async/Wr_corefifo_NstagesSync/shift_array_0_[7]:D
  Delay (ns):              0.540
  Slack (ns):              0.044
  Arrival (ns):            2.885
  Required (ns):           2.841
  Operating Conditions:     BEST

Path 78
  From: GBTx_interface_instance/trigger_fifo_l1a_instance/trigger_fifo_0/L31.U_corefifo_async/wptr_gray[4]:CLK
  To:   GBTx_interface_instance/trigger_fifo_l1a_instance/trigger_fifo_0/L31.U_corefifo_async/Wr_corefifo_NstagesSync/shift_array_0_[4]:D
  Delay (ns):              0.531
  Slack (ns):              0.049
  Arrival (ns):            2.892
  Required (ns):           2.843
  Operating Conditions:     BEST

Path 79
  From: CAEN_LINK_instance/I_EPCS_SERDES/EPCS_SERDES_IF_0/EPCS_SERDES_IF_0/SERDESIF_INST/INST_SERDESIF_IP:EPCS_RXCLK_0
  To:   CAEN_LINK_instance/I_EPCS_SERDES/epcs_rx_intf_0/rxdin_l[7]:D
  Delay (ns):              1.543
  Slack (ns):              0.051
  Arrival (ns):            1.543
  Required (ns):           1.492
  Operating Conditions:    WORST

Path 80
  From: CAEN_LINK_instance/I_EPCS_SERDES/EPCS_SERDES_IF_0/EPCS_SERDES_IF_0/SERDESIF_INST/INST_SERDESIF_IP:EPCS_RXCLK_0
  To:   CAEN_LINK_instance/I_EPCS_SERDES/epcs_rx_intf_0/rxdin_l[0]:D
  Delay (ns):              1.544
  Slack (ns):              0.051
  Arrival (ns):            1.544
  Required (ns):           1.493
  Operating Conditions:    WORST

Path 81
  From: CAEN_LINK_instance/I_EPCS_SERDES/EPCS_SERDES_IF_0/EPCS_SERDES_IF_0/SERDESIF_INST/INST_SERDESIF_IP:EPCS_RXCLK_0
  To:   CAEN_LINK_instance/I_EPCS_SERDES/epcs_rx_intf_0/rxdin_l[5]:D
  Delay (ns):              1.540
  Slack (ns):              0.059
  Arrival (ns):            1.540
  Required (ns):           1.481
  Operating Conditions:    WORST

Path 82
  From: GBTx_interface_instance/trigger_fifo_bcr_instance/trigger_fifo_0/L31.U_corefifo_async/wptr_gray[2]:CLK
  To:   GBTx_interface_instance/trigger_fifo_bcr_instance/trigger_fifo_0/L31.U_corefifo_async/Wr_corefifo_NstagesSync/shift_array_0_[2]:D
  Delay (ns):              0.535
  Slack (ns):              0.068
  Arrival (ns):            2.888
  Required (ns):           2.820
  Operating Conditions:     BEST

Path 83
  From: GBTx_interface_instance/state_pattern[20]:CLK
  To:   ident_coreinst/IICE_INST/mdiclink_reg[37]:D
  Delay (ns):              0.643
  Slack (ns):              0.109
  Arrival (ns):            2.970
  Required (ns):           2.861
  Operating Conditions:     BEST

Path 84
  From: PXL_A[1]
  To:   CAEN_LINK_instance/I_a1500_interf/addr[1]:D
  Delay (ns):              1.466
  Slack (ns):              0.115
  Arrival (ns):            4.466
  Required (ns):           4.351
  Operating Conditions:    WORST

Path 85
  From: PXL_A[2]
  To:   CAEN_LINK_instance/I_a1500_interf/addr[2]:D
  Delay (ns):              1.466
  Slack (ns):              0.116
  Arrival (ns):            4.466
  Required (ns):           4.350
  Operating Conditions:    WORST

Path 86
  From: PXL_A[0]
  To:   CAEN_LINK_instance/I_a1500_interf/addr[0]:D
  Delay (ns):              1.456
  Slack (ns):              0.116
  Arrival (ns):            4.456
  Required (ns):           4.340
  Operating Conditions:    WORST

Path 87
  From: PXL_A[3]
  To:   CAEN_LINK_instance/I_a1500_interf/addr[3]:D
  Delay (ns):              1.484
  Slack (ns):              0.121
  Arrival (ns):            4.484
  Required (ns):           4.363
  Operating Conditions:    WORST

Path 88
  From: GBTx_interface_instance/state_pattern[6]:CLK
  To:   ident_coreinst/IICE_INST/mdiclink_reg[23]:D
  Delay (ns):              0.648
  Slack (ns):              0.122
  Arrival (ns):            2.970
  Required (ns):           2.848
  Operating Conditions:     BEST

Path 89
  From: PXL_A[6]
  To:   CAEN_LINK_instance/I_a1500_interf/addr[6]:D
  Delay (ns):              1.491
  Slack (ns):              0.127
  Arrival (ns):            4.491
  Required (ns):           4.364
  Operating Conditions:    WORST

Path 90
  From: PXL_A[4]
  To:   CAEN_LINK_instance/I_a1500_interf/addr[4]:D
  Delay (ns):              1.489
  Slack (ns):              0.127
  Arrival (ns):            4.489
  Required (ns):           4.362
  Operating Conditions:    WORST

Path 91
  From: GBTx_interface_instance/state_pattern[15]:CLK
  To:   ident_coreinst/IICE_INST/mdiclink_reg[32]:D
  Delay (ns):              0.636
  Slack (ns):              0.131
  Arrival (ns):            2.972
  Required (ns):           2.841
  Operating Conditions:     BEST

Path 92
  From: GBTx_interface_instance/state_pattern[8]:CLK
  To:   ident_coreinst/IICE_INST/mdiclink_reg[25]:D
  Delay (ns):              0.641
  Slack (ns):              0.145
  Arrival (ns):            2.991
  Required (ns):           2.846
  Operating Conditions:     BEST

Path 93
  From: GBTx_interface_instance/trigger_fifo_l1a_instance/trigger_fifo_0/L31.U_corefifo_async/wptr_gray[3]:CLK
  To:   GBTx_interface_instance/trigger_fifo_l1a_instance/trigger_fifo_0/L31.U_corefifo_async/Wr_corefifo_NstagesSync/shift_array_0_[3]:D
  Delay (ns):              0.630
  Slack (ns):              0.146
  Arrival (ns):            2.998
  Required (ns):           2.852
  Operating Conditions:     BEST

Path 94
  From: GBTx_interface_instance/state_pattern[1]:CLK
  To:   ident_coreinst/IICE_INST/mdiclink_reg[18]:D
  Delay (ns):              0.670
  Slack (ns):              0.154
  Arrival (ns):            2.998
  Required (ns):           2.844
  Operating Conditions:     BEST

Path 95
  From: PXL_A[5]
  To:   CAEN_LINK_instance/I_a1500_interf/addr[5]:D
  Delay (ns):              1.504
  Slack (ns):              0.156
  Arrival (ns):            4.504
  Required (ns):           4.348
  Operating Conditions:    WORST

Path 96
  From: GBTx_interface_instance/trigger_fifo_bcr_instance/trigger_fifo_0/L31.U_corefifo_async/wptr_gray[1]:CLK
  To:   GBTx_interface_instance/trigger_fifo_bcr_instance/trigger_fifo_0/L31.U_corefifo_async/Wr_corefifo_NstagesSync/shift_array_0_[1]:D
  Delay (ns):              0.639
  Slack (ns):              0.159
  Arrival (ns):            2.985
  Required (ns):           2.826
  Operating Conditions:     BEST

Path 97
  From: GBTx_interface_instance/state_pattern[21]:CLK
  To:   ident_coreinst/IICE_INST/mdiclink_reg[38]:D
  Delay (ns):              0.690
  Slack (ns):              0.162
  Arrival (ns):            3.023
  Required (ns):           2.861
  Operating Conditions:     BEST

Path 98
  From: GBTx_interface_instance/GBTx_data_fifo_instance/GBTx_data_fifo_0/L31.U_corefifo_async/rptr_gray[9]:CLK
  To:   GBTx_interface_instance/GBTx_data_fifo_instance/GBTx_data_fifo_0/L31.U_corefifo_async/Rd_corefifo_NstagesSync/shift_array_0_[9]:D
  Delay (ns):              0.653
  Slack (ns):              0.166
  Arrival (ns):            3.016
  Required (ns):           2.850
  Operating Conditions:     BEST

Path 99
  From: GBTx_interface_instance/state_pattern[3]:CLK
  To:   ident_coreinst/IICE_INST/mdiclink_reg[20]:D
  Delay (ns):              0.652
  Slack (ns):              0.175
  Arrival (ns):            3.015
  Required (ns):           2.840
  Operating Conditions:     BEST

Path 100
  From: GBTx_interface_instance/l1msg_instance/l1msg_0/L31.U_corefifo_async/wptr_gray[2]:CLK
  To:   GBTx_interface_instance/l1msg_instance/l1msg_0/L31.U_corefifo_async/Wr_corefifo_NstagesSync/shift_array_0_[2]:D
  Delay (ns):              0.676
  Slack (ns):              0.178
  Arrival (ns):            3.029
  Required (ns):           2.851
  Operating Conditions:     BEST

