Timing Violation Report Min Delay Analysis

SmartTime Version v2021.2
Microsemi Corporation - Microsemi Libero Software Release v2021.2 (Version 2021.2.0.11)
Date: Fri Jan 21 19:37:18 2022


Design: DRM2_top
Family: IGLOO2
Die: M2GL090T
Package: 676 FBGA
Temperature Range: 0 - 85 C
Voltage Range: 1.14 - 1.26 V
Speed Grade: -1
Design State: Post-Layout
Data source: Production
Multi Corner Report Operating Conditions: BEST, TYPICAL, WORST


Path 1
  From: CAEN_LINK_instance/I_EPCS_SERDES/epcs_rx_intf_0/rxdin_l2[6]:CLK
  To:   CAEN_LINK_instance/I_EPCS_SERDES/epcs_rx_intf_0/rxdout[6]:D
  Delay (ns):              0.453
  Slack (ns):             -4.837
  Arrival (ns):            0.453
  Required (ns):           5.290
  Operating Conditions:    WORST

Path 2
  From: CAEN_LINK_instance/I_EPCS_SERDES/epcs_rx_intf_0/rxdin_l2[4]:CLK
  To:   CAEN_LINK_instance/I_EPCS_SERDES/epcs_rx_intf_0/rxdout[4]:D
  Delay (ns):              0.461
  Slack (ns):             -4.829
  Arrival (ns):            0.461
  Required (ns):           5.290
  Operating Conditions:    WORST

Path 3
  From: CAEN_LINK_instance/I_EPCS_SERDES/epcs_rx_intf_0/rxdin_l2[7]:CLK
  To:   CAEN_LINK_instance/I_EPCS_SERDES/epcs_rx_intf_0/rxdout[7]:D
  Delay (ns):              0.463
  Slack (ns):             -4.824
  Arrival (ns):            0.463
  Required (ns):           5.287
  Operating Conditions:    WORST

Path 4
  From: CAEN_LINK_instance/I_EPCS_SERDES/epcs_rx_intf_0/rxdin_l2[0]:CLK
  To:   CAEN_LINK_instance/I_EPCS_SERDES/epcs_rx_intf_0/rxdout[0]:D
  Delay (ns):              0.458
  Slack (ns):             -4.821
  Arrival (ns):            0.458
  Required (ns):           5.279
  Operating Conditions:    WORST

Path 5
  From: CAEN_LINK_instance/I_EPCS_SERDES/epcs_rx_intf_0/rxdin_l2[8]:CLK
  To:   CAEN_LINK_instance/I_EPCS_SERDES/epcs_rx_intf_0/rxdout[8]:D
  Delay (ns):              0.461
  Slack (ns):             -4.816
  Arrival (ns):            0.461
  Required (ns):           5.277
  Operating Conditions:    WORST

Path 6
  From: CAEN_LINK_instance/I_CorePCS/Core_PCS_0/GEN_DEC_WA_10.DEC_10/FSM_COMMA_DETECT:CLK
  To:   CAEN_LINK_instance/I_CorePCS/Core_PCS_0/GEN_DEC_WA_10.DEC_10/USYNC/COMMA_FOUND:D
  Delay (ns):              0.461
  Slack (ns):             -4.815
  Arrival (ns):            0.461
  Required (ns):           5.276
  Operating Conditions:    WORST

Path 7
  From: CAEN_LINK_instance/I_conet_interf/bh[4]:CLK
  To:   CAEN_LINK_instance/I_conet_interf/rl_dti[12]:D
  Delay (ns):              0.460
  Slack (ns):             -4.808
  Arrival (ns):            0.460
  Required (ns):           5.268
  Operating Conditions:    WORST

Path 8
  From: CAEN_LINK_instance/I_conet_interf/bh[6]:CLK
  To:   CAEN_LINK_instance/I_conet_interf/rl_dti[14]:D
  Delay (ns):              0.461
  Slack (ns):             -4.807
  Arrival (ns):            0.461
  Required (ns):           5.268
  Operating Conditions:    WORST

Path 9
  From: CAEN_LINK_instance/I_EPCS_SERDES/epcs_rx_intf_0/rxdin_l2[2]:CLK
  To:   CAEN_LINK_instance/I_EPCS_SERDES/epcs_rx_intf_0/rxdout[2]:D
  Delay (ns):              0.464
  Slack (ns):             -4.806
  Arrival (ns):            0.464
  Required (ns):           5.270
  Operating Conditions:    WORST

Path 10
  From: CAEN_LINK_instance/I_CorePCS/Core_PCS_0/GEN_DEC_WA_10.WORD_ALIGNER_10_0/WA_DATA[3]:CLK
  To:   CAEN_LINK_instance/I_CorePCS/Core_PCS_0/GEN_DEC_WA_10.DEC_10/UB_ABCDEI_FGHJ[6]:D
  Delay (ns):              0.453
  Slack (ns):             -4.803
  Arrival (ns):            0.453
  Required (ns):           5.256
  Operating Conditions:    WORST

Path 11
  From: CAEN_LINK_instance/I_CorePCS/Core_PCS_0/GEN_DEC_WA_10.DEC_10/UB_ABCDEI_FGHJ[4]:CLK
  To:   CAEN_LINK_instance/I_CorePCS/Core_PCS_0/GEN_DEC_WA_10.DEC_10/UB/ABCDEI_FGHJ_IR[4]:D
  Delay (ns):              0.453
  Slack (ns):             -4.791
  Arrival (ns):            0.453
  Required (ns):           5.244
  Operating Conditions:    WORST

Path 12
  From: CAEN_LINK_instance/I_CorePCS/Core_PCS_0/GEN_DEC_WA_10.WORD_ALIGNER_10_0/buf_data[0]:CLK
  To:   CAEN_LINK_instance/I_CorePCS/Core_PCS_0/GEN_DEC_WA_10.WORD_ALIGNER_10_0/buf_data[10]:D
  Delay (ns):              0.502
  Slack (ns):             -4.775
  Arrival (ns):            0.502
  Required (ns):           5.277
  Operating Conditions:    WORST

Path 13
  From: CAEN_LINK_instance/I_CorePCS/Core_PCS_0/GEN_DEC_WA_10.DEC_10/USYNC/SYNC_STATE[2]:CLK
  To:   CAEN_LINK_instance/I_CorePCS/Core_PCS_0/GEN_DEC_WA_10.DEC_10/USYNC/SYNC_STATE[1]:D
  Delay (ns):              0.495
  Slack (ns):             -4.772
  Arrival (ns):            0.495
  Required (ns):           5.267
  Operating Conditions:    WORST

Path 14
  From: CAEN_LINK_instance/I_CorePCS/Core_PCS_0/GEN_DEC_WA_10.DEC_10/UB_ABCDEI_FGHJ[1]:CLK
  To:   CAEN_LINK_instance/I_CorePCS/Core_PCS_0/GEN_DEC_WA_10.DEC_10/UB/ABCDEI_FGHJ_IR[1]:D
  Delay (ns):              0.467
  Slack (ns):             -4.767
  Arrival (ns):            0.467
  Required (ns):           5.234
  Operating Conditions:    WORST

Path 15
  From: CAEN_LINK_instance/I_conet_interf/fsm_res[1]:CLK
  To:   CAEN_LINK_instance/I_conet_interf/fsm_res[1]:D
  Delay (ns):              0.478
  Slack (ns):             -4.766
  Arrival (ns):            0.478
  Required (ns):           5.244
  Operating Conditions:    WORST

Path 16
  From: CAEN_LINK_instance/I_CorePCS/Core_PCS_0/GEN_DEC_WA_10.DEC_10/USYNC/SYNC_STATE[4]:CLK
  To:   CAEN_LINK_instance/I_CorePCS/Core_PCS_0/GEN_DEC_WA_10.DEC_10/USYNC/SYNC_STATE[4]:D
  Delay (ns):              0.498
  Slack (ns):             -4.753
  Arrival (ns):            0.498
  Required (ns):           5.251
  Operating Conditions:    WORST

Path 17
  From: CAEN_LINK_instance/I_conet_interf/fsm_res[0]:CLK
  To:   CAEN_LINK_instance/I_conet_interf/fsm_res[0]:D
  Delay (ns):              0.497
  Slack (ns):             -4.747
  Arrival (ns):            0.497
  Required (ns):           5.244
  Operating Conditions:    WORST

Path 18
  From: CAEN_LINK_instance/I_CorePCS/Core_PCS_0/GEN_DEC_WA_10.WORD_ALIGNER_10_0/wait_cnt[3]:CLK
  To:   CAEN_LINK_instance/I_CorePCS/Core_PCS_0/GEN_DEC_WA_10.WORD_ALIGNER_10_0/wait_cnt[3]:D
  Delay (ns):              0.494
  Slack (ns):             -4.747
  Arrival (ns):            0.494
  Required (ns):           5.241
  Operating Conditions:    WORST

Path 19
  From: CAEN_LINK_instance/I_CorePCS/Core_PCS_0/GEN_DEC_WA_10.DEC_10/USYNC/ERROR_CNT[3]:CLK
  To:   CAEN_LINK_instance/I_CorePCS/Core_PCS_0/GEN_DEC_WA_10.DEC_10/USYNC/ERROR_CNT[3]:D
  Delay (ns):              0.497
  Slack (ns):             -4.746
  Arrival (ns):            0.497
  Required (ns):           5.243
  Operating Conditions:    WORST

Path 20
  From: CAEN_LINK_instance/I_conet_interf/fsm_res[1]:CLK
  To:   CAEN_LINK_instance/I_conet_interf/linkres_i_n:D
  Delay (ns):              0.523
  Slack (ns):             -4.737
  Arrival (ns):            0.523
  Required (ns):           5.260
  Operating Conditions:    WORST

Path 21
  From: CAEN_LINK_instance/I_CorePCS/Core_PCS_0/GEN_DEC_WA_10.DEC_10/USYNC/ERROR_CNT[1]:CLK
  To:   CAEN_LINK_instance/I_CorePCS/Core_PCS_0/GEN_DEC_WA_10.DEC_10/USYNC/ERROR_CNT[1]:D
  Delay (ns):              0.497
  Slack (ns):             -4.736
  Arrival (ns):            0.497
  Required (ns):           5.233
  Operating Conditions:    WORST

Path 22
  From: CAEN_LINK_instance/I_conet_interf/trigger_fifo_linkres_instance/trigger_fifo_0/L31.U_corefifo_async/Rd_corefifo_NstagesSync/shift_array_1_[4]:CLK
  To:   CAEN_LINK_instance/I_conet_interf/trigger_fifo_linkres_instance/trigger_fifo_0/L31.U_corefifo_async/rptr_bin_sync2[4]:D
  Delay (ns):              0.518
  Slack (ns):             -4.733
  Arrival (ns):            0.518
  Required (ns):           5.251
  Operating Conditions:    WORST

Path 23
  From: CAEN_LINK_instance/I_conet_interf/fsm_rx[0]:CLK
  To:   CAEN_LINK_instance/I_conet_interf/endpck:D
  Delay (ns):              0.541
  Slack (ns):             -4.721
  Arrival (ns):            0.541
  Required (ns):           5.262
  Operating Conditions:    WORST

Path 24
  From: CAEN_LINK_instance/I_conet_interf/trigger_fifo_linkres_instance/trigger_fifo_0/L31.U_corefifo_async/wptr[4]:CLK
  To:   CAEN_LINK_instance/I_conet_interf/trigger_fifo_linkres_instance/trigger_fifo_0/L31.U_corefifo_async/wptr[4]:D
  Delay (ns):              0.529
  Slack (ns):             -4.716
  Arrival (ns):            0.529
  Required (ns):           5.245
  Operating Conditions:    WORST

Path 25
  From: CAEN_LINK_instance/I_conet_interf/trigger_fifo_linkres_instance/trigger_fifo_0/L31.U_corefifo_async/memwaddr_r[3]:CLK
  To:   CAEN_LINK_instance/I_conet_interf/trigger_fifo_linkres_instance/trigger_fifo_0/L31.U_corefifo_async/memwaddr_r[3]:D
  Delay (ns):              0.530
  Slack (ns):             -4.709
  Arrival (ns):            0.530
  Required (ns):           5.239
  Operating Conditions:    WORST

Path 26
  From: CAEN_LINK_instance/I_CorePCS/Core_PCS_0/GEN_DEC_WA_10.WORD_ALIGNER_10_0/comma_n_low[4]:CLK
  To:   CAEN_LINK_instance/I_CorePCS/Core_PCS_0/GEN_DEC_WA_10.WORD_ALIGNER_10_0/comma_all_buf[4]:D
  Delay (ns):              0.551
  Slack (ns):             -4.709
  Arrival (ns):            0.551
  Required (ns):           5.260
  Operating Conditions:    WORST

Path 27
  From: CAEN_LINK_instance/I_EPCS_SERDES/epcs_rx_intf_0/rxdin_l2[1]:CLK
  To:   CAEN_LINK_instance/I_EPCS_SERDES/epcs_rx_intf_0/rxdout[1]:D
  Delay (ns):              0.571
  Slack (ns):             -4.708
  Arrival (ns):            0.571
  Required (ns):           5.279
  Operating Conditions:    WORST

Path 28
  From: CAEN_LINK_instance/I_EPCS_SERDES/epcs_rx_intf_0/rxdin_l2[5]:CLK
  To:   CAEN_LINK_instance/I_EPCS_SERDES/epcs_rx_intf_0/rxdout[5]:D
  Delay (ns):              0.581
  Slack (ns):             -4.706
  Arrival (ns):            0.581
  Required (ns):           5.287
  Operating Conditions:    WORST

Path 29
  From: CAEN_LINK_instance/I_conet_interf/fsm_rx[0]:CLK
  To:   CAEN_LINK_instance/I_conet_interf/fsm_rx[0]:D
  Delay (ns):              0.543
  Slack (ns):             -4.703
  Arrival (ns):            0.543
  Required (ns):           5.246
  Operating Conditions:    WORST

Path 30
  From: CAEN_LINK_instance/I_conet_interf/bh[2]:CLK
  To:   CAEN_LINK_instance/I_conet_interf/rl_dti[10]:D
  Delay (ns):              0.578
  Slack (ns):             -4.696
  Arrival (ns):            0.578
  Required (ns):           5.274
  Operating Conditions:    WORST

Path 31
  From: CAEN_LINK_instance/I_conet_interf/bl[4]:CLK
  To:   CAEN_LINK_instance/I_conet_interf/rl_dti[4]:D
  Delay (ns):              0.574
  Slack (ns):             -4.695
  Arrival (ns):            0.574
  Required (ns):           5.269
  Operating Conditions:    WORST

Path 32
  From: CAEN_LINK_instance/I_conet_interf/trigger_fifo_linkres_instance/trigger_fifo_0/L31.U_corefifo_async/wptr[4]:CLK
  To:   CAEN_LINK_instance/I_conet_interf/trigger_fifo_linkres_instance/trigger_fifo_0/L31.U_corefifo_async/wptr_gray[3]:D
  Delay (ns):              0.555
  Slack (ns):             -4.694
  Arrival (ns):            0.555
  Required (ns):           5.249
  Operating Conditions:    WORST

Path 33
  From: CAEN_LINK_instance/I_conet_interf/bh[1]:CLK
  To:   CAEN_LINK_instance/I_conet_interf/rl_dti[9]:D
  Delay (ns):              0.582
  Slack (ns):             -4.692
  Arrival (ns):            0.582
  Required (ns):           5.274
  Operating Conditions:    WORST

Path 34
  From: CAEN_LINK_instance/I_conet_interf/trigger_fifo_linkres_instance/trigger_fifo_0/L31.U_corefifo_async/Rd_corefifo_NstagesSync/shift_array_0_[0]:CLK
  To:   CAEN_LINK_instance/I_conet_interf/trigger_fifo_linkres_instance/trigger_fifo_0/L31.U_corefifo_async/Rd_corefifo_NstagesSync/shift_array_1_[0]:D
  Delay (ns):              0.582
  Slack (ns):             -4.686
  Arrival (ns):            0.582
  Required (ns):           5.268
  Operating Conditions:    WORST

Path 35
  From: CAEN_LINK_instance/I_CorePCS/Core_PCS_0/GEN_DEC_WA_10.WORD_ALIGNER_10_0/WA_FSM_STATE[1]:CLK
  To:   CAEN_LINK_instance/I_CorePCS/Core_PCS_0/GEN_DEC_WA_10.WORD_ALIGNER_10_0/ALIGNED_int:D
  Delay (ns):              0.566
  Slack (ns):             -4.686
  Arrival (ns):            0.566
  Required (ns):           5.252
  Operating Conditions:    WORST

Path 36
  From: CAEN_LINK_instance/I_EPCS_SERDES/epcs_rx_intf_0/rxdout[9]:CLK
  To:   CAEN_LINK_instance/I_CorePCS/Core_PCS_0/GEN_DEC_WA_10.WORD_ALIGNER_10_0/buf_data[0]:D
  Delay (ns):              0.592
  Slack (ns):             -4.685
  Arrival (ns):            0.592
  Required (ns):           5.277
  Operating Conditions:    WORST

Path 37
  From: CAEN_LINK_instance/I_CorePCS/Core_PCS_0/GEN_DEC_WA_10.DEC_10/UB_ABCDEI_FGHJ[7]:CLK
  To:   CAEN_LINK_instance/I_CorePCS/Core_PCS_0/GEN_DEC_WA_10.DEC_10/UB/ABCDEI_FGHJ_IR[7]:D
  Delay (ns):              0.585
  Slack (ns):             -4.685
  Arrival (ns):            0.585
  Required (ns):           5.270
  Operating Conditions:    WORST

Path 38
  From: CAEN_LINK_instance/I_conet_interf/bl[3]:CLK
  To:   CAEN_LINK_instance/I_conet_interf/rl_dti[3]:D
  Delay (ns):              0.584
  Slack (ns):             -4.684
  Arrival (ns):            0.584
  Required (ns):           5.268
  Operating Conditions:    WORST

Path 39
  From: CAEN_LINK_instance/I_conet_interf/trigger_fifo_linkres_instance/trigger_fifo_0/L31.U_corefifo_async/memwaddr_r[0]:CLK
  To:   CAEN_LINK_instance/I_conet_interf/trigger_fifo_linkres_instance/trigger_fifo_0/L31.U_corefifo_async/memwaddr_r[0]:D
  Delay (ns):              0.556
  Slack (ns):             -4.683
  Arrival (ns):            0.556
  Required (ns):           5.239
  Operating Conditions:    WORST

Path 40
  From: CAEN_LINK_instance/I_conet_interf/trigger_fifo_linkres_instance/trigger_fifo_0/L31.U_corefifo_async/Rd_corefifo_NstagesSync/shift_array_0_[4]:CLK
  To:   CAEN_LINK_instance/I_conet_interf/trigger_fifo_linkres_instance/trigger_fifo_0/L31.U_corefifo_async/Rd_corefifo_NstagesSync/shift_array_1_[4]:D
  Delay (ns):              0.577
  Slack (ns):             -4.683
  Arrival (ns):            0.577
  Required (ns):           5.260
  Operating Conditions:    WORST

Path 41
  From: CAEN_LINK_instance/I_CorePCS/Core_PCS_0/GEN_DEC_WA_10.DEC_10/UB_ABCDEI_FGHJ[8]:CLK
  To:   CAEN_LINK_instance/I_CorePCS/Core_PCS_0/GEN_DEC_WA_10.DEC_10/UB/ABCDEI_FGHJ_IR[8]:D
  Delay (ns):              0.571
  Slack (ns):             -4.680
  Arrival (ns):            0.571
  Required (ns):           5.251
  Operating Conditions:    WORST

Path 42
  From: CAEN_LINK_instance/I_conet_interf/bl[1]:CLK
  To:   CAEN_LINK_instance/I_conet_interf/rl_dti[1]:D
  Delay (ns):              0.595
  Slack (ns):             -4.678
  Arrival (ns):            0.595
  Required (ns):           5.273
  Operating Conditions:    WORST

Path 43
  From: CAEN_LINK_instance/I_conet_interf/bl[0]:CLK
  To:   CAEN_LINK_instance/I_conet_interf/rl_dti[0]:D
  Delay (ns):              0.583
  Slack (ns):             -4.678
  Arrival (ns):            0.583
  Required (ns):           5.261
  Operating Conditions:    WORST

Path 44
  From: CAEN_LINK_instance/I_CorePCS/Core_PCS_0/GEN_DEC_WA_10.DEC_10/USYNC/COMMA_FOUND:CLK
  To:   CAEN_LINK_instance/I_CorePCS/Core_PCS_0/GEN_DEC_WA_10.DEC_10/USYNC/SYNC_STATE[3]:D
  Delay (ns):              0.588
  Slack (ns):             -4.678
  Arrival (ns):            0.588
  Required (ns):           5.266
  Operating Conditions:    WORST

Path 45
  From: CAEN_LINK_instance/I_CorePCS/Core_PCS_0/GEN_DEC_WA_10.WORD_ALIGNER_10_0/WA_DATA[0]:CLK
  To:   CAEN_LINK_instance/I_CorePCS/Core_PCS_0/GEN_DEC_WA_10.DEC_10/UB_ABCDEI_FGHJ[9]:D
  Delay (ns):              0.582
  Slack (ns):             -4.676
  Arrival (ns):            0.582
  Required (ns):           5.258
  Operating Conditions:    WORST

Path 46
  From: CAEN_LINK_instance/I_conet_interf/trigger_fifo_linkres_instance/trigger_fifo_0/L31.U_corefifo_async/wptr[1]:CLK
  To:   CAEN_LINK_instance/I_conet_interf/trigger_fifo_linkres_instance/trigger_fifo_0/L31.U_corefifo_async/wptr_gray[1]:D
  Delay (ns):              0.587
  Slack (ns):             -4.674
  Arrival (ns):            0.587
  Required (ns):           5.261
  Operating Conditions:    WORST

Path 47
  From: CAEN_LINK_instance/I_conet_interf/bl[6]:CLK
  To:   CAEN_LINK_instance/I_conet_interf/rl_dti[6]:D
  Delay (ns):              0.575
  Slack (ns):             -4.674
  Arrival (ns):            0.575
  Required (ns):           5.249
  Operating Conditions:    WORST

Path 48
  From: CAEN_LINK_instance/I_CorePCS/Core_PCS_0/GEN_DEC_WA_10.DEC_10/USYNC/COMMA_FOUND:CLK
  To:   CAEN_LINK_instance/I_CorePCS/Core_PCS_0/GEN_DEC_WA_10.DEC_10/USYNC/SYNC_STATE[2]:D
  Delay (ns):              0.594
  Slack (ns):             -4.672
  Arrival (ns):            0.594
  Required (ns):           5.266
  Operating Conditions:    WORST

Path 49
  From: CAEN_LINK_instance/I_CorePCS/Core_PCS_0/GEN_DEC_WA_10.WORD_ALIGNER_10_0/buf_data[1]:CLK
  To:   CAEN_LINK_instance/I_CorePCS/Core_PCS_0/GEN_DEC_WA_10.WORD_ALIGNER_10_0/buf_data[11]:D
  Delay (ns):              0.611
  Slack (ns):             -4.670
  Arrival (ns):            0.611
  Required (ns):           5.281
  Operating Conditions:    WORST

Path 50
  From: CAEN_LINK_instance/I_conet_interf/bh[7]:CLK
  To:   CAEN_LINK_instance/I_conet_interf/rl_dti[15]:D
  Delay (ns):              0.571
  Slack (ns):             -4.669
  Arrival (ns):            0.571
  Required (ns):           5.240
  Operating Conditions:    WORST

Path 51
  From: CAEN_LINK_instance/I_conet_interf/trigger_fifo_linkres_instance/trigger_fifo_0/L31.U_corefifo_async/Rd_corefifo_NstagesSync/shift_array_0_[2]:CLK
  To:   CAEN_LINK_instance/I_conet_interf/trigger_fifo_linkres_instance/trigger_fifo_0/L31.U_corefifo_async/Rd_corefifo_NstagesSync/shift_array_1_[2]:D
  Delay (ns):              0.594
  Slack (ns):             -4.665
  Arrival (ns):            0.594
  Required (ns):           5.259
  Operating Conditions:    WORST

Path 52
  From: CAEN_LINK_instance/I_conet_interf/bl[7]:CLK
  To:   CAEN_LINK_instance/I_conet_interf/rl_dti[7]:D
  Delay (ns):              0.575
  Slack (ns):             -4.664
  Arrival (ns):            0.575
  Required (ns):           5.239
  Operating Conditions:    WORST

Path 53
  From: CAEN_LINK_instance/I_CorePCS/Core_PCS_0/GEN_DEC_WA_10.WORD_ALIGNER_10_0/buf_data[8]:CLK
  To:   CAEN_LINK_instance/I_CorePCS/Core_PCS_0/GEN_DEC_WA_10.WORD_ALIGNER_10_0/comma_n_low[1]:D
  Delay (ns):              0.613
  Slack (ns):             -4.664
  Arrival (ns):            0.613
  Required (ns):           5.277
  Operating Conditions:    WORST

Path 54
  From: CAEN_LINK_instance/I_CorePCS/Core_PCS_0/GEN_DEC_WA_10.DEC_10/RX_WORD[1]:CLK
  To:   CAEN_LINK_instance/I_conet_interf/bl[1]:D
  Delay (ns):              0.603
  Slack (ns):             -4.662
  Arrival (ns):            0.603
  Required (ns):           5.265
  Operating Conditions:    WORST

Path 55
  From: CAEN_LINK_instance/I_CorePCS/Core_PCS_0/GEN_DEC_WA_10.DEC_10/RX_WORD[1]:CLK
  To:   CAEN_LINK_instance/I_conet_interf/bh[1]:D
  Delay (ns):              0.603
  Slack (ns):             -4.659
  Arrival (ns):            0.603
  Required (ns):           5.262
  Operating Conditions:    WORST

Path 56
  From: CAEN_LINK_instance/I_CorePCS/Core_PCS_0/GEN_DEC_WA_10.DEC_10/UB/ND4BU:CLK
  To:   CAEN_LINK_instance/I_CorePCS/Core_PCS_0/GEN_DEC_WA_10.DEC_10/URD/RD:D
  Delay (ns):              0.611
  Slack (ns):             -4.650
  Arrival (ns):            0.611
  Required (ns):           5.261
  Operating Conditions:    WORST

Path 57
  From: CAEN_LINK_instance/I_conet_interf/trigger_fifo_linkres_instance/trigger_fifo_0/L31.U_corefifo_async/memwaddr_r[1]:CLK
  To:   CAEN_LINK_instance/I_conet_interf/trigger_fifo_linkres_instance/trigger_fifo_0/RW1.UI_ram_wrapper_1/U2_asyncnonpipe/trigger_fifo_trigger_fifo_0_USRAM_top_R0C0/INST_RAM64x18_IP:C_ADDR[1]
  Delay (ns):              0.981
  Slack (ns):             -4.648
  Arrival (ns):            0.981
  Required (ns):           5.629
  Operating Conditions:    WORST

Path 58
  From: CAEN_LINK_instance/I_conet_interf/trigger_fifo_linkres_instance/trigger_fifo_0/L31.U_corefifo_async/memwaddr_r[2]:CLK
  To:   CAEN_LINK_instance/I_conet_interf/trigger_fifo_linkres_instance/trigger_fifo_0/L31.U_corefifo_async/memwaddr_r[3]:D
  Delay (ns):              0.614
  Slack (ns):             -4.640
  Arrival (ns):            0.614
  Required (ns):           5.254
  Operating Conditions:    WORST

Path 59
  From: CAEN_LINK_instance/I_conet_interf/trigger_fifo_linkres_instance/trigger_fifo_0/L31.U_corefifo_async/wptr[2]:CLK
  To:   CAEN_LINK_instance/I_conet_interf/trigger_fifo_linkres_instance/trigger_fifo_0/L31.U_corefifo_async/wptr_gray[2]:D
  Delay (ns):              0.627
  Slack (ns):             -4.634
  Arrival (ns):            0.627
  Required (ns):           5.261
  Operating Conditions:    WORST

Path 60
  From: CAEN_LINK_instance/I_CorePCS/Core_PCS_0/GEN_DEC_WA_10.WORD_ALIGNER_10_0/Count5[9]:CLK
  To:   CAEN_LINK_instance/I_CorePCS/Core_PCS_0/GEN_DEC_WA_10.WORD_ALIGNER_10_0/Count5[9]:D
  Delay (ns):              0.642
  Slack (ns):             -4.634
  Arrival (ns):            0.642
  Required (ns):           5.276
  Operating Conditions:    WORST

Path 61
  From: CAEN_LINK_instance/I_CorePCS/Core_PCS_0/GEN_DEC_WA_10.WORD_ALIGNER_10_0/Count5[3]:CLK
  To:   CAEN_LINK_instance/I_CorePCS/Core_PCS_0/GEN_DEC_WA_10.WORD_ALIGNER_10_0/Count5[3]:D
  Delay (ns):              0.642
  Slack (ns):             -4.633
  Arrival (ns):            0.642
  Required (ns):           5.275
  Operating Conditions:    WORST

Path 62
  From: CAEN_LINK_instance/I_CorePCS/Core_PCS_0/GEN_DEC_WA_10.WORD_ALIGNER_10_0/Count5[11]:CLK
  To:   CAEN_LINK_instance/I_CorePCS/Core_PCS_0/GEN_DEC_WA_10.WORD_ALIGNER_10_0/Count5[11]:D
  Delay (ns):              0.643
  Slack (ns):             -4.633
  Arrival (ns):            0.643
  Required (ns):           5.276
  Operating Conditions:    WORST

Path 63
  From: CAEN_LINK_instance/I_CorePCS/Core_PCS_0/GEN_DEC_WA_10.WORD_ALIGNER_10_0/buf_data[10]:CLK
  To:   CAEN_LINK_instance/I_CorePCS/Core_PCS_0/GEN_DEC_WA_10.WORD_ALIGNER_10_0/comma_n_low[2]:D
  Delay (ns):              0.634
  Slack (ns):             -4.632
  Arrival (ns):            0.634
  Required (ns):           5.266
  Operating Conditions:    WORST

Path 64
  From: CAEN_LINK_instance/I_CorePCS/Core_PCS_0/GEN_DEC_WA_10.WORD_ALIGNER_10_0/Count0[8]:CLK
  To:   CAEN_LINK_instance/I_CorePCS/Core_PCS_0/GEN_DEC_WA_10.WORD_ALIGNER_10_0/Count0[8]:D
  Delay (ns):              0.643
  Slack (ns):             -4.631
  Arrival (ns):            0.643
  Required (ns):           5.274
  Operating Conditions:    WORST

Path 65
  From: CAEN_LINK_instance/I_CorePCS/Core_PCS_0/GEN_DEC_WA_10.WORD_ALIGNER_10_0/Count0[6]:CLK
  To:   CAEN_LINK_instance/I_CorePCS/Core_PCS_0/GEN_DEC_WA_10.WORD_ALIGNER_10_0/Count0[6]:D
  Delay (ns):              0.643
  Slack (ns):             -4.631
  Arrival (ns):            0.643
  Required (ns):           5.274
  Operating Conditions:    WORST

Path 66
  From: CAEN_LINK_instance/I_CorePCS/Core_PCS_0/GEN_DEC_WA_10.WORD_ALIGNER_10_0/Count0[0]:CLK
  To:   CAEN_LINK_instance/I_CorePCS/Core_PCS_0/GEN_DEC_WA_10.WORD_ALIGNER_10_0/Count0[0]:D
  Delay (ns):              0.642
  Slack (ns):             -4.631
  Arrival (ns):            0.642
  Required (ns):           5.273
  Operating Conditions:    WORST

Path 67
  From: CAEN_LINK_instance/I_CorePCS/Core_PCS_0/GEN_DEC_WA_10.WORD_ALIGNER_10_0/Count5[5]:CLK
  To:   CAEN_LINK_instance/I_CorePCS/Core_PCS_0/GEN_DEC_WA_10.WORD_ALIGNER_10_0/Count5[5]:D
  Delay (ns):              0.645
  Slack (ns):             -4.630
  Arrival (ns):            0.645
  Required (ns):           5.275
  Operating Conditions:    WORST

Path 68
  From: CAEN_LINK_instance/I_CorePCS/Core_PCS_0/GEN_DEC_WA_10.WORD_ALIGNER_10_0/Count0[4]:CLK
  To:   CAEN_LINK_instance/I_CorePCS/Core_PCS_0/GEN_DEC_WA_10.WORD_ALIGNER_10_0/Count0[4]:D
  Delay (ns):              0.644
  Slack (ns):             -4.630
  Arrival (ns):            0.644
  Required (ns):           5.274
  Operating Conditions:    WORST

Path 69
  From: CAEN_LINK_instance/I_CorePCS/Core_PCS_0/GEN_DEC_WA_10.DEC_10/USYNC/SYNC_STATE[4]:CLK
  To:   CAEN_LINK_instance/I_CorePCS/Core_PCS_0/GEN_DEC_WA_10.DEC_10/USYNC/SYNC_STATE[3]:D
  Delay (ns):              0.636
  Slack (ns):             -4.630
  Arrival (ns):            0.636
  Required (ns):           5.266
  Operating Conditions:    WORST

Path 70
  From: CAEN_LINK_instance/I_conet_interf/trigger_fifo_linkres_instance/trigger_fifo_0/L31.U_corefifo_async/wptr[3]:CLK
  To:   CAEN_LINK_instance/I_conet_interf/trigger_fifo_linkres_instance/trigger_fifo_0/L31.U_corefifo_async/wptr[4]:D
  Delay (ns):              0.632
  Slack (ns):             -4.629
  Arrival (ns):            0.632
  Required (ns):           5.261
  Operating Conditions:    WORST

Path 71
  From: CAEN_LINK_instance/I_conet_interf/trigger_fifo_linkres_instance/trigger_fifo_0/L31.U_corefifo_async/wptr[3]:CLK
  To:   CAEN_LINK_instance/I_conet_interf/trigger_fifo_linkres_instance/trigger_fifo_0/L31.U_corefifo_async/wptr_gray[2]:D
  Delay (ns):              0.633
  Slack (ns):             -4.628
  Arrival (ns):            0.633
  Required (ns):           5.261
  Operating Conditions:    WORST

Path 72
  From: CAEN_LINK_instance/I_CorePCS/Core_PCS_0/GEN_DEC_WA_10.WORD_ALIGNER_10_0/Count7[9]:CLK
  To:   CAEN_LINK_instance/I_CorePCS/Core_PCS_0/GEN_DEC_WA_10.WORD_ALIGNER_10_0/Count7[9]:D
  Delay (ns):              0.643
  Slack (ns):             -4.628
  Arrival (ns):            0.643
  Required (ns):           5.271
  Operating Conditions:    WORST

Path 73
  From: CAEN_LINK_instance/I_CorePCS/Core_PCS_0/GEN_DEC_WA_10.WORD_ALIGNER_10_0/Count7[5]:CLK
  To:   CAEN_LINK_instance/I_CorePCS/Core_PCS_0/GEN_DEC_WA_10.WORD_ALIGNER_10_0/Count7[5]:D
  Delay (ns):              0.642
  Slack (ns):             -4.628
  Arrival (ns):            0.642
  Required (ns):           5.270
  Operating Conditions:    WORST

Path 74
  From: CAEN_LINK_instance/I_CorePCS/Core_PCS_0/GEN_DEC_WA_10.WORD_ALIGNER_10_0/Count7[11]:CLK
  To:   CAEN_LINK_instance/I_CorePCS/Core_PCS_0/GEN_DEC_WA_10.WORD_ALIGNER_10_0/Count7[11]:D
  Delay (ns):              0.643
  Slack (ns):             -4.628
  Arrival (ns):            0.643
  Required (ns):           5.271
  Operating Conditions:    WORST

Path 75
  From: CAEN_LINK_instance/I_CorePCS/Core_PCS_0/GEN_DEC_WA_10.WORD_ALIGNER_10_0/Count5[7]:CLK
  To:   CAEN_LINK_instance/I_CorePCS/Core_PCS_0/GEN_DEC_WA_10.WORD_ALIGNER_10_0/Count5[7]:D
  Delay (ns):              0.648
  Slack (ns):             -4.628
  Arrival (ns):            0.648
  Required (ns):           5.276
  Operating Conditions:    WORST

Path 76
  From: CAEN_LINK_instance/I_CorePCS/Core_PCS_0/GEN_DEC_WA_10.WORD_ALIGNER_10_0/Count0[2]:CLK
  To:   CAEN_LINK_instance/I_CorePCS/Core_PCS_0/GEN_DEC_WA_10.WORD_ALIGNER_10_0/Count0[2]:D
  Delay (ns):              0.646
  Slack (ns):             -4.628
  Arrival (ns):            0.646
  Required (ns):           5.274
  Operating Conditions:    WORST

Path 77
  From: CAEN_LINK_instance/I_CorePCS/Core_PCS_0/GEN_DEC_WA_10.WORD_ALIGNER_10_0/Count0[10]:CLK
  To:   CAEN_LINK_instance/I_CorePCS/Core_PCS_0/GEN_DEC_WA_10.WORD_ALIGNER_10_0/Count0[10]:D
  Delay (ns):              0.646
  Slack (ns):             -4.628
  Arrival (ns):            0.646
  Required (ns):           5.274
  Operating Conditions:    WORST

Path 78
  From: CAEN_LINK_instance/I_CorePCS/Core_PCS_0/GEN_DEC_WA_10.WORD_ALIGNER_10_0/buf_data[8]:CLK
  To:   CAEN_LINK_instance/I_CorePCS/Core_PCS_0/GEN_DEC_WA_10.WORD_ALIGNER_10_0/comma_p_low[2]:D
  Delay (ns):              0.639
  Slack (ns):             -4.627
  Arrival (ns):            0.639
  Required (ns):           5.266
  Operating Conditions:    WORST

Path 79
  From: CAEN_LINK_instance/I_CorePCS/Core_PCS_0/GEN_DEC_WA_10.WORD_ALIGNER_10_0/buf_data[10]:CLK
  To:   CAEN_LINK_instance/I_CorePCS/Core_PCS_0/GEN_DEC_WA_10.WORD_ALIGNER_10_0/comma_p_low[1]:D
  Delay (ns):              0.642
  Slack (ns):             -4.626
  Arrival (ns):            0.642
  Required (ns):           5.268
  Operating Conditions:    WORST

Path 80
  From: CAEN_LINK_instance/I_conet_interf/trigger_fifo_linkres_instance/trigger_fifo_0/L31.U_corefifo_async/memwaddr_r[2]:CLK
  To:   CAEN_LINK_instance/I_conet_interf/trigger_fifo_linkres_instance/trigger_fifo_0/L31.U_corefifo_async/memwaddr_r[2]:D
  Delay (ns):              0.614
  Slack (ns):             -4.625
  Arrival (ns):            0.614
  Required (ns):           5.239
  Operating Conditions:    WORST

Path 81
  From: CAEN_LINK_instance/I_CorePCS/Core_PCS_0/GEN_DEC_WA_10.WORD_ALIGNER_10_0/Count7[7]:CLK
  To:   CAEN_LINK_instance/I_CorePCS/Core_PCS_0/GEN_DEC_WA_10.WORD_ALIGNER_10_0/Count7[7]:D
  Delay (ns):              0.645
  Slack (ns):             -4.625
  Arrival (ns):            0.645
  Required (ns):           5.270
  Operating Conditions:    WORST

Path 82
  From: CAEN_LINK_instance/I_conet_interf/trigger_fifo_linkres_instance/trigger_fifo_0/L31.U_corefifo_async/memwaddr_r[3]:CLK
  To:   CAEN_LINK_instance/I_conet_interf/trigger_fifo_linkres_instance/trigger_fifo_0/RW1.UI_ram_wrapper_1/U2_asyncnonpipe/trigger_fifo_trigger_fifo_0_USRAM_top_R0C0/INST_RAM64x18_IP:C_ADDR[3]
  Delay (ns):              0.992
  Slack (ns):             -4.622
  Arrival (ns):            0.992
  Required (ns):           5.614
  Operating Conditions:    WORST

Path 83
  From: CAEN_LINK_instance/I_conet_interf/trigger_fifo_linkres_instance/trigger_fifo_0/L31.U_corefifo_async/memwaddr_r[0]:CLK
  To:   CAEN_LINK_instance/I_conet_interf/trigger_fifo_linkres_instance/trigger_fifo_0/RW1.UI_ram_wrapper_1/U2_asyncnonpipe/trigger_fifo_trigger_fifo_0_USRAM_top_R0C0/INST_RAM64x18_IP:C_ADDR[0]
  Delay (ns):              0.999
  Slack (ns):             -4.622
  Arrival (ns):            0.999
  Required (ns):           5.621
  Operating Conditions:    WORST

Path 84
  From: CAEN_LINK_instance/I_CorePCS/Core_PCS_0/GEN_DEC_WA_10.WORD_ALIGNER_10_0/Count1[6]:CLK
  To:   CAEN_LINK_instance/I_CorePCS/Core_PCS_0/GEN_DEC_WA_10.WORD_ALIGNER_10_0/Count1[6]:D
  Delay (ns):              0.642
  Slack (ns):             -4.622
  Arrival (ns):            0.642
  Required (ns):           5.264
  Operating Conditions:    WORST

Path 85
  From: CAEN_LINK_instance/I_CorePCS/Core_PCS_0/GEN_DEC_WA_10.WORD_ALIGNER_10_0/Count4[8]:CLK
  To:   CAEN_LINK_instance/I_CorePCS/Core_PCS_0/GEN_DEC_WA_10.WORD_ALIGNER_10_0/Count4[8]:D
  Delay (ns):              0.643
  Slack (ns):             -4.621
  Arrival (ns):            0.643
  Required (ns):           5.264
  Operating Conditions:    WORST

Path 86
  From: CAEN_LINK_instance/I_CorePCS/Core_PCS_0/GEN_DEC_WA_10.WORD_ALIGNER_10_0/Count4[6]:CLK
  To:   CAEN_LINK_instance/I_CorePCS/Core_PCS_0/GEN_DEC_WA_10.WORD_ALIGNER_10_0/Count4[6]:D
  Delay (ns):              0.643
  Slack (ns):             -4.621
  Arrival (ns):            0.643
  Required (ns):           5.264
  Operating Conditions:    WORST

Path 87
  From: CAEN_LINK_instance/I_CorePCS/Core_PCS_0/GEN_DEC_WA_10.WORD_ALIGNER_10_0/Count1[8]:CLK
  To:   CAEN_LINK_instance/I_CorePCS/Core_PCS_0/GEN_DEC_WA_10.WORD_ALIGNER_10_0/Count1[8]:D
  Delay (ns):              0.643
  Slack (ns):             -4.621
  Arrival (ns):            0.643
  Required (ns):           5.264
  Operating Conditions:    WORST

Path 88
  From: CAEN_LINK_instance/I_CorePCS/Core_PCS_0/GEN_DEC_WA_10.WORD_ALIGNER_10_0/Count5[10]:CLK
  To:   CAEN_LINK_instance/I_CorePCS/Core_PCS_0/GEN_DEC_WA_10.WORD_ALIGNER_10_0/Count5[10]:D
  Delay (ns):              0.648
  Slack (ns):             -4.619
  Arrival (ns):            0.648
  Required (ns):           5.267
  Operating Conditions:    WORST

Path 89
  From: CAEN_LINK_instance/I_CorePCS/Core_PCS_0/GEN_DEC_WA_10.WORD_ALIGNER_10_0/Count5[4]:CLK
  To:   CAEN_LINK_instance/I_CorePCS/Core_PCS_0/GEN_DEC_WA_10.WORD_ALIGNER_10_0/Count5[4]:D
  Delay (ns):              0.648
  Slack (ns):             -4.618
  Arrival (ns):            0.648
  Required (ns):           5.266
  Operating Conditions:    WORST

Path 90
  From: CAEN_LINK_instance/I_CorePCS/Core_PCS_0/GEN_DEC_WA_10.WORD_ALIGNER_10_0/Count1[10]:CLK
  To:   CAEN_LINK_instance/I_CorePCS/Core_PCS_0/GEN_DEC_WA_10.WORD_ALIGNER_10_0/Count1[10]:D
  Delay (ns):              0.646
  Slack (ns):             -4.618
  Arrival (ns):            0.646
  Required (ns):           5.264
  Operating Conditions:    WORST

Path 91
  From: CAEN_LINK_instance/I_CorePCS/Core_PCS_0/GEN_DEC_WA_10.DEC_10/USYNC/SYNC_STATE_illegalpipe1:CLK
  To:   CAEN_LINK_instance/I_CorePCS/Core_PCS_0/GEN_DEC_WA_10.DEC_10/USYNC/WORD_SYNC_L:D
  Delay (ns):              0.657
  Slack (ns):             -4.618
  Arrival (ns):            0.657
  Required (ns):           5.275
  Operating Conditions:    WORST

Path 92
  From: CAEN_LINK_instance/I_conet_interf/trigger_fifo_linkres_instance/trigger_fifo_0/L31.U_corefifo_async/memwaddr_r[2]:CLK
  To:   CAEN_LINK_instance/I_conet_interf/trigger_fifo_linkres_instance/trigger_fifo_0/RW1.UI_ram_wrapper_1/U2_asyncnonpipe/trigger_fifo_trigger_fifo_0_USRAM_top_R0C0/INST_RAM64x18_IP:C_ADDR[2]
  Delay (ns):              1.010
  Slack (ns):             -4.617
  Arrival (ns):            1.010
  Required (ns):           5.627
  Operating Conditions:    WORST

Path 93
  From: CAEN_LINK_instance/I_CorePCS/Core_PCS_0/GEN_DEC_WA_10.WORD_ALIGNER_10_0/Count5[2]:CLK
  To:   CAEN_LINK_instance/I_CorePCS/Core_PCS_0/GEN_DEC_WA_10.WORD_ALIGNER_10_0/Count5[2]:D
  Delay (ns):              0.649
  Slack (ns):             -4.617
  Arrival (ns):            0.649
  Required (ns):           5.266
  Operating Conditions:    WORST

Path 94
  From: CAEN_LINK_instance/I_CorePCS/Core_PCS_0/GEN_DEC_WA_10.WORD_ALIGNER_10_0/Count4[10]:CLK
  To:   CAEN_LINK_instance/I_CorePCS/Core_PCS_0/GEN_DEC_WA_10.WORD_ALIGNER_10_0/Count4[10]:D
  Delay (ns):              0.647
  Slack (ns):             -4.617
  Arrival (ns):            0.647
  Required (ns):           5.264
  Operating Conditions:    WORST

Path 95
  From: CAEN_LINK_instance/I_CorePCS/Core_PCS_0/GEN_DEC_WA_10.DEC_10/USYNC/SYNC_STATE[0]:CLK
  To:   CAEN_LINK_instance/I_CorePCS/Core_PCS_0/GEN_DEC_WA_10.DEC_10/USYNC/SYNC_STATE[0]:D
  Delay (ns):              0.634
  Slack (ns):             -4.617
  Arrival (ns):            0.634
  Required (ns):           5.251
  Operating Conditions:    WORST

Path 96
  From: CAEN_LINK_instance/I_conet_interf/trigger_fifo_linkres_instance/trigger_fifo_0/L31.U_corefifo_async/rptr_bin_sync2[3]:CLK
  To:   CAEN_LINK_instance/I_conet_interf/trigger_fifo_linkres_instance/trigger_fifo_0/L31.U_corefifo_async/full_r:D
  Delay (ns):              0.642
  Slack (ns):             -4.616
  Arrival (ns):            0.642
  Required (ns):           5.258
  Operating Conditions:    WORST

Path 97
  From: CAEN_LINK_instance/I_CorePCS/Core_PCS_0/GEN_DEC_WA_10.WORD_ALIGNER_10_0/Count5[8]:CLK
  To:   CAEN_LINK_instance/I_CorePCS/Core_PCS_0/GEN_DEC_WA_10.WORD_ALIGNER_10_0/Count5[8]:D
  Delay (ns):              0.650
  Slack (ns):             -4.616
  Arrival (ns):            0.650
  Required (ns):           5.266
  Operating Conditions:    WORST

Path 98
  From: CAEN_LINK_instance/I_CorePCS/Core_PCS_0/GEN_DEC_WA_10.WORD_ALIGNER_10_0/Count3[7]:CLK
  To:   CAEN_LINK_instance/I_CorePCS/Core_PCS_0/GEN_DEC_WA_10.WORD_ALIGNER_10_0/Count3[7]:D
  Delay (ns):              0.642
  Slack (ns):             -4.615
  Arrival (ns):            0.642
  Required (ns):           5.257
  Operating Conditions:    WORST

Path 99
  From: CAEN_LINK_instance/I_CorePCS/Core_PCS_0/GEN_DEC_WA_10.WORD_ALIGNER_10_0/Count3[1]:CLK
  To:   CAEN_LINK_instance/I_CorePCS/Core_PCS_0/GEN_DEC_WA_10.WORD_ALIGNER_10_0/Count3[1]:D
  Delay (ns):              0.643
  Slack (ns):             -4.615
  Arrival (ns):            0.643
  Required (ns):           5.258
  Operating Conditions:    WORST

Path 100
  From: CAEN_LINK_instance/I_CorePCS/Core_PCS_0/GEN_DEC_WA_10.WORD_ALIGNER_10_0/Count2[10]:CLK
  To:   CAEN_LINK_instance/I_CorePCS/Core_PCS_0/GEN_DEC_WA_10.WORD_ALIGNER_10_0/Count2[10]:D
  Delay (ns):              0.643
  Slack (ns):             -4.615
  Arrival (ns):            0.643
  Required (ns):           5.258
  Operating Conditions:    WORST

