Timing Violation Report Min Delay Analysis

SmartTime Version v2021.2
Microsemi Corporation - Microsemi Libero Software Release v2021.2 (Version 2021.2.0.11)
Date: Fri Jan 21 19:42:42 2022


Design: DRM2_top
Family: IGLOO2
Die: M2GL090T
Package: 676 FBGA
Temperature Range: 0 - 85 C
Voltage Range: 1.14 - 1.26 V
Speed Grade: -1
Design State: Post-Layout
Data source: Production
Multi Corner Report Operating Conditions: BEST, TYPICAL, WORST


Path 1
  From: CAEN_LINK_instance/I_conet_interf/trigger_fifo_irq_instance/trigger_fifo_0/L31.U_corefifo_async/Wr_corefifo_NstagesSync/shift_array_0_[1]:CLK
  To:   CAEN_LINK_instance/I_conet_interf/trigger_fifo_irq_instance/trigger_fifo_0/L31.U_corefifo_async/Wr_corefifo_NstagesSync/shift_array_1_[1]:D
  Delay (ns):              0.576
  Slack (ns):             -4.228
  Arrival (ns):            1.074
  Required (ns):           5.302
  Operating Conditions:    WORST

Path 2
  From: CAEN_LINK_instance/I_conet_interf/trigger_fifo_irq_instance/trigger_fifo_0/L31.U_corefifo_async/Wr_corefifo_NstagesSync/shift_array_0_[2]:CLK
  To:   CAEN_LINK_instance/I_conet_interf/trigger_fifo_irq_instance/trigger_fifo_0/L31.U_corefifo_async/Wr_corefifo_NstagesSync/shift_array_1_[2]:D
  Delay (ns):              0.580
  Slack (ns):             -4.227
  Arrival (ns):            1.076
  Required (ns):           5.303
  Operating Conditions:    WORST

Path 3
  From: CAEN_LINK_instance/I_conet_interf/trigger_fifo_irq_instance/trigger_fifo_0/L31.U_corefifo_async/Wr_corefifo_NstagesSync/shift_array_0_[0]:CLK
  To:   CAEN_LINK_instance/I_conet_interf/trigger_fifo_irq_instance/trigger_fifo_0/L31.U_corefifo_async/Wr_corefifo_NstagesSync/shift_array_1_[0]:D
  Delay (ns):              0.577
  Slack (ns):             -4.202
  Arrival (ns):            1.075
  Required (ns):           5.277
  Operating Conditions:    WORST

Path 4
  From: CAEN_LINK_instance/I_CorePCS/Core_PCS_0/GEN_DEC_WA_10.WORD_ALIGNER_10_0/Count6[0]:CLK
  To:   CAEN_LINK_instance/I_CorePCS/Core_PCS_0/GEN_DEC_WA_10.WORD_ALIGNER_10_0/Count6[0]:D
  Delay (ns):              0.642
  Slack (ns):             -4.075
  Arrival (ns):            1.148
  Required (ns):           5.223
  Operating Conditions:    WORST

Path 5
  From: CAEN_LINK_instance/I_CorePCS/Core_PCS_0/GEN_DEC_WA_10.WORD_ALIGNER_10_0/Count3[6]:CLK
  To:   CAEN_LINK_instance/I_CorePCS/Core_PCS_0/GEN_DEC_WA_10.WORD_ALIGNER_10_0/Count3[6]:D
  Delay (ns):              0.642
  Slack (ns):             -4.075
  Arrival (ns):            1.144
  Required (ns):           5.219
  Operating Conditions:    WORST

Path 6
  From: CAEN_LINK_instance/I_CorePCS/Core_PCS_0/GEN_DEC_WA_10.WORD_ALIGNER_10_0/Count6[8]:CLK
  To:   CAEN_LINK_instance/I_CorePCS/Core_PCS_0/GEN_DEC_WA_10.WORD_ALIGNER_10_0/Count6[8]:D
  Delay (ns):              0.643
  Slack (ns):             -4.074
  Arrival (ns):            1.151
  Required (ns):           5.225
  Operating Conditions:    WORST

Path 7
  From: CAEN_LINK_instance/I_CorePCS/Core_PCS_0/GEN_DEC_WA_10.WORD_ALIGNER_10_0/Count3[10]:CLK
  To:   CAEN_LINK_instance/I_CorePCS/Core_PCS_0/GEN_DEC_WA_10.WORD_ALIGNER_10_0/Count3[10]:D
  Delay (ns):              0.644
  Slack (ns):             -4.073
  Arrival (ns):            1.146
  Required (ns):           5.219
  Operating Conditions:    WORST

Path 8
  From: CAEN_LINK_instance/I_CorePCS/Core_PCS_0/GEN_DEC_WA_10.WORD_ALIGNER_10_0/Count3[8]:CLK
  To:   CAEN_LINK_instance/I_CorePCS/Core_PCS_0/GEN_DEC_WA_10.WORD_ALIGNER_10_0/Count3[8]:D
  Delay (ns):              0.645
  Slack (ns):             -4.072
  Arrival (ns):            1.147
  Required (ns):           5.219
  Operating Conditions:    WORST

Path 9
  From: CAEN_LINK_instance/I_CorePCS/Core_PCS_0/GEN_DEC_WA_10.WORD_ALIGNER_10_0/Count3[4]:CLK
  To:   CAEN_LINK_instance/I_CorePCS/Core_PCS_0/GEN_DEC_WA_10.WORD_ALIGNER_10_0/Count3[4]:D
  Delay (ns):              0.646
  Slack (ns):             -4.071
  Arrival (ns):            1.137
  Required (ns):           5.208
  Operating Conditions:    WORST

Path 10
  From: CAEN_LINK_instance/I_CorePCS/Core_PCS_0/GEN_DEC_WA_10.WORD_ALIGNER_10_0/Count6[6]:CLK
  To:   CAEN_LINK_instance/I_CorePCS/Core_PCS_0/GEN_DEC_WA_10.WORD_ALIGNER_10_0/Count6[6]:D
  Delay (ns):              0.647
  Slack (ns):             -4.070
  Arrival (ns):            1.155
  Required (ns):           5.225
  Operating Conditions:    WORST

Path 11
  From: CAEN_LINK_instance/I_CorePCS/Core_PCS_0/GEN_DEC_WA_10.WORD_ALIGNER_10_0/Count6[10]:CLK
  To:   CAEN_LINK_instance/I_CorePCS/Core_PCS_0/GEN_DEC_WA_10.WORD_ALIGNER_10_0/Count6[10]:D
  Delay (ns):              0.647
  Slack (ns):             -4.070
  Arrival (ns):            1.156
  Required (ns):           5.226
  Operating Conditions:    WORST

Path 12
  From: CAEN_LINK_instance/I_CorePCS/Core_PCS_0/GEN_DEC_WA_10.WORD_ALIGNER_10_0/Count6[9]:CLK
  To:   CAEN_LINK_instance/I_CorePCS/Core_PCS_0/GEN_DEC_WA_10.WORD_ALIGNER_10_0/Count6[9]:D
  Delay (ns):              0.648
  Slack (ns):             -4.069
  Arrival (ns):            1.146
  Required (ns):           5.215
  Operating Conditions:    WORST

Path 13
  From: CAEN_LINK_instance/I_CorePCS/Core_PCS_0/GEN_DEC_WA_10.WORD_ALIGNER_10_0/Count3[1]:CLK
  To:   CAEN_LINK_instance/I_CorePCS/Core_PCS_0/GEN_DEC_WA_10.WORD_ALIGNER_10_0/Count3[1]:D
  Delay (ns):              0.648
  Slack (ns):             -4.069
  Arrival (ns):            1.130
  Required (ns):           5.199
  Operating Conditions:    WORST

Path 14
  From: CAEN_LINK_instance/I_CorePCS/Core_PCS_0/GEN_DEC_WA_10.WORD_ALIGNER_10_0/Count6[7]:CLK
  To:   CAEN_LINK_instance/I_CorePCS/Core_PCS_0/GEN_DEC_WA_10.WORD_ALIGNER_10_0/Count6[7]:D
  Delay (ns):              0.649
  Slack (ns):             -4.068
  Arrival (ns):            1.148
  Required (ns):           5.216
  Operating Conditions:    WORST

Path 15
  From: CAEN_LINK_instance/I_CorePCS/Core_PCS_0/GEN_DEC_WA_10.WORD_ALIGNER_10_0/Count6[11]:CLK
  To:   CAEN_LINK_instance/I_CorePCS/Core_PCS_0/GEN_DEC_WA_10.WORD_ALIGNER_10_0/Count6[11]:D
  Delay (ns):              0.649
  Slack (ns):             -4.068
  Arrival (ns):            1.130
  Required (ns):           5.198
  Operating Conditions:    WORST

Path 16
  From: CAEN_LINK_instance/I_CorePCS/Core_PCS_0/GEN_DEC_WA_10.WORD_ALIGNER_10_0/Count3[5]:CLK
  To:   CAEN_LINK_instance/I_CorePCS/Core_PCS_0/GEN_DEC_WA_10.WORD_ALIGNER_10_0/Count3[5]:D
  Delay (ns):              0.649
  Slack (ns):             -4.068
  Arrival (ns):            1.140
  Required (ns):           5.208
  Operating Conditions:    WORST

Path 17
  From: CAEN_LINK_instance/I_CorePCS/Core_PCS_0/GEN_DEC_WA_10.WORD_ALIGNER_10_0/Count6[5]:CLK
  To:   CAEN_LINK_instance/I_CorePCS/Core_PCS_0/GEN_DEC_WA_10.WORD_ALIGNER_10_0/Count6[5]:D
  Delay (ns):              0.650
  Slack (ns):             -4.067
  Arrival (ns):            1.148
  Required (ns):           5.215
  Operating Conditions:    WORST

Path 18
  From: CAEN_LINK_instance/I_CorePCS/Core_PCS_0/GEN_DEC_WA_10.WORD_ALIGNER_10_0/Count6[3]:CLK
  To:   CAEN_LINK_instance/I_CorePCS/Core_PCS_0/GEN_DEC_WA_10.WORD_ALIGNER_10_0/Count6[3]:D
  Delay (ns):              0.650
  Slack (ns):             -4.067
  Arrival (ns):            1.148
  Required (ns):           5.215
  Operating Conditions:    WORST

Path 19
  From: CAEN_LINK_instance/I_CorePCS/Core_PCS_0/GEN_DEC_WA_10.WORD_ALIGNER_10_0/Count3[9]:CLK
  To:   CAEN_LINK_instance/I_CorePCS/Core_PCS_0/GEN_DEC_WA_10.WORD_ALIGNER_10_0/Count3[9]:D
  Delay (ns):              0.650
  Slack (ns):             -4.067
  Arrival (ns):            1.141
  Required (ns):           5.208
  Operating Conditions:    WORST

Path 20
  From: CAEN_LINK_instance/I_CorePCS/Core_PCS_0/GEN_DEC_WA_10.WORD_ALIGNER_10_0/Count3[11]:CLK
  To:   CAEN_LINK_instance/I_CorePCS/Core_PCS_0/GEN_DEC_WA_10.WORD_ALIGNER_10_0/Count3[11]:D
  Delay (ns):              0.650
  Slack (ns):             -4.067
  Arrival (ns):            1.141
  Required (ns):           5.208
  Operating Conditions:    WORST

Path 21
  From: CAEN_LINK_instance/I_CorePCS/Core_PCS_0/GEN_DEC_WA_10.WORD_ALIGNER_10_0/Count3[7]:CLK
  To:   CAEN_LINK_instance/I_CorePCS/Core_PCS_0/GEN_DEC_WA_10.WORD_ALIGNER_10_0/Count3[7]:D
  Delay (ns):              0.653
  Slack (ns):             -4.064
  Arrival (ns):            1.144
  Required (ns):           5.208
  Operating Conditions:    WORST

Path 22
  From: CAEN_LINK_instance/I_conet_interf/trigger_fifo_irq_instance/trigger_fifo_0/L31.U_corefifo_async/Wr_corefifo_NstagesSync/shift_array_0_[3]:CLK
  To:   CAEN_LINK_instance/I_conet_interf/trigger_fifo_irq_instance/trigger_fifo_0/L31.U_corefifo_async/Wr_corefifo_NstagesSync/shift_array_1_[3]:D
  Delay (ns):              0.766
  Slack (ns):             -4.060
  Arrival (ns):            1.252
  Required (ns):           5.312
  Operating Conditions:    WORST

Path 23
  From: CAEN_LINK_instance/I_CorePCS/Core_PCS_0/GEN_DEC_WA_10.WORD_ALIGNER_10_0/Count6[6]:CLK
  To:   CAEN_LINK_instance/I_CorePCS/Core_PCS_0/GEN_DEC_WA_10.WORD_ALIGNER_10_0/Count6[7]:D
  Delay (ns):              0.809
  Slack (ns):             -3.914
  Arrival (ns):            1.317
  Required (ns):           5.231
  Operating Conditions:    WORST

Path 24
  From: CAEN_LINK_instance/I_CorePCS/Core_PCS_0/GEN_DEC_WA_10.WORD_ALIGNER_10_0/Count3[5]:CLK
  To:   CAEN_LINK_instance/I_CorePCS/Core_PCS_0/GEN_DEC_WA_10.WORD_ALIGNER_10_0/Count3[6]:D
  Delay (ns):              0.837
  Slack (ns):             -3.907
  Arrival (ns):            1.328
  Required (ns):           5.235
  Operating Conditions:    WORST

Path 25
  From: CAEN_LINK_instance/I_CorePCS/Core_PCS_0/GEN_DEC_WA_10.WORD_ALIGNER_10_0/Count6[5]:CLK
  To:   CAEN_LINK_instance/I_CorePCS/Core_PCS_0/GEN_DEC_WA_10.WORD_ALIGNER_10_0/Count6[6]:D
  Delay (ns):              0.843
  Slack (ns):             -3.900
  Arrival (ns):            1.341
  Required (ns):           5.241
  Operating Conditions:    WORST

Path 26
  From: CAEN_LINK_instance/I_CorePCS/Core_PCS_0/GEN_DEC_WA_10.WORD_ALIGNER_10_0/Count3[5]:CLK
  To:   CAEN_LINK_instance/I_CorePCS/Core_PCS_0/GEN_DEC_WA_10.WORD_ALIGNER_10_0/Count3[7]:D
  Delay (ns):              0.884
  Slack (ns):             -3.848
  Arrival (ns):            1.375
  Required (ns):           5.223
  Operating Conditions:    WORST

Path 27
  From: CAEN_LINK_instance/I_CorePCS/Core_PCS_0/GEN_DEC_WA_10.WORD_ALIGNER_10_0/Count6[5]:CLK
  To:   CAEN_LINK_instance/I_CorePCS/Core_PCS_0/GEN_DEC_WA_10.WORD_ALIGNER_10_0/Count6[7]:D
  Delay (ns):              0.889
  Slack (ns):             -3.844
  Arrival (ns):            1.387
  Required (ns):           5.231
  Operating Conditions:    WORST

Path 28
  From: CAEN_LINK_instance/I_CorePCS/Core_PCS_0/GEN_DEC_WA_10.WORD_ALIGNER_10_0/Count6[8]:CLK
  To:   CAEN_LINK_instance/I_CorePCS/Core_PCS_0/GEN_DEC_WA_10.WORD_ALIGNER_10_0/Count6[10]:D
  Delay (ns):              0.900
  Slack (ns):             -3.834
  Arrival (ns):            1.408
  Required (ns):           5.242
  Operating Conditions:    WORST

Path 29
  From: CAEN_LINK_instance/I_CorePCS/Core_PCS_0/GEN_DEC_WA_10.WORD_ALIGNER_10_0/Count6[5]:CLK
  To:   CAEN_LINK_instance/I_CorePCS/Core_PCS_0/GEN_DEC_WA_10.WORD_ALIGNER_10_0/Count6[8]:D
  Delay (ns):              0.923
  Slack (ns):             -3.820
  Arrival (ns):            1.421
  Required (ns):           5.241
  Operating Conditions:    WORST

Path 30
  From: CAEN_LINK_instance/I_CorePCS/Core_PCS_0/GEN_DEC_WA_10.WORD_ALIGNER_10_0/Count3[5]:CLK
  To:   CAEN_LINK_instance/I_CorePCS/Core_PCS_0/GEN_DEC_WA_10.WORD_ALIGNER_10_0/Count3[8]:D
  Delay (ns):              0.943
  Slack (ns):             -3.801
  Arrival (ns):            1.434
  Required (ns):           5.235
  Operating Conditions:    WORST

Path 31
  From: CAEN_LINK_instance/I_CorePCS/Core_PCS_0/GEN_DEC_WA_10.WORD_ALIGNER_10_0/Count3[5]:CLK
  To:   CAEN_LINK_instance/I_CorePCS/Core_PCS_0/GEN_DEC_WA_10.WORD_ALIGNER_10_0/Count3[11]:D
  Delay (ns):              0.956
  Slack (ns):             -3.776
  Arrival (ns):            1.447
  Required (ns):           5.223
  Operating Conditions:    WORST

Path 32
  From: CAEN_LINK_instance/I_CorePCS/Core_PCS_0/GEN_DEC_WA_10.WORD_ALIGNER_10_0/Count3[8]:CLK
  To:   CAEN_LINK_instance/I_CorePCS/Core_PCS_0/GEN_DEC_WA_10.WORD_ALIGNER_10_0/Count3[11]:D
  Delay (ns):              0.974
  Slack (ns):             -3.747
  Arrival (ns):            1.476
  Required (ns):           5.223
  Operating Conditions:    WORST

Path 33
  From: CAEN_LINK_instance/I_conet_interf/trigger_fifo_irq_instance/trigger_fifo_0/L31.U_corefifo_async/Wr_corefifo_NstagesSync/shift_array_1_[0]:CLK
  To:   CAEN_LINK_instance/I_conet_interf/trigger_fifo_irq_instance/trigger_fifo_0/L31.U_corefifo_async/wptr_bin_sync2[0]:D
  Delay (ns):              1.075
  Slack (ns):             -3.742
  Arrival (ns):            1.560
  Required (ns):           5.302
  Operating Conditions:    WORST

Path 34
  From: CAEN_LINK_instance/I_CorePCS/Core_PCS_0/GEN_DEC_WA_10.WORD_ALIGNER_10_0/Count6[5]:CLK
  To:   CAEN_LINK_instance/I_CorePCS/Core_PCS_0/GEN_DEC_WA_10.WORD_ALIGNER_10_0/Count6[9]:D
  Delay (ns):              1.000
  Slack (ns):             -3.732
  Arrival (ns):            1.498
  Required (ns):           5.230
  Operating Conditions:    WORST

Path 35
  From: CAEN_LINK_instance/I_CorePCS/Core_PCS_0/GEN_DEC_WA_10.WORD_ALIGNER_10_0/Count6[5]:CLK
  To:   CAEN_LINK_instance/I_CorePCS/Core_PCS_0/GEN_DEC_WA_10.WORD_ALIGNER_10_0/Count6[11]:D
  Delay (ns):              0.984
  Slack (ns):             -3.731
  Arrival (ns):            1.482
  Required (ns):           5.213
  Operating Conditions:    WORST

Path 36
  From: CAEN_LINK_instance/I_CorePCS/Core_PCS_0/GEN_DEC_WA_10.WORD_ALIGNER_10_0/Count3[5]:CLK
  To:   CAEN_LINK_instance/I_CorePCS/Core_PCS_0/GEN_DEC_WA_10.WORD_ALIGNER_10_0/Count3[9]:D
  Delay (ns):              1.007
  Slack (ns):             -3.725
  Arrival (ns):            1.498
  Required (ns):           5.223
  Operating Conditions:    WORST

Path 37
  From: CAEN_LINK_instance/I_CorePCS/Core_PCS_0/GEN_DEC_WA_10.WORD_ALIGNER_10_0/Count6[8]:CLK
  To:   CAEN_LINK_instance/I_CorePCS/Core_PCS_0/GEN_DEC_WA_10.WORD_ALIGNER_10_0/Count6[11]:D
  Delay (ns):              0.985
  Slack (ns):             -3.720
  Arrival (ns):            1.493
  Required (ns):           5.213
  Operating Conditions:    WORST

Path 38
  From: CAEN_LINK_instance/I_CorePCS/Core_PCS_0/GEN_DEC_WA_10.WORD_ALIGNER_10_0/Count3[2]:CLK
  To:   CAEN_LINK_instance/I_CorePCS/Core_PCS_0/GEN_DEC_WA_10.WORD_ALIGNER_10_0/Count3[4]:D
  Delay (ns):              1.026
  Slack (ns):             -3.706
  Arrival (ns):            1.517
  Required (ns):           5.223
  Operating Conditions:    WORST

Path 39
  From: CAEN_LINK_instance/I_CorePCS/Core_PCS_0/GEN_DEC_WA_10.WORD_ALIGNER_10_0/Count6[5]:CLK
  To:   CAEN_LINK_instance/I_CorePCS/Core_PCS_0/GEN_DEC_WA_10.WORD_ALIGNER_10_0/Count6[10]:D
  Delay (ns):              1.047
  Slack (ns):             -3.697
  Arrival (ns):            1.545
  Required (ns):           5.242
  Operating Conditions:    WORST

Path 40
  From: CAEN_LINK_instance/I_CorePCS/Core_PCS_0/GEN_DEC_WA_10.WORD_ALIGNER_10_0/Count3[5]:CLK
  To:   CAEN_LINK_instance/I_CorePCS/Core_PCS_0/GEN_DEC_WA_10.WORD_ALIGNER_10_0/Count3[10]:D
  Delay (ns):              1.053
  Slack (ns):             -3.691
  Arrival (ns):            1.544
  Required (ns):           5.235
  Operating Conditions:    WORST

Path 41
  From: CAEN_LINK_instance/I_CorePCS/Core_PCS_0/GEN_DEC_WA_10.WORD_ALIGNER_10_0/Count3[1]:CLK
  To:   CAEN_LINK_instance/I_CorePCS/Core_PCS_0/GEN_DEC_WA_10.WORD_ALIGNER_10_0/Count3[5]:D
  Delay (ns):              1.066
  Slack (ns):             -3.675
  Arrival (ns):            1.548
  Required (ns):           5.223
  Operating Conditions:    WORST

Path 42
  From: CAEN_LINK_instance/I_CorePCS/Core_PCS_0/GEN_DEC_WA_10.WORD_ALIGNER_10_0/Count6[7]:CLK
  To:   CAEN_LINK_instance/I_CorePCS/Core_PCS_0/GEN_DEC_WA_10.WORD_ALIGNER_10_0/Count6[11]:D
  Delay (ns):              1.067
  Slack (ns):             -3.647
  Arrival (ns):            1.566
  Required (ns):           5.213
  Operating Conditions:    WORST

Path 43
  From: CAEN_LINK_instance/I_CorePCS/Core_PCS_0/GEN_DEC_WA_10.WORD_ALIGNER_10_0/Count3[1]:CLK
  To:   CAEN_LINK_instance/I_CorePCS/Core_PCS_0/GEN_DEC_WA_10.WORD_ALIGNER_10_0/Count3[8]:D
  Delay (ns):              1.114
  Slack (ns):             -3.639
  Arrival (ns):            1.596
  Required (ns):           5.235
  Operating Conditions:    WORST

Path 44
  From: CAEN_LINK_instance/I_CorePCS/Core_PCS_0/GEN_DEC_WA_10.WORD_ALIGNER_10_0/Count3[1]:CLK
  To:   CAEN_LINK_instance/I_CorePCS/Core_PCS_0/GEN_DEC_WA_10.WORD_ALIGNER_10_0/Count3[6]:D
  Delay (ns):              1.131
  Slack (ns):             -3.622
  Arrival (ns):            1.613
  Required (ns):           5.235
  Operating Conditions:    WORST

Path 45
  From: CAEN_LINK_instance/I_CorePCS/Core_PCS_0/GEN_DEC_WA_10.WORD_ALIGNER_10_0/Count3[0]:CLK
  To:   CAEN_LINK_instance/I_CorePCS/Core_PCS_0/GEN_DEC_WA_10.WORD_ALIGNER_10_0/Count3[1]:D
  Delay (ns):              1.119
  Slack (ns):             -3.616
  Arrival (ns):            1.598
  Required (ns):           5.214
  Operating Conditions:    WORST

Path 46
  From: CAEN_LINK_instance/I_CorePCS/Core_PCS_0/GEN_DEC_WA_10.WORD_ALIGNER_10_0/Count3[1]:CLK
  To:   CAEN_LINK_instance/I_CorePCS/Core_PCS_0/GEN_DEC_WA_10.WORD_ALIGNER_10_0/Count3[11]:D
  Delay (ns):              1.128
  Slack (ns):             -3.613
  Arrival (ns):            1.610
  Required (ns):           5.223
  Operating Conditions:    WORST

Path 47
  From: CAEN_LINK_instance/I_CorePCS/Core_PCS_0/GEN_DEC_WA_10.WORD_ALIGNER_10_0/Count3[2]:CLK
  To:   CAEN_LINK_instance/I_CorePCS/Core_PCS_0/GEN_DEC_WA_10.WORD_ALIGNER_10_0/Count3[5]:D
  Delay (ns):              1.139
  Slack (ns):             -3.593
  Arrival (ns):            1.630
  Required (ns):           5.223
  Operating Conditions:    WORST

Path 48
  From: CAEN_LINK_instance/I_CorePCS/Core_PCS_0/GEN_DEC_WA_10.WORD_ALIGNER_10_0/Count3[1]:CLK
  To:   CAEN_LINK_instance/I_CorePCS/Core_PCS_0/GEN_DEC_WA_10.WORD_ALIGNER_10_0/Count3[7]:D
  Delay (ns):              1.175
  Slack (ns):             -3.566
  Arrival (ns):            1.657
  Required (ns):           5.223
  Operating Conditions:    WORST

Path 49
  From: CAEN_LINK_instance/I_CorePCS/Core_PCS_0/GEN_DEC_WA_10.WORD_ALIGNER_10_0/Count3[1]:CLK
  To:   CAEN_LINK_instance/I_CorePCS/Core_PCS_0/GEN_DEC_WA_10.WORD_ALIGNER_10_0/Count3[9]:D
  Delay (ns):              1.178
  Slack (ns):             -3.563
  Arrival (ns):            1.660
  Required (ns):           5.223
  Operating Conditions:    WORST

Path 50
  From: CAEN_LINK_instance/I_CorePCS/Core_PCS_0/GEN_DEC_WA_10.WORD_ALIGNER_10_0/Count6[6]:CLK
  To:   CAEN_LINK_instance/I_CorePCS/Core_PCS_0/GEN_DEC_WA_10.WORD_ALIGNER_10_0/Count6[11]:D
  Delay (ns):              1.148
  Slack (ns):             -3.557
  Arrival (ns):            1.656
  Required (ns):           5.213
  Operating Conditions:    WORST

Path 51
  From: CAEN_LINK_instance/I_CorePCS/Core_PCS_0/GEN_DEC_WA_10.WORD_ALIGNER_10_0/Count3[2]:CLK
  To:   CAEN_LINK_instance/I_CorePCS/Core_PCS_0/GEN_DEC_WA_10.WORD_ALIGNER_10_0/Count3[8]:D
  Delay (ns):              1.187
  Slack (ns):             -3.557
  Arrival (ns):            1.678
  Required (ns):           5.235
  Operating Conditions:    WORST

Path 52
  From: CAEN_LINK_instance/I_CorePCS/Core_PCS_0/GEN_DEC_WA_10.WORD_ALIGNER_10_0/Count3[6]:CLK
  To:   CAEN_LINK_instance/I_CorePCS/Core_PCS_0/GEN_DEC_WA_10.WORD_ALIGNER_10_0/Count3[1]:D
  Delay (ns):              1.163
  Slack (ns):             -3.549
  Arrival (ns):            1.665
  Required (ns):           5.214
  Operating Conditions:    WORST

Path 53
  From: CAEN_LINK_instance/I_CorePCS/Core_PCS_0/GEN_DEC_WA_10.WORD_ALIGNER_10_0/Count3[2]:CLK
  To:   CAEN_LINK_instance/I_CorePCS/Core_PCS_0/GEN_DEC_WA_10.WORD_ALIGNER_10_0/Count3[6]:D
  Delay (ns):              1.204
  Slack (ns):             -3.540
  Arrival (ns):            1.695
  Required (ns):           5.235
  Operating Conditions:    WORST

Path 54
  From: CAEN_LINK_instance/I_CorePCS/Core_PCS_0/GEN_DEC_WA_10.WORD_ALIGNER_10_0/Count6[0]:CLK
  To:   CAEN_LINK_instance/I_CorePCS/Core_PCS_0/GEN_DEC_WA_10.WORD_ALIGNER_10_0/Count6[5]:D
  Delay (ns):              1.186
  Slack (ns):             -3.538
  Arrival (ns):            1.692
  Required (ns):           5.230
  Operating Conditions:    WORST

Path 55
  From: CAEN_LINK_instance/I_CorePCS/Core_PCS_0/GEN_DEC_WA_10.WORD_ALIGNER_10_0/Count3[2]:CLK
  To:   CAEN_LINK_instance/I_CorePCS/Core_PCS_0/GEN_DEC_WA_10.WORD_ALIGNER_10_0/Count3[11]:D
  Delay (ns):              1.196
  Slack (ns):             -3.536
  Arrival (ns):            1.687
  Required (ns):           5.223
  Operating Conditions:    WORST

Path 56
  From: CAEN_LINK_instance/I_CorePCS/Core_PCS_0/GEN_DEC_WA_10.WORD_ALIGNER_10_0/Count3[6]:CLK
  To:   CAEN_LINK_instance/I_CorePCS/Core_PCS_0/GEN_DEC_WA_10.WORD_ALIGNER_10_0/Count3[11]:D
  Delay (ns):              1.186
  Slack (ns):             -3.535
  Arrival (ns):            1.688
  Required (ns):           5.223
  Operating Conditions:    WORST

Path 57
  From: CAEN_LINK_instance/I_CorePCS/Core_PCS_0/GEN_DEC_WA_10.WORD_ALIGNER_10_0/Count3[1]:CLK
  To:   CAEN_LINK_instance/I_CorePCS/Core_PCS_0/GEN_DEC_WA_10.WORD_ALIGNER_10_0/Count3[10]:D
  Delay (ns):              1.224
  Slack (ns):             -3.529
  Arrival (ns):            1.706
  Required (ns):           5.235
  Operating Conditions:    WORST

Path 58
  From: CAEN_LINK_instance/I_CorePCS/Core_PCS_0/GEN_DEC_WA_10.WORD_ALIGNER_10_0/Count6[0]:CLK
  To:   CAEN_LINK_instance/I_CorePCS/Core_PCS_0/GEN_DEC_WA_10.WORD_ALIGNER_10_0/Count6[8]:D
  Delay (ns):              1.229
  Slack (ns):             -3.506
  Arrival (ns):            1.735
  Required (ns):           5.241
  Operating Conditions:    WORST

Path 59
  From: CAEN_LINK_instance/I_CorePCS/Core_PCS_0/GEN_DEC_WA_10.WORD_ALIGNER_10_0/Count3[2]:CLK
  To:   CAEN_LINK_instance/I_CorePCS/Core_PCS_0/GEN_DEC_WA_10.WORD_ALIGNER_10_0/Count3[2]:D
  Delay (ns):              1.215
  Slack (ns):             -3.502
  Arrival (ns):            1.706
  Required (ns):           5.208
  Operating Conditions:    WORST

Path 60
  From: CAEN_LINK_instance/I_CorePCS/Core_PCS_0/GEN_DEC_WA_10.WORD_ALIGNER_10_0/Count6[2]:CLK
  To:   CAEN_LINK_instance/I_CorePCS/Core_PCS_0/GEN_DEC_WA_10.WORD_ALIGNER_10_0/Count6[5]:D
  Delay (ns):              1.242
  Slack (ns):             -3.497
  Arrival (ns):            1.733
  Required (ns):           5.230
  Operating Conditions:    WORST

Path 61
  From: CAEN_LINK_instance/I_CorePCS/Core_PCS_0/GEN_DEC_WA_10.WORD_ALIGNER_10_0/Count3[3]:CLK
  To:   CAEN_LINK_instance/I_CorePCS/Core_PCS_0/GEN_DEC_WA_10.WORD_ALIGNER_10_0/Count3[3]:D
  Delay (ns):              1.222
  Slack (ns):             -3.495
  Arrival (ns):            1.703
  Required (ns):           5.198
  Operating Conditions:    WORST

Path 62
  From: CAEN_LINK_instance/I_CorePCS/Core_PCS_0/GEN_DEC_WA_10.WORD_ALIGNER_10_0/Count3[2]:CLK
  To:   CAEN_LINK_instance/I_CorePCS/Core_PCS_0/GEN_DEC_WA_10.WORD_ALIGNER_10_0/Count3[7]:D
  Delay (ns):              1.248
  Slack (ns):             -3.484
  Arrival (ns):            1.739
  Required (ns):           5.223
  Operating Conditions:    WORST

Path 63
  From: CAEN_LINK_instance/I_CorePCS/Core_PCS_0/GEN_DEC_WA_10.WORD_ALIGNER_10_0/Count3[2]:CLK
  To:   CAEN_LINK_instance/I_CorePCS/Core_PCS_0/GEN_DEC_WA_10.WORD_ALIGNER_10_0/Count3[9]:D
  Delay (ns):              1.251
  Slack (ns):             -3.481
  Arrival (ns):            1.742
  Required (ns):           5.223
  Operating Conditions:    WORST

Path 64
  From: CAEN_LINK_instance/I_CorePCS/Core_PCS_0/GEN_DEC_WA_10.WORD_ALIGNER_10_0/Count6[0]:CLK
  To:   CAEN_LINK_instance/I_CorePCS/Core_PCS_0/GEN_DEC_WA_10.WORD_ALIGNER_10_0/Count6[6]:D
  Delay (ns):              1.255
  Slack (ns):             -3.480
  Arrival (ns):            1.761
  Required (ns):           5.241
  Operating Conditions:    WORST

Path 65
  From: CAEN_LINK_instance/I_CorePCS/Core_PCS_0/GEN_DEC_WA_10.WORD_ALIGNER_10_0/Count3[6]:CLK
  To:   CAEN_LINK_instance/I_CorePCS/Core_PCS_0/GEN_DEC_WA_10.WORD_ALIGNER_10_0/Count3[5]:D
  Delay (ns):              1.258
  Slack (ns):             -3.463
  Arrival (ns):            1.760
  Required (ns):           5.223
  Operating Conditions:    WORST

Path 66
  From: CAEN_LINK_instance/I_CorePCS/Core_PCS_0/GEN_DEC_WA_10.WORD_ALIGNER_10_0/Count6[2]:CLK
  To:   CAEN_LINK_instance/I_CorePCS/Core_PCS_0/GEN_DEC_WA_10.WORD_ALIGNER_10_0/Count6[8]:D
  Delay (ns):              1.298
  Slack (ns):             -3.452
  Arrival (ns):            1.789
  Required (ns):           5.241
  Operating Conditions:    WORST

Path 67
  From: CAEN_LINK_instance/I_CorePCS/Core_PCS_0/GEN_DEC_WA_10.WORD_ALIGNER_10_0/Count3[2]:CLK
  To:   CAEN_LINK_instance/I_CorePCS/Core_PCS_0/GEN_DEC_WA_10.WORD_ALIGNER_10_0/Count3[10]:D
  Delay (ns):              1.297
  Slack (ns):             -3.447
  Arrival (ns):            1.788
  Required (ns):           5.235
  Operating Conditions:    WORST

Path 68
  From: CAEN_LINK_instance/I_CorePCS/Core_PCS_0/GEN_DEC_WA_10.WORD_ALIGNER_10_0/Count6[0]:CLK
  To:   CAEN_LINK_instance/I_CorePCS/Core_PCS_0/GEN_DEC_WA_10.WORD_ALIGNER_10_0/Count6[11]:D
  Delay (ns):              1.267
  Slack (ns):             -3.440
  Arrival (ns):            1.773
  Required (ns):           5.213
  Operating Conditions:    WORST

Path 69
  From: CAEN_LINK_instance/I_CorePCS/Core_PCS_0/GEN_DEC_WA_10.WORD_ALIGNER_10_0/Count3[6]:CLK
  To:   CAEN_LINK_instance/I_CorePCS/Core_PCS_0/GEN_DEC_WA_10.WORD_ALIGNER_10_0/Count3[8]:D
  Delay (ns):              1.300
  Slack (ns):             -3.433
  Arrival (ns):            1.802
  Required (ns):           5.235
  Operating Conditions:    WORST

Path 70
  From: CAEN_LINK_instance/I_CorePCS/Core_PCS_0/GEN_DEC_WA_10.WORD_ALIGNER_10_0/Count6[2]:CLK
  To:   CAEN_LINK_instance/I_CorePCS/Core_PCS_0/GEN_DEC_WA_10.WORD_ALIGNER_10_0/Count6[6]:D
  Delay (ns):              1.324
  Slack (ns):             -3.426
  Arrival (ns):            1.815
  Required (ns):           5.241
  Operating Conditions:    WORST

Path 71
  From: CAEN_LINK_instance/I_CorePCS/Core_PCS_0/GEN_DEC_WA_10.WORD_ALIGNER_10_0/Count6[0]:CLK
  To:   CAEN_LINK_instance/I_CorePCS/Core_PCS_0/GEN_DEC_WA_10.WORD_ALIGNER_10_0/Count6[7]:D
  Delay (ns):              1.304
  Slack (ns):             -3.421
  Arrival (ns):            1.810
  Required (ns):           5.231
  Operating Conditions:    WORST

Path 72
  From: CAEN_LINK_instance/I_CorePCS/Core_PCS_0/GEN_DEC_WA_10.WORD_ALIGNER_10_0/Count3[6]:CLK
  To:   CAEN_LINK_instance/I_CorePCS/Core_PCS_0/GEN_DEC_WA_10.WORD_ALIGNER_10_0/Count3[4]:D
  Delay (ns):              1.304
  Slack (ns):             -3.417
  Arrival (ns):            1.806
  Required (ns):           5.223
  Operating Conditions:    WORST

Path 73
  From: CAEN_LINK_instance/I_CorePCS/Core_PCS_0/GEN_DEC_WA_10.WORD_ALIGNER_10_0/Count6[1]:CLK
  To:   CAEN_LINK_instance/I_CorePCS/Core_PCS_0/GEN_DEC_WA_10.WORD_ALIGNER_10_0/Count6[0]:D
  Delay (ns):              1.331
  Slack (ns):             -3.415
  Arrival (ns):            1.824
  Required (ns):           5.239
  Operating Conditions:    WORST

Path 74
  From: CAEN_LINK_instance/I_CorePCS/Core_PCS_0/GEN_DEC_WA_10.WORD_ALIGNER_10_0/Count6[0]:CLK
  To:   CAEN_LINK_instance/I_CorePCS/Core_PCS_0/GEN_DEC_WA_10.WORD_ALIGNER_10_0/Count6[9]:D
  Delay (ns):              1.310
  Slack (ns):             -3.414
  Arrival (ns):            1.816
  Required (ns):           5.230
  Operating Conditions:    WORST

Path 75
  From: CAEN_LINK_instance/I_CorePCS/Core_PCS_0/GEN_DEC_WA_10.WORD_ALIGNER_10_0/Count6[2]:CLK
  To:   CAEN_LINK_instance/I_CorePCS/Core_PCS_0/GEN_DEC_WA_10.WORD_ALIGNER_10_0/Count6[11]:D
  Delay (ns):              1.336
  Slack (ns):             -3.386
  Arrival (ns):            1.827
  Required (ns):           5.213
  Operating Conditions:    WORST

Path 76
  From: CAEN_LINK_instance/I_CorePCS/Core_PCS_0/GEN_DEC_WA_10.WORD_ALIGNER_10_0/Count6[0]:CLK
  To:   CAEN_LINK_instance/I_CorePCS/Core_PCS_0/GEN_DEC_WA_10.WORD_ALIGNER_10_0/Count6[10]:D
  Delay (ns):              1.356
  Slack (ns):             -3.380
  Arrival (ns):            1.862
  Required (ns):           5.242
  Operating Conditions:    WORST

Path 77
  From: CAEN_LINK_instance/I_CorePCS/Core_PCS_0/GEN_DEC_WA_10.WORD_ALIGNER_10_0/Count6[2]:CLK
  To:   CAEN_LINK_instance/I_CorePCS/Core_PCS_0/GEN_DEC_WA_10.WORD_ALIGNER_10_0/Count6[7]:D
  Delay (ns):              1.372
  Slack (ns):             -3.368
  Arrival (ns):            1.863
  Required (ns):           5.231
  Operating Conditions:    WORST

Path 78
  From: CAEN_LINK_instance/I_CorePCS/Core_PCS_0/GEN_DEC_WA_10.WORD_ALIGNER_10_0/Count6[2]:CLK
  To:   CAEN_LINK_instance/I_CorePCS/Core_PCS_0/GEN_DEC_WA_10.WORD_ALIGNER_10_0/Count6[9]:D
  Delay (ns):              1.380
  Slack (ns):             -3.359
  Arrival (ns):            1.871
  Required (ns):           5.230
  Operating Conditions:    WORST

Path 79
  From: CAEN_LINK_instance/I_CorePCS/Core_PCS_0/GEN_DEC_WA_10.WORD_ALIGNER_10_0/Count3[6]:CLK
  To:   CAEN_LINK_instance/I_CorePCS/Core_PCS_0/GEN_DEC_WA_10.WORD_ALIGNER_10_0/Count3[7]:D
  Delay (ns):              1.367
  Slack (ns):             -3.354
  Arrival (ns):            1.869
  Required (ns):           5.223
  Operating Conditions:    WORST

Path 80
  From: CAEN_LINK_instance/I_CorePCS/Core_PCS_0/GEN_DEC_WA_10.WORD_ALIGNER_10_0/Count3[6]:CLK
  To:   CAEN_LINK_instance/I_CorePCS/Core_PCS_0/GEN_DEC_WA_10.WORD_ALIGNER_10_0/Count3[9]:D
  Delay (ns):              1.370
  Slack (ns):             -3.351
  Arrival (ns):            1.872
  Required (ns):           5.223
  Operating Conditions:    WORST

Path 81
  From: CAEN_LINK_instance/I_CorePCS/Core_PCS_0/GEN_DEC_WA_10.WORD_ALIGNER_10_0/Count3[1]:CLK
  To:   CAEN_LINK_instance/I_CorePCS/Core_PCS_0/GEN_DEC_WA_10.WORD_ALIGNER_10_0/Count3[4]:D
  Delay (ns):              1.402
  Slack (ns):             -3.339
  Arrival (ns):            1.884
  Required (ns):           5.223
  Operating Conditions:    WORST

Path 82
  From: CAEN_LINK_instance/I_CorePCS/Core_PCS_0/GEN_DEC_WA_10.WORD_ALIGNER_10_0/Count6[1]:CLK
  To:   CAEN_LINK_instance/I_CorePCS/Core_PCS_0/GEN_DEC_WA_10.WORD_ALIGNER_10_0/Count6[8]:D
  Delay (ns):              1.418
  Slack (ns):             -3.330
  Arrival (ns):            1.911
  Required (ns):           5.241
  Operating Conditions:    WORST

Path 83
  From: CAEN_LINK_instance/I_CorePCS/Core_PCS_0/GEN_DEC_WA_10.WORD_ALIGNER_10_0/Count6[2]:CLK
  To:   CAEN_LINK_instance/I_CorePCS/Core_PCS_0/GEN_DEC_WA_10.WORD_ALIGNER_10_0/Count6[10]:D
  Delay (ns):              1.424
  Slack (ns):             -3.327
  Arrival (ns):            1.915
  Required (ns):           5.242
  Operating Conditions:    WORST

Path 84
  From: CAEN_LINK_instance/I_CorePCS/Core_PCS_0/GEN_DEC_WA_10.WORD_ALIGNER_10_0/Count3[0]:CLK
  To:   CAEN_LINK_instance/I_CorePCS/Core_PCS_0/GEN_DEC_WA_10.WORD_ALIGNER_10_0/Count3[0]:D
  Delay (ns):              1.391
  Slack (ns):             -3.326
  Arrival (ns):            1.870
  Required (ns):           5.196
  Operating Conditions:    WORST

Path 85
  From: CAEN_LINK_instance/I_CorePCS/Core_PCS_0/GEN_DEC_WA_10.WORD_ALIGNER_10_0/Count3[6]:CLK
  To:   CAEN_LINK_instance/I_CorePCS/Core_PCS_0/GEN_DEC_WA_10.WORD_ALIGNER_10_0/Count3[10]:D
  Delay (ns):              1.416
  Slack (ns):             -3.317
  Arrival (ns):            1.918
  Required (ns):           5.235
  Operating Conditions:    WORST

Path 86
  From: CAEN_LINK_instance/I_CorePCS/Core_PCS_0/GEN_DEC_WA_10.WORD_ALIGNER_10_0/Count6[7]:CLK
  To:   CAEN_LINK_instance/I_CorePCS/Core_PCS_0/GEN_DEC_WA_10.WORD_ALIGNER_10_0/Count6[0]:D
  Delay (ns):              1.431
  Slack (ns):             -3.309
  Arrival (ns):            1.930
  Required (ns):           5.239
  Operating Conditions:    WORST

Path 87
  From: CAEN_LINK_instance/I_CorePCS/Core_PCS_0/GEN_DEC_WA_10.WORD_ALIGNER_10_0/Count6[1]:CLK
  To:   CAEN_LINK_instance/I_CorePCS/Core_PCS_0/GEN_DEC_WA_10.WORD_ALIGNER_10_0/Count6[6]:D
  Delay (ns):              1.444
  Slack (ns):             -3.304
  Arrival (ns):            1.937
  Required (ns):           5.241
  Operating Conditions:    WORST

Path 88
  From: CAEN_LINK_instance/I_CorePCS/Core_PCS_0/GEN_DEC_WA_10.WORD_ALIGNER_10_0/Count3[0]:CLK
  To:   CAEN_LINK_instance/I_CorePCS/Core_PCS_0/GEN_DEC_WA_10.WORD_ALIGNER_10_0/Count3[5]:D
  Delay (ns):              1.458
  Slack (ns):             -3.286
  Arrival (ns):            1.937
  Required (ns):           5.223
  Operating Conditions:    WORST

Path 89
  From: CAEN_LINK_instance/I_CorePCS/Core_PCS_0/GEN_DEC_WA_10.WORD_ALIGNER_10_0/Count6[1]:CLK
  To:   CAEN_LINK_instance/I_CorePCS/Core_PCS_0/GEN_DEC_WA_10.WORD_ALIGNER_10_0/Count6[5]:D
  Delay (ns):              1.458
  Slack (ns):             -3.279
  Arrival (ns):            1.951
  Required (ns):           5.230
  Operating Conditions:    WORST

Path 90
  From: CAEN_LINK_instance/I_CorePCS/Core_PCS_0/GEN_DEC_WA_10.WORD_ALIGNER_10_0/Count3[7]:CLK
  To:   CAEN_LINK_instance/I_CorePCS/Core_PCS_0/GEN_DEC_WA_10.WORD_ALIGNER_10_0/Count3[1]:D
  Delay (ns):              1.451
  Slack (ns):             -3.272
  Arrival (ns):            1.942
  Required (ns):           5.214
  Operating Conditions:    WORST

Path 91
  From: CAEN_LINK_instance/I_CorePCS/Core_PCS_0/GEN_DEC_WA_10.WORD_ALIGNER_10_0/Count6[1]:CLK
  To:   CAEN_LINK_instance/I_CorePCS/Core_PCS_0/GEN_DEC_WA_10.WORD_ALIGNER_10_0/Count6[11]:D
  Delay (ns):              1.456
  Slack (ns):             -3.264
  Arrival (ns):            1.949
  Required (ns):           5.213
  Operating Conditions:    WORST

Path 92
  From: CAEN_LINK_instance/I_CorePCS/Core_PCS_0/GEN_DEC_WA_10.WORD_ALIGNER_10_0/Count3[0]:CLK
  To:   CAEN_LINK_instance/I_CorePCS/Core_PCS_0/GEN_DEC_WA_10.WORD_ALIGNER_10_0/Count3[8]:D
  Delay (ns):              1.503
  Slack (ns):             -3.253
  Arrival (ns):            1.982
  Required (ns):           5.235
  Operating Conditions:    WORST

Path 93
  From: CAEN_LINK_instance/I_CorePCS/Core_PCS_0/GEN_DEC_WA_10.WORD_ALIGNER_10_0/Count3[9]:CLK
  To:   CAEN_LINK_instance/I_CorePCS/Core_PCS_0/GEN_DEC_WA_10.WORD_ALIGNER_10_0/Count3[1]:D
  Delay (ns):              1.474
  Slack (ns):             -3.249
  Arrival (ns):            1.965
  Required (ns):           5.214
  Operating Conditions:    WORST

Path 94
  From: CAEN_LINK_instance/I_CorePCS/Core_PCS_0/GEN_DEC_WA_10.WORD_ALIGNER_10_0/Count6[1]:CLK
  To:   CAEN_LINK_instance/I_CorePCS/Core_PCS_0/GEN_DEC_WA_10.WORD_ALIGNER_10_0/Count6[7]:D
  Delay (ns):              1.493
  Slack (ns):             -3.245
  Arrival (ns):            1.986
  Required (ns):           5.231
  Operating Conditions:    WORST

Path 95
  From: CAEN_LINK_instance/I_CorePCS/Core_PCS_0/GEN_DEC_WA_10.WORD_ALIGNER_10_0/Count6[1]:CLK
  To:   CAEN_LINK_instance/I_CorePCS/Core_PCS_0/GEN_DEC_WA_10.WORD_ALIGNER_10_0/Count6[9]:D
  Delay (ns):              1.501
  Slack (ns):             -3.236
  Arrival (ns):            1.994
  Required (ns):           5.230
  Operating Conditions:    WORST

Path 96
  From: CAEN_LINK_instance/I_CorePCS/Core_PCS_0/GEN_DEC_WA_10.WORD_ALIGNER_10_0/Count3[0]:CLK
  To:   CAEN_LINK_instance/I_CorePCS/Core_PCS_0/GEN_DEC_WA_10.WORD_ALIGNER_10_0/Count3[11]:D
  Delay (ns):              1.508
  Slack (ns):             -3.236
  Arrival (ns):            1.987
  Required (ns):           5.223
  Operating Conditions:    WORST

Path 97
  From: CAEN_LINK_instance/I_CorePCS/Core_PCS_0/GEN_DEC_WA_10.WORD_ALIGNER_10_0/Count3[0]:CLK
  To:   CAEN_LINK_instance/I_CorePCS/Core_PCS_0/GEN_DEC_WA_10.WORD_ALIGNER_10_0/Count3[6]:D
  Delay (ns):              1.523
  Slack (ns):             -3.233
  Arrival (ns):            2.002
  Required (ns):           5.235
  Operating Conditions:    WORST

Path 98
  From: CAEN_LINK_instance/I_CorePCS/Core_PCS_0/GEN_DEC_WA_10.WORD_ALIGNER_10_0/Count6[1]:CLK
  To:   CAEN_LINK_instance/I_CorePCS/Core_PCS_0/GEN_DEC_WA_10.WORD_ALIGNER_10_0/Count6[3]:D
  Delay (ns):              1.509
  Slack (ns):             -3.228
  Arrival (ns):            2.002
  Required (ns):           5.230
  Operating Conditions:    WORST

Path 99
  From: CAEN_LINK_instance/I_CorePCS/Core_PCS_0/GEN_DEC_WA_10.WORD_ALIGNER_10_0/Count6[1]:CLK
  To:   CAEN_LINK_instance/I_CorePCS/Core_PCS_0/GEN_DEC_WA_10.WORD_ALIGNER_10_0/Count6[10]:D
  Delay (ns):              1.523
  Slack (ns):             -3.226
  Arrival (ns):            2.016
  Required (ns):           5.242
  Operating Conditions:    WORST

Path 100
  From: CAEN_LINK_instance/I_CorePCS/Core_PCS_0/GEN_DEC_WA_10.WORD_ALIGNER_10_0/Count6[2]:CLK
  To:   CAEN_LINK_instance/I_CorePCS/Core_PCS_0/GEN_DEC_WA_10.WORD_ALIGNER_10_0/Count6[2]:D
  Delay (ns):              1.494
  Slack (ns):             -3.223
  Arrival (ns):            1.985
  Required (ns):           5.208
  Operating Conditions:    WORST

