Timing Violation Report Max Delay Analysis

SmartTime Version v2021.2
Microsemi Corporation - Microsemi Libero Software Release v2021.2 (Version 2021.2.0.11)
Date: Fri Jan 21 19:42:40 2022


Design: DRM2_top
Family: IGLOO2
Die: M2GL090T
Package: 676 FBGA
Temperature Range: 0 - 85 C
Voltage Range: 1.14 - 1.26 V
Speed Grade: -1
Design State: Post-Layout
Data source: Production
Multi Corner Report Operating Conditions: BEST, TYPICAL, WORST


Path 1
  From: CAEN_LINK_instance/I_conet_interf/trigger_fifo_irq_instance/trigger_fifo_0/L31.U_corefifo_async/wptr_gray[3]:CLK
  To:   CAEN_LINK_instance/I_conet_interf/trigger_fifo_irq_instance/trigger_fifo_0/L31.U_corefifo_async/Wr_corefifo_NstagesSync/shift_array_0_[3]:D
  Delay (ns):              0.476
  Slack (ns):             -3.517
  Arrival (ns):            4.749
  Required (ns):           1.232
  Operating Conditions:    WORST

Path 2
  From: CAEN_LINK_instance/I_conet_interf/trigger_fifo_irq_instance/trigger_fifo_0/L31.U_corefifo_async/wptr_gray[0]:CLK
  To:   CAEN_LINK_instance/I_conet_interf/trigger_fifo_irq_instance/trigger_fifo_0/L31.U_corefifo_async/Wr_corefifo_NstagesSync/shift_array_0_[0]:D
  Delay (ns):              0.476
  Slack (ns):             -3.516
  Arrival (ns):            4.760
  Required (ns):           1.244
  Operating Conditions:    WORST

Path 3
  From: CAEN_LINK_instance/I_conet_interf/trigger_fifo_irq_instance/trigger_fifo_0/L31.U_corefifo_async/wptr_gray[2]:CLK
  To:   CAEN_LINK_instance/I_conet_interf/trigger_fifo_irq_instance/trigger_fifo_0/L31.U_corefifo_async/Wr_corefifo_NstagesSync/shift_array_0_[2]:D
  Delay (ns):              0.467
  Slack (ns):             -3.510
  Arrival (ns):            4.752
  Required (ns):           1.242
  Operating Conditions:    WORST

Path 4
  From: CAEN_LINK_instance/I_conet_interf/trigger_fifo_irq_instance/trigger_fifo_0/L31.U_corefifo_async/wptr_gray[1]:CLK
  To:   CAEN_LINK_instance/I_conet_interf/trigger_fifo_irq_instance/trigger_fifo_0/L31.U_corefifo_async/Wr_corefifo_NstagesSync/shift_array_0_[1]:D
  Delay (ns):              0.464
  Slack (ns):             -3.504
  Arrival (ns):            4.748
  Required (ns):           1.244
  Operating Conditions:    WORST

Path 5
  From: CAEN_LINK_instance/I_conet_interf/rl_wr:CLK
  To:   CAEN_LINK_instance/I_conet_interf/tmonos:ALn
  Delay (ns):              1.386
  Slack (ns):             -1.873
  Arrival (ns):            6.779
  Required (ns):           4.906
  Operating Conditions:    WORST

Path 6
  From: CAEN_LINK_instance/I_conet_interf/rl_wr:CLK
  To:   CAEN_LINK_instance/I_conet_interf/led_opt:ALn
  Delay (ns):              1.386
  Slack (ns):             -1.872
  Arrival (ns):            6.779
  Required (ns):           4.907
  Operating Conditions:    WORST

Path 7
  From: CAEN_LINK_instance/I_conet_interf/tl_rd:CLK
  To:   CAEN_LINK_instance/I_conet_interf/tmonos:ALn
  Delay (ns):              1.054
  Slack (ns):             -1.593
  Arrival (ns):            6.499
  Required (ns):           4.906
  Operating Conditions:    WORST

Path 8
  From: CAEN_LINK_instance/I_conet_interf/tl_rd:CLK
  To:   CAEN_LINK_instance/I_conet_interf/led_opt:ALn
  Delay (ns):              1.054
  Slack (ns):             -1.592
  Arrival (ns):            6.499
  Required (ns):           4.907
  Operating Conditions:    WORST

Path 9
  From: CAEN_LINK_instance/I_conet_interf/endpck:CLK
  To:   CAEN_LINK_instance/I_conet_interf/endpck_set:ALn
  Delay (ns):              0.807
  Slack (ns):             -1.270
  Arrival (ns):            6.182
  Required (ns):           4.912
  Operating Conditions:    WORST

Path 10
  From: CAEN_LINK_instance/I_CorePCS/Core_PCS_0/GEN_DEC_WA_10.WORD_ALIGNER_10_0/WA_FSM_STATE[1]:CLK
  To:   CAEN_LINK_instance/I_CorePCS/Core_PCS_0/GEN_DEC_WA_10.WORD_ALIGNER_10_0/Count3[10]:D
  Delay (ns):              3.871
  Slack (ns):             -0.989
  Arrival (ns):            9.237
  Required (ns):           8.248
  Operating Conditions:    WORST

Path 11
  From: CAEN_LINK_instance/I_CorePCS/Core_PCS_0/GEN_DEC_WA_10.WORD_ALIGNER_10_0/WA_FSM_STATE[1]:CLK
  To:   CAEN_LINK_instance/I_CorePCS/Core_PCS_0/GEN_DEC_WA_10.WORD_ALIGNER_10_0/Count3[9]:D
  Delay (ns):              3.825
  Slack (ns):             -0.954
  Arrival (ns):            9.191
  Required (ns):           8.237
  Operating Conditions:    WORST

Path 12
  From: CAEN_LINK_instance/I_conet_interf/trigger_fifo_irq_instance/trigger_fifo_0/L31.U_corefifo_async/rptr_gray[2]:CLK
  To:   CAEN_LINK_instance/I_conet_interf/trigger_fifo_irq_instance/trigger_fifo_0/L31.U_corefifo_async/Rd_corefifo_NstagesSync/shift_array_0_[2]:D
  Delay (ns):              0.464
  Slack (ns):             -0.936
  Arrival (ns):            5.923
  Required (ns):           4.987
  Operating Conditions:    WORST

Path 13
  From: CAEN_LINK_instance/I_conet_interf/trigger_fifo_irq_instance/trigger_fifo_0/L31.U_corefifo_async/rptr_gray[1]:CLK
  To:   CAEN_LINK_instance/I_conet_interf/trigger_fifo_irq_instance/trigger_fifo_0/L31.U_corefifo_async/Rd_corefifo_NstagesSync/shift_array_0_[1]:D
  Delay (ns):              0.480
  Slack (ns):             -0.936
  Arrival (ns):            5.930
  Required (ns):           4.994
  Operating Conditions:    WORST

Path 14
  From: CAEN_LINK_instance/I_CorePCS/Core_PCS_0/GEN_DEC_WA_10.WORD_ALIGNER_10_0/WA_FSM_STATE[1]:CLK
  To:   CAEN_LINK_instance/I_CorePCS/Core_PCS_0/GEN_DEC_WA_10.WORD_ALIGNER_10_0/Count3[11]:D
  Delay (ns):              3.796
  Slack (ns):             -0.925
  Arrival (ns):            9.162
  Required (ns):           8.237
  Operating Conditions:    WORST

Path 15
  From: CAEN_LINK_instance/I_conet_interf/trigger_fifo_irq_instance/trigger_fifo_0/L31.U_corefifo_async/rptr_gray[0]:CLK
  To:   CAEN_LINK_instance/I_conet_interf/trigger_fifo_irq_instance/trigger_fifo_0/L31.U_corefifo_async/Rd_corefifo_NstagesSync/shift_array_0_[0]:D
  Delay (ns):              0.476
  Slack (ns):             -0.924
  Arrival (ns):            5.928
  Required (ns):           5.004
  Operating Conditions:    WORST

Path 16
  From: CAEN_LINK_instance/I_conet_interf/trigger_fifo_irq_instance/trigger_fifo_0/L31.U_corefifo_async/rptr_gray[3]:CLK
  To:   CAEN_LINK_instance/I_conet_interf/trigger_fifo_irq_instance/trigger_fifo_0/L31.U_corefifo_async/Rd_corefifo_NstagesSync/shift_array_0_[3]:D
  Delay (ns):              0.472
  Slack (ns):             -0.908
  Arrival (ns):            5.912
  Required (ns):           5.004
  Operating Conditions:    WORST

Path 17
  From: CAEN_LINK_instance/I_conet_interf/trigger_fifo_irq_instance/trigger_fifo_0/L31.U_corefifo_async/rptr_gray[4]:CLK
  To:   CAEN_LINK_instance/I_conet_interf/trigger_fifo_irq_instance/trigger_fifo_0/L31.U_corefifo_async/Rd_corefifo_NstagesSync/shift_array_0_[4]:D
  Delay (ns):              0.464
  Slack (ns):             -0.893
  Arrival (ns):            5.906
  Required (ns):           5.013
  Operating Conditions:    WORST

Path 18
  From: CAEN_LINK_instance/I_CorePCS/Core_PCS_0/GEN_DEC_WA_10.WORD_ALIGNER_10_0/ALIGNED_int:CLK
  To:   CAEN_LINK_instance/I_CorePCS/Core_PCS_0/GEN_DEC_WA_10.WORD_ALIGNER_10_0/Count3[10]:D
  Delay (ns):              3.759
  Slack (ns):             -0.877
  Arrival (ns):            9.125
  Required (ns):           8.248
  Operating Conditions:    WORST

Path 19
  From: CAEN_LINK_instance/I_CorePCS/Core_PCS_0/GEN_DEC_WA_10.WORD_ALIGNER_10_0/WA_FSM_STATE[1]:CLK
  To:   CAEN_LINK_instance/I_CorePCS/Core_PCS_0/GEN_DEC_WA_10.WORD_ALIGNER_10_0/Count3[8]:D
  Delay (ns):              3.754
  Slack (ns):             -0.872
  Arrival (ns):            9.120
  Required (ns):           8.248
  Operating Conditions:    WORST

Path 20
  From: CAEN_LINK_instance/I_conet_interf/trigger_fifo_linkres_instance/trigger_fifo_0/L31.U_corefifo_async/wptr_gray[0]:CLK
  To:   CAEN_LINK_instance/I_conet_interf/trigger_fifo_linkres_instance/trigger_fifo_0/L31.U_corefifo_async/Wr_corefifo_NstagesSync/shift_array_0_[0]:D
  Delay (ns):              0.478
  Slack (ns):             -0.870
  Arrival (ns):            5.863
  Required (ns):           4.993
  Operating Conditions:    WORST

Path 21
  From: CAEN_LINK_instance/I_conet_interf/trigger_fifo_linkres_instance/trigger_fifo_0/L31.U_corefifo_async/wptr_gray[2]:CLK
  To:   CAEN_LINK_instance/I_conet_interf/trigger_fifo_linkres_instance/trigger_fifo_0/L31.U_corefifo_async/Wr_corefifo_NstagesSync/shift_array_0_[2]:D
  Delay (ns):              0.474
  Slack (ns):             -0.852
  Arrival (ns):            5.856
  Required (ns):           5.004
  Operating Conditions:    WORST

Path 22
  From: CAEN_LINK_instance/I_CorePCS/Core_PCS_0/GEN_DEC_WA_10.WORD_ALIGNER_10_0/ALIGNED_int:CLK
  To:   CAEN_LINK_instance/I_CorePCS/Core_PCS_0/GEN_DEC_WA_10.WORD_ALIGNER_10_0/Count3[9]:D
  Delay (ns):              3.713
  Slack (ns):             -0.842
  Arrival (ns):            9.079
  Required (ns):           8.237
  Operating Conditions:    WORST

Path 23
  From: CAEN_LINK_instance/I_conet_interf/trigger_fifo_linkres_instance/trigger_fifo_0/L31.U_corefifo_async/wptr_gray[4]:CLK
  To:   CAEN_LINK_instance/I_conet_interf/trigger_fifo_linkres_instance/trigger_fifo_0/L31.U_corefifo_async/Wr_corefifo_NstagesSync/shift_array_0_[4]:D
  Delay (ns):              0.478
  Slack (ns):             -0.834
  Arrival (ns):            5.848
  Required (ns):           5.014
  Operating Conditions:    WORST

Path 24
  From: CAEN_LINK_instance/I_conet_interf/trigger_fifo_linkres_instance/trigger_fifo_0/L31.U_corefifo_async/wptr_gray[3]:CLK
  To:   CAEN_LINK_instance/I_conet_interf/trigger_fifo_linkres_instance/trigger_fifo_0/L31.U_corefifo_async/Wr_corefifo_NstagesSync/shift_array_0_[3]:D
  Delay (ns):              0.475
  Slack (ns):             -0.832
  Arrival (ns):            5.846
  Required (ns):           5.014
  Operating Conditions:    WORST

Path 25
  From: CAEN_LINK_instance/I_conet_interf/trigger_fifo_linkres_instance/trigger_fifo_0/L31.U_corefifo_async/wptr_gray[1]:CLK
  To:   CAEN_LINK_instance/I_conet_interf/trigger_fifo_linkres_instance/trigger_fifo_0/L31.U_corefifo_async/Wr_corefifo_NstagesSync/shift_array_0_[1]:D
  Delay (ns):              0.464
  Slack (ns):             -0.831
  Arrival (ns):            5.846
  Required (ns):           5.015
  Operating Conditions:    WORST

Path 26
  From: CAEN_LINK_instance/I_CorePCS/Core_PCS_0/GEN_DEC_WA_10.WORD_ALIGNER_10_0/WA_FSM_STATE[0]:CLK
  To:   CAEN_LINK_instance/I_CorePCS/Core_PCS_0/GEN_DEC_WA_10.WORD_ALIGNER_10_0/Count3[10]:D
  Delay (ns):              3.716
  Slack (ns):             -0.828
  Arrival (ns):            9.076
  Required (ns):           8.248
  Operating Conditions:    WORST

Path 27
  From: CAEN_LINK_instance/I_CorePCS/Core_PCS_0/GEN_DEC_WA_10.WORD_ALIGNER_10_0/ALIGNED_int:CLK
  To:   CAEN_LINK_instance/I_CorePCS/Core_PCS_0/GEN_DEC_WA_10.WORD_ALIGNER_10_0/Count3[11]:D
  Delay (ns):              3.689
  Slack (ns):             -0.818
  Arrival (ns):            9.055
  Required (ns):           8.237
  Operating Conditions:    WORST

Path 28
  From: CAEN_LINK_instance/I_CorePCS/Core_PCS_0/GEN_DEC_WA_10.WORD_ALIGNER_10_0/WA_FSM_STATE[0]:CLK
  To:   CAEN_LINK_instance/I_CorePCS/Core_PCS_0/GEN_DEC_WA_10.WORD_ALIGNER_10_0/Count3[9]:D
  Delay (ns):              3.670
  Slack (ns):             -0.793
  Arrival (ns):            9.030
  Required (ns):           8.237
  Operating Conditions:    WORST

Path 29
  From: CAEN_LINK_instance/I_CorePCS/Core_PCS_0/GEN_DEC_WA_10.WORD_ALIGNER_10_0/WA_FSM_STATE[0]:CLK
  To:   CAEN_LINK_instance/I_CorePCS/Core_PCS_0/GEN_DEC_WA_10.WORD_ALIGNER_10_0/Count3[11]:D
  Delay (ns):              3.641
  Slack (ns):             -0.764
  Arrival (ns):            9.001
  Required (ns):           8.237
  Operating Conditions:    WORST

Path 30
  From: CAEN_LINK_instance/I_CorePCS/Core_PCS_0/GEN_DEC_WA_10.WORD_ALIGNER_10_0/ALIGNED_int:CLK
  To:   CAEN_LINK_instance/I_CorePCS/Core_PCS_0/GEN_DEC_WA_10.WORD_ALIGNER_10_0/Count3[8]:D
  Delay (ns):              3.642
  Slack (ns):             -0.760
  Arrival (ns):            9.008
  Required (ns):           8.248
  Operating Conditions:    WORST

Path 31
  From: CAEN_LINK_instance/I_CorePCS/Core_PCS_0/GEN_DEC_WA_10.WORD_ALIGNER_10_0/WA_FSM_STATE[1]:CLK
  To:   CAEN_LINK_instance/I_CorePCS/Core_PCS_0/GEN_DEC_WA_10.WORD_ALIGNER_10_0/Count3[3]:D
  Delay (ns):              3.597
  Slack (ns):             -0.736
  Arrival (ns):            8.963
  Required (ns):           8.227
  Operating Conditions:    WORST

Path 32
  From: CAEN_LINK_instance/I_CorePCS/Core_PCS_0/GEN_DEC_WA_10.WORD_ALIGNER_10_0/Count6[5]:CLK
  To:   CAEN_LINK_instance/I_CorePCS/Core_PCS_0/GEN_DEC_WA_10.WORD_ALIGNER_10_0/Count6[2]:D
  Delay (ns):              3.581
  Slack (ns):             -0.721
  Arrival (ns):            8.958
  Required (ns):           8.237
  Operating Conditions:    WORST

Path 33
  From: CAEN_LINK_instance/I_CorePCS/Core_PCS_0/GEN_DEC_WA_10.WORD_ALIGNER_10_0/WA_FSM_STATE[0]:CLK
  To:   CAEN_LINK_instance/I_CorePCS/Core_PCS_0/GEN_DEC_WA_10.WORD_ALIGNER_10_0/Count3[8]:D
  Delay (ns):              3.599
  Slack (ns):             -0.711
  Arrival (ns):            8.959
  Required (ns):           8.248
  Operating Conditions:    WORST

Path 34
  From: CAEN_LINK_instance/I_EPCS_SERDES/epcs_tx_intf_0/txdout[5]:CLK
  To:   CAEN_LINK_instance/I_EPCS_SERDES/EPCS_SERDES_IF_0/EPCS_SERDES_IF_0/SERDESIF_INST/INST_SERDESIF_IP:M_RDATA_HRDATA[37]
  Delay (ns):              1.201
  Slack (ns):             -0.707
  Arrival (ns):            6.681
  Required (ns):           5.974
  Operating Conditions:    WORST

Path 35
  From: CAEN_LINK_instance/I_CorePCS/Core_PCS_0/GEN_DEC_WA_10.WORD_ALIGNER_10_0/comma_n_low[3]:CLK
  To:   CAEN_LINK_instance/I_CorePCS/Core_PCS_0/GEN_DEC_WA_10.WORD_ALIGNER_10_0/Count3[10]:D
  Delay (ns):              3.549
  Slack (ns):             -0.677
  Arrival (ns):            8.925
  Required (ns):           8.248
  Operating Conditions:    WORST

Path 36
  From: CAEN_LINK_instance/I_CorePCS/Core_PCS_0/GEN_DEC_WA_10.WORD_ALIGNER_10_0/Count6[5]:CLK
  To:   CAEN_LINK_instance/I_CorePCS/Core_PCS_0/GEN_DEC_WA_10.WORD_ALIGNER_10_0/Count6[4]:D
  Delay (ns):              3.537
  Slack (ns):             -0.675
  Arrival (ns):            8.914
  Required (ns):           8.239
  Operating Conditions:    WORST

Path 37
  From: CAEN_LINK_instance/I_EPCS_SERDES/epcs_tx_intf_0/txdout[2]:CLK
  To:   CAEN_LINK_instance/I_EPCS_SERDES/EPCS_SERDES_IF_0/EPCS_SERDES_IF_0/SERDESIF_INST/INST_SERDESIF_IP:M_RDATA_HRDATA[34]
  Delay (ns):              1.091
  Slack (ns):             -0.659
  Arrival (ns):            6.568
  Required (ns):           5.909
  Operating Conditions:    WORST

Path 38
  From: CAEN_LINK_instance/I_CorePCS/Core_PCS_0/GEN_DEC_WA_10.WORD_ALIGNER_10_0/WA_FSM_STATE[1]:CLK
  To:   CAEN_LINK_instance/I_CorePCS/Core_PCS_0/GEN_DEC_WA_10.WORD_ALIGNER_10_0/Count6[2]:D
  Delay (ns):              3.529
  Slack (ns):             -0.658
  Arrival (ns):            8.895
  Required (ns):           8.237
  Operating Conditions:    WORST

Path 39
  From: CAEN_LINK_instance/I_CorePCS/Core_PCS_0/GEN_DEC_WA_10.WORD_ALIGNER_10_0/comma_n_low[3]:CLK
  To:   CAEN_LINK_instance/I_CorePCS/Core_PCS_0/GEN_DEC_WA_10.WORD_ALIGNER_10_0/Count3[7]:D
  Delay (ns):              3.510
  Slack (ns):             -0.649
  Arrival (ns):            8.886
  Required (ns):           8.237
  Operating Conditions:    WORST

Path 40
  From: CAEN_LINK_instance/I_CorePCS/Core_PCS_0/GEN_DEC_WA_10.WORD_ALIGNER_10_0/comma_n_low[3]:CLK
  To:   CAEN_LINK_instance/I_CorePCS/Core_PCS_0/GEN_DEC_WA_10.WORD_ALIGNER_10_0/Count3[9]:D
  Delay (ns):              3.502
  Slack (ns):             -0.641
  Arrival (ns):            8.878
  Required (ns):           8.237
  Operating Conditions:    WORST

Path 41
  From: CAEN_LINK_instance/I_EPCS_SERDES/epcs_tx_intf_0/txdout[1]:CLK
  To:   CAEN_LINK_instance/I_EPCS_SERDES/EPCS_SERDES_IF_0/EPCS_SERDES_IF_0/SERDESIF_INST/INST_SERDESIF_IP:M_RDATA_HRDATA[33]
  Delay (ns):              1.115
  Slack (ns):             -0.638
  Arrival (ns):            6.575
  Required (ns):           5.937
  Operating Conditions:    WORST

Path 42
  From: CAEN_LINK_instance/I_CorePCS/Core_PCS_0/GEN_DEC_WA_10.WORD_ALIGNER_10_0/WA_FSM_STATE[1]:CLK
  To:   CAEN_LINK_instance/I_CorePCS/Core_PCS_0/GEN_DEC_WA_10.WORD_ALIGNER_10_0/Count3[7]:D
  Delay (ns):              3.507
  Slack (ns):             -0.636
  Arrival (ns):            8.873
  Required (ns):           8.237
  Operating Conditions:    WORST

Path 43
  From: CAEN_LINK_instance/I_CorePCS/Core_PCS_0/GEN_DEC_WA_10.WORD_ALIGNER_10_0/WA_FSM_STATE[1]:CLK
  To:   CAEN_LINK_instance/I_CorePCS/Core_PCS_0/GEN_DEC_WA_10.WORD_ALIGNER_10_0/Count3[2]:D
  Delay (ns):              3.506
  Slack (ns):             -0.635
  Arrival (ns):            8.872
  Required (ns):           8.237
  Operating Conditions:    WORST

Path 44
  From: CAEN_LINK_instance/I_CorePCS/Core_PCS_0/GEN_DEC_WA_10.WORD_ALIGNER_10_0/ALIGNED_int:CLK
  To:   CAEN_LINK_instance/I_CorePCS/Core_PCS_0/GEN_DEC_WA_10.WORD_ALIGNER_10_0/Count3[3]:D
  Delay (ns):              3.485
  Slack (ns):             -0.624
  Arrival (ns):            8.851
  Required (ns):           8.227
  Operating Conditions:    WORST

Path 45
  From: CAEN_LINK_instance/I_EPCS_SERDES/epcs_tx_intf_0/txdout[0]:CLK
  To:   CAEN_LINK_instance/I_EPCS_SERDES/EPCS_SERDES_IF_0/EPCS_SERDES_IF_0/SERDESIF_INST/INST_SERDESIF_IP:M_RDATA_HRDATA[32]
  Delay (ns):              1.001
  Slack (ns):             -0.622
  Arrival (ns):            6.471
  Required (ns):           5.849
  Operating Conditions:    WORST

Path 46
  From: CAEN_LINK_instance/I_CorePCS/Core_PCS_0/GEN_DEC_WA_10.WORD_ALIGNER_10_0/WA_FSM_STATE[1]:CLK
  To:   CAEN_LINK_instance/I_CorePCS/Core_PCS_0/GEN_DEC_WA_10.WORD_ALIGNER_10_0/Count6[4]:D
  Delay (ns):              3.485
  Slack (ns):             -0.612
  Arrival (ns):            8.851
  Required (ns):           8.239
  Operating Conditions:    WORST

Path 47
  From: CAEN_LINK_instance/I_CorePCS/Core_PCS_0/GEN_DEC_WA_10.WORD_ALIGNER_10_0/comma_p_low[3]:CLK
  To:   CAEN_LINK_instance/I_CorePCS/Core_PCS_0/GEN_DEC_WA_10.WORD_ALIGNER_10_0/Count3[10]:D
  Delay (ns):              3.486
  Slack (ns):             -0.607
  Arrival (ns):            8.855
  Required (ns):           8.248
  Operating Conditions:    WORST

Path 48
  From: CAEN_LINK_instance/I_CorePCS/Core_PCS_0/GEN_DEC_WA_10.WORD_ALIGNER_10_0/Count6[5]:CLK
  To:   CAEN_LINK_instance/I_CorePCS/Core_PCS_0/GEN_DEC_WA_10.WORD_ALIGNER_10_0/Count6[10]:D
  Delay (ns):              3.472
  Slack (ns):             -0.594
  Arrival (ns):            8.849
  Required (ns):           8.255
  Operating Conditions:    WORST

Path 49
  From: CAEN_LINK_instance/I_CorePCS/Core_PCS_0/GEN_DEC_WA_10.WORD_ALIGNER_10_0/comma_n_low[3]:CLK
  To:   CAEN_LINK_instance/I_CorePCS/Core_PCS_0/GEN_DEC_WA_10.WORD_ALIGNER_10_0/Count3[11]:D
  Delay (ns):              3.449
  Slack (ns):             -0.588
  Arrival (ns):            8.825
  Required (ns):           8.237
  Operating Conditions:    WORST

Path 50
  From: CAEN_LINK_instance/I_CorePCS/Core_PCS_0/GEN_DEC_WA_10.WORD_ALIGNER_10_0/comma_n_low[3]:CLK
  To:   CAEN_LINK_instance/I_CorePCS/Core_PCS_0/GEN_DEC_WA_10.WORD_ALIGNER_10_0/Count3[6]:D
  Delay (ns):              3.451
  Slack (ns):             -0.579
  Arrival (ns):            8.827
  Required (ns):           8.248
  Operating Conditions:    WORST

Path 51
  From: CAEN_LINK_instance/I_CorePCS/Core_PCS_0/GEN_DEC_WA_10.WORD_ALIGNER_10_0/WA_FSM_STATE[1]:CLK
  To:   CAEN_LINK_instance/I_CorePCS/Core_PCS_0/GEN_DEC_WA_10.WORD_ALIGNER_10_0/Count6[10]:D
  Delay (ns):              3.468
  Slack (ns):             -0.579
  Arrival (ns):            8.834
  Required (ns):           8.255
  Operating Conditions:    WORST

Path 52
  From: CAEN_LINK_instance/I_CorePCS/Core_PCS_0/GEN_DEC_WA_10.WORD_ALIGNER_10_0/WA_FSM_STATE[0]:CLK
  To:   CAEN_LINK_instance/I_CorePCS/Core_PCS_0/GEN_DEC_WA_10.WORD_ALIGNER_10_0/Count3[3]:D
  Delay (ns):              3.442
  Slack (ns):             -0.575
  Arrival (ns):            8.802
  Required (ns):           8.227
  Operating Conditions:    WORST

Path 53
  From: CAEN_LINK_instance/I_CorePCS/Core_PCS_0/GEN_DEC_WA_10.WORD_ALIGNER_10_0/comma_p_low[3]:CLK
  To:   CAEN_LINK_instance/I_CorePCS/Core_PCS_0/GEN_DEC_WA_10.WORD_ALIGNER_10_0/Count3[9]:D
  Delay (ns):              3.440
  Slack (ns):             -0.572
  Arrival (ns):            8.809
  Required (ns):           8.237
  Operating Conditions:    WORST

Path 54
  From: CAEN_LINK_instance/I_CorePCS/Core_PCS_0/GEN_DEC_WA_10.WORD_ALIGNER_10_0/comma_n_low[3]:CLK
  To:   CAEN_LINK_instance/I_CorePCS/Core_PCS_0/GEN_DEC_WA_10.WORD_ALIGNER_10_0/Count3[8]:D
  Delay (ns):              3.435
  Slack (ns):             -0.563
  Arrival (ns):            8.811
  Required (ns):           8.248
  Operating Conditions:    WORST

Path 55
  From: CAEN_LINK_instance/I_CorePCS/Core_PCS_0/GEN_DEC_WA_10.WORD_ALIGNER_10_0/WA_FSM_STATE[1]:CLK
  To:   CAEN_LINK_instance/I_CorePCS/Core_PCS_0/GEN_DEC_WA_10.WORD_ALIGNER_10_0/Count3[6]:D
  Delay (ns):              3.445
  Slack (ns):             -0.563
  Arrival (ns):            8.811
  Required (ns):           8.248
  Operating Conditions:    WORST

Path 56
  From: CAEN_LINK_instance/I_CorePCS/Core_PCS_0/GEN_DEC_WA_10.WORD_ALIGNER_10_0/Count6[5]:CLK
  To:   CAEN_LINK_instance/I_CorePCS/Core_PCS_0/GEN_DEC_WA_10.WORD_ALIGNER_10_0/Count6[9]:D
  Delay (ns):              3.425
  Slack (ns):             -0.558
  Arrival (ns):            8.802
  Required (ns):           8.244
  Operating Conditions:    WORST

Path 57
  From: CAEN_LINK_instance/I_EPCS_SERDES/epcs_tx_intf_0/txdout[3]:CLK
  To:   CAEN_LINK_instance/I_EPCS_SERDES/EPCS_SERDES_IF_0/EPCS_SERDES_IF_0/SERDESIF_INST/INST_SERDESIF_IP:M_RDATA_HRDATA[35]
  Delay (ns):              1.007
  Slack (ns):             -0.555
  Arrival (ns):            6.477
  Required (ns):           5.922
  Operating Conditions:    WORST

Path 58
  From: CAEN_LINK_instance/I_CorePCS/Core_PCS_0/GEN_DEC_WA_10.WORD_ALIGNER_10_0/ALIGNED_int:CLK
  To:   CAEN_LINK_instance/I_CorePCS/Core_PCS_0/GEN_DEC_WA_10.WORD_ALIGNER_10_0/Count6[2]:D
  Delay (ns):              3.417
  Slack (ns):             -0.546
  Arrival (ns):            8.783
  Required (ns):           8.237
  Operating Conditions:    WORST

Path 59
  From: CAEN_LINK_instance/I_CorePCS/Core_PCS_0/GEN_DEC_WA_10.WORD_ALIGNER_10_0/comma_p_low[3]:CLK
  To:   CAEN_LINK_instance/I_CorePCS/Core_PCS_0/GEN_DEC_WA_10.WORD_ALIGNER_10_0/Count3[11]:D
  Delay (ns):              3.411
  Slack (ns):             -0.543
  Arrival (ns):            8.780
  Required (ns):           8.237
  Operating Conditions:    WORST

Path 60
  From: CAEN_LINK_instance/I_CorePCS/Core_PCS_0/GEN_DEC_WA_10.WORD_ALIGNER_10_0/WA_FSM_STATE[1]:CLK
  To:   CAEN_LINK_instance/I_CorePCS/Core_PCS_0/GEN_DEC_WA_10.WORD_ALIGNER_10_0/Count6[9]:D
  Delay (ns):              3.421
  Slack (ns):             -0.543
  Arrival (ns):            8.787
  Required (ns):           8.244
  Operating Conditions:    WORST

Path 61
  From: CAEN_LINK_instance/I_CorePCS/Core_PCS_0/GEN_DEC_WA_10.WORD_ALIGNER_10_0/Count6[5]:CLK
  To:   CAEN_LINK_instance/I_CorePCS/Core_PCS_0/GEN_DEC_WA_10.WORD_ALIGNER_10_0/Count6[7]:D
  Delay (ns):              3.406
  Slack (ns):             -0.538
  Arrival (ns):            8.783
  Required (ns):           8.245
  Operating Conditions:    WORST

Path 62
  From: CAEN_LINK_instance/I_EPCS_SERDES/epcs_tx_intf_0/txdout[9]:CLK
  To:   CAEN_LINK_instance/I_EPCS_SERDES/EPCS_SERDES_IF_0/EPCS_SERDES_IF_0/SERDESIF_INST/INST_SERDESIF_IP:M_RDATA_HRDATA[41]
  Delay (ns):              1.089
  Slack (ns):             -0.528
  Arrival (ns):            6.558
  Required (ns):           6.030
  Operating Conditions:    WORST

Path 63
  From: CAEN_LINK_instance/I_CorePCS/Core_PCS_0/GEN_DEC_WA_10.WORD_ALIGNER_10_0/comma_n_low[3]:CLK
  To:   CAEN_LINK_instance/I_CorePCS/Core_PCS_0/GEN_DEC_WA_10.WORD_ALIGNER_10_0/Count3[5]:D
  Delay (ns):              3.385
  Slack (ns):             -0.524
  Arrival (ns):            8.761
  Required (ns):           8.237
  Operating Conditions:    WORST

Path 64
  From: CAEN_LINK_instance/I_CorePCS/Core_PCS_0/GEN_DEC_WA_10.WORD_ALIGNER_10_0/ALIGNED_int:CLK
  To:   CAEN_LINK_instance/I_CorePCS/Core_PCS_0/GEN_DEC_WA_10.WORD_ALIGNER_10_0/Count3[7]:D
  Delay (ns):              3.395
  Slack (ns):             -0.524
  Arrival (ns):            8.761
  Required (ns):           8.237
  Operating Conditions:    WORST

Path 65
  From: CAEN_LINK_instance/I_CorePCS/Core_PCS_0/GEN_DEC_WA_10.WORD_ALIGNER_10_0/WA_FSM_STATE[1]:CLK
  To:   CAEN_LINK_instance/I_CorePCS/Core_PCS_0/GEN_DEC_WA_10.WORD_ALIGNER_10_0/Count6[7]:D
  Delay (ns):              3.402
  Slack (ns):             -0.523
  Arrival (ns):            8.768
  Required (ns):           8.245
  Operating Conditions:    WORST

Path 66
  From: CAEN_LINK_instance/I_CorePCS/Core_PCS_0/GEN_DEC_WA_10.WORD_ALIGNER_10_0/ALIGNED_int:CLK
  To:   CAEN_LINK_instance/I_CorePCS/Core_PCS_0/GEN_DEC_WA_10.WORD_ALIGNER_10_0/Count3[2]:D
  Delay (ns):              3.394
  Slack (ns):             -0.523
  Arrival (ns):            8.760
  Required (ns):           8.237
  Operating Conditions:    WORST

Path 67
  From: CAEN_LINK_instance/I_EPCS_SERDES/epcs_tx_intf_0/txdout[6]:CLK
  To:   CAEN_LINK_instance/I_EPCS_SERDES/EPCS_SERDES_IF_0/EPCS_SERDES_IF_0/SERDESIF_INST/INST_SERDESIF_IP:M_RDATA_HRDATA[38]
  Delay (ns):              0.946
  Slack (ns):             -0.513
  Arrival (ns):            6.413
  Required (ns):           5.900
  Operating Conditions:    WORST

Path 68
  From: CAEN_LINK_instance/I_CorePCS/Core_PCS_0/GEN_DEC_WA_10.WORD_ALIGNER_10_0/Count6[5]:CLK
  To:   CAEN_LINK_instance/I_CorePCS/Core_PCS_0/GEN_DEC_WA_10.WORD_ALIGNER_10_0/Count6[11]:D
  Delay (ns):              3.351
  Slack (ns):             -0.501
  Arrival (ns):            8.728
  Required (ns):           8.227
  Operating Conditions:    WORST

Path 69
  From: CAEN_LINK_instance/I_CorePCS/Core_PCS_0/GEN_DEC_WA_10.WORD_ALIGNER_10_0/WA_FSM_STATE[1]:CLK
  To:   CAEN_LINK_instance/I_CorePCS/Core_PCS_0/GEN_DEC_WA_10.WORD_ALIGNER_10_0/Count3[5]:D
  Delay (ns):              3.371
  Slack (ns):             -0.500
  Arrival (ns):            8.737
  Required (ns):           8.237
  Operating Conditions:    WORST

Path 70
  From: CAEN_LINK_instance/I_CorePCS/Core_PCS_0/GEN_DEC_WA_10.WORD_ALIGNER_10_0/ALIGNED_int:CLK
  To:   CAEN_LINK_instance/I_CorePCS/Core_PCS_0/GEN_DEC_WA_10.WORD_ALIGNER_10_0/Count6[4]:D
  Delay (ns):              3.373
  Slack (ns):             -0.500
  Arrival (ns):            8.739
  Required (ns):           8.239
  Operating Conditions:    WORST

Path 71
  From: CAEN_LINK_instance/I_CorePCS/Core_PCS_0/GEN_DEC_WA_10.WORD_ALIGNER_10_0/WA_FSM_STATE[0]:CLK
  To:   CAEN_LINK_instance/I_CorePCS/Core_PCS_0/GEN_DEC_WA_10.WORD_ALIGNER_10_0/Count6[2]:D
  Delay (ns):              3.374
  Slack (ns):             -0.497
  Arrival (ns):            8.734
  Required (ns):           8.237
  Operating Conditions:    WORST

Path 72
  From: CAEN_LINK_instance/I_CorePCS/Core_PCS_0/GEN_DEC_WA_10.WORD_ALIGNER_10_0/comma_p_low[3]:CLK
  To:   CAEN_LINK_instance/I_CorePCS/Core_PCS_0/GEN_DEC_WA_10.WORD_ALIGNER_10_0/Count3[8]:D
  Delay (ns):              3.369
  Slack (ns):             -0.490
  Arrival (ns):            8.738
  Required (ns):           8.248
  Operating Conditions:    WORST

Path 73
  From: CAEN_LINK_instance/I_CorePCS/Core_PCS_0/GEN_DEC_WA_10.WORD_ALIGNER_10_0/WA_FSM_STATE[1]:CLK
  To:   CAEN_LINK_instance/I_CorePCS/Core_PCS_0/GEN_DEC_WA_10.WORD_ALIGNER_10_0/Count6[11]:D
  Delay (ns):              3.347
  Slack (ns):             -0.486
  Arrival (ns):            8.713
  Required (ns):           8.227
  Operating Conditions:    WORST

Path 74
  From: CAEN_LINK_instance/I_CorePCS/Core_PCS_0/GEN_DEC_WA_10.WORD_ALIGNER_10_0/Count6[5]:CLK
  To:   CAEN_LINK_instance/I_CorePCS/Core_PCS_0/GEN_DEC_WA_10.WORD_ALIGNER_10_0/Count6[1]:D
  Delay (ns):              3.343
  Slack (ns):             -0.481
  Arrival (ns):            8.720
  Required (ns):           8.239
  Operating Conditions:    WORST

Path 75
  From: CAEN_LINK_instance/I_CorePCS/Core_PCS_0/GEN_DEC_WA_10.WORD_ALIGNER_10_0/WA_FSM_STATE[0]:CLK
  To:   CAEN_LINK_instance/I_CorePCS/Core_PCS_0/GEN_DEC_WA_10.WORD_ALIGNER_10_0/Count3[7]:D
  Delay (ns):              3.352
  Slack (ns):             -0.475
  Arrival (ns):            8.712
  Required (ns):           8.237
  Operating Conditions:    WORST

Path 76
  From: CAEN_LINK_instance/I_CorePCS/Core_PCS_0/GEN_DEC_WA_10.WORD_ALIGNER_10_0/WA_FSM_STATE[0]:CLK
  To:   CAEN_LINK_instance/I_CorePCS/Core_PCS_0/GEN_DEC_WA_10.WORD_ALIGNER_10_0/Count3[2]:D
  Delay (ns):              3.351
  Slack (ns):             -0.474
  Arrival (ns):            8.711
  Required (ns):           8.237
  Operating Conditions:    WORST

Path 77
  From: CAEN_LINK_instance/I_CorePCS/Core_PCS_0/GEN_DEC_WA_10.WORD_ALIGNER_10_0/ALIGNED_int:CLK
  To:   CAEN_LINK_instance/I_CorePCS/Core_PCS_0/GEN_DEC_WA_10.WORD_ALIGNER_10_0/Count6[10]:D
  Delay (ns):              3.356
  Slack (ns):             -0.467
  Arrival (ns):            8.722
  Required (ns):           8.255
  Operating Conditions:    WORST

Path 78
  From: CAEN_LINK_instance/I_CorePCS/Core_PCS_0/GEN_DEC_WA_10.WORD_ALIGNER_10_0/Count6[5]:CLK
  To:   CAEN_LINK_instance/I_CorePCS/Core_PCS_0/GEN_DEC_WA_10.WORD_ALIGNER_10_0/Count6[6]:D
  Delay (ns):              3.342
  Slack (ns):             -0.465
  Arrival (ns):            8.719
  Required (ns):           8.254
  Operating Conditions:    WORST

Path 79
  From: CAEN_LINK_instance/I_CorePCS/Core_PCS_0/GEN_DEC_WA_10.WORD_ALIGNER_10_0/Count6[5]:CLK
  To:   CAEN_LINK_instance/I_CorePCS/Core_PCS_0/GEN_DEC_WA_10.WORD_ALIGNER_10_0/Count6[8]:D
  Delay (ns):              3.340
  Slack (ns):             -0.463
  Arrival (ns):            8.717
  Required (ns):           8.254
  Operating Conditions:    WORST

Path 80
  From: CAEN_LINK_instance/I_CorePCS/Core_PCS_0/GEN_DEC_WA_10.WORD_ALIGNER_10_0/comma_n_low[3]:CLK
  To:   CAEN_LINK_instance/I_CorePCS/Core_PCS_0/GEN_DEC_WA_10.WORD_ALIGNER_10_0/Count3[0]:D
  Delay (ns):              3.301
  Slack (ns):             -0.452
  Arrival (ns):            8.677
  Required (ns):           8.225
  Operating Conditions:    WORST

Path 81
  From: CAEN_LINK_instance/I_CorePCS/Core_PCS_0/GEN_DEC_WA_10.WORD_ALIGNER_10_0/WA_FSM_STATE[0]:CLK
  To:   CAEN_LINK_instance/I_CorePCS/Core_PCS_0/GEN_DEC_WA_10.WORD_ALIGNER_10_0/Count6[4]:D
  Delay (ns):              3.330
  Slack (ns):             -0.451
  Arrival (ns):            8.690
  Required (ns):           8.239
  Operating Conditions:    WORST

Path 82
  From: CAEN_LINK_instance/I_CorePCS/Core_PCS_0/GEN_DEC_WA_10.WORD_ALIGNER_10_0/ALIGNED_int:CLK
  To:   CAEN_LINK_instance/I_CorePCS/Core_PCS_0/GEN_DEC_WA_10.WORD_ALIGNER_10_0/Count3[6]:D
  Delay (ns):              3.333
  Slack (ns):             -0.451
  Arrival (ns):            8.699
  Required (ns):           8.248
  Operating Conditions:    WORST

Path 83
  From: CAEN_LINK_instance/I_CorePCS/Core_PCS_0/GEN_DEC_WA_10.WORD_ALIGNER_10_0/WA_FSM_STATE[1]:CLK
  To:   CAEN_LINK_instance/I_CorePCS/Core_PCS_0/GEN_DEC_WA_10.WORD_ALIGNER_10_0/Count6[6]:D
  Delay (ns):              3.338
  Slack (ns):             -0.450
  Arrival (ns):            8.704
  Required (ns):           8.254
  Operating Conditions:    WORST

Path 84
  From: CAEN_LINK_instance/I_CorePCS/Core_PCS_0/GEN_DEC_WA_10.WORD_ALIGNER_10_0/WA_FSM_STATE[1]:CLK
  To:   CAEN_LINK_instance/I_CorePCS/Core_PCS_0/GEN_DEC_WA_10.WORD_ALIGNER_10_0/Count6[8]:D
  Delay (ns):              3.336
  Slack (ns):             -0.448
  Arrival (ns):            8.702
  Required (ns):           8.254
  Operating Conditions:    WORST

Path 85
  From: CAEN_LINK_instance/I_CorePCS/Core_PCS_0/GEN_DEC_WA_10.WORD_ALIGNER_10_0/ALIGNED_int:CLK
  To:   CAEN_LINK_instance/I_CorePCS/Core_PCS_0/GEN_DEC_WA_10.WORD_ALIGNER_10_0/Count6[9]:D
  Delay (ns):              3.309
  Slack (ns):             -0.431
  Arrival (ns):            8.675
  Required (ns):           8.244
  Operating Conditions:    WORST

Path 86
  From: CAEN_LINK_instance/I_CorePCS/Core_PCS_0/GEN_DEC_WA_10.WORD_ALIGNER_10_0/WA_FSM_STATE[1]:CLK
  To:   CAEN_LINK_instance/I_CorePCS/Core_PCS_0/GEN_DEC_WA_10.WORD_ALIGNER_10_0/Count6[1]:D
  Delay (ns):              3.291
  Slack (ns):             -0.418
  Arrival (ns):            8.657
  Required (ns):           8.239
  Operating Conditions:    WORST

Path 87
  From: CAEN_LINK_instance/I_CorePCS/Core_PCS_0/GEN_DEC_WA_10.WORD_ALIGNER_10_0/WA_FSM_STATE[0]:CLK
  To:   CAEN_LINK_instance/I_CorePCS/Core_PCS_0/GEN_DEC_WA_10.WORD_ALIGNER_10_0/Count6[10]:D
  Delay (ns):              3.313
  Slack (ns):             -0.418
  Arrival (ns):            8.673
  Required (ns):           8.255
  Operating Conditions:    WORST

Path 88
  From: CAEN_LINK_instance/I_CorePCS/Core_PCS_0/GEN_DEC_WA_10.WORD_ALIGNER_10_0/ALIGNED_int:CLK
  To:   CAEN_LINK_instance/I_CorePCS/Core_PCS_0/GEN_DEC_WA_10.WORD_ALIGNER_10_0/Count6[7]:D
  Delay (ns):              3.290
  Slack (ns):             -0.411
  Arrival (ns):            8.656
  Required (ns):           8.245
  Operating Conditions:    WORST

Path 89
  From: CAEN_LINK_instance/I_CorePCS/Core_PCS_0/GEN_DEC_WA_10.WORD_ALIGNER_10_0/WA_FSM_STATE[0]:CLK
  To:   CAEN_LINK_instance/I_CorePCS/Core_PCS_0/GEN_DEC_WA_10.WORD_ALIGNER_10_0/Count3[6]:D
  Delay (ns):              3.290
  Slack (ns):             -0.402
  Arrival (ns):            8.650
  Required (ns):           8.248
  Operating Conditions:    WORST

Path 90
  From: CAEN_LINK_instance/I_CorePCS/Core_PCS_0/GEN_DEC_WA_10.WORD_ALIGNER_10_0/ALIGNED_int:CLK
  To:   CAEN_LINK_instance/I_CorePCS/Core_PCS_0/GEN_DEC_WA_10.WORD_ALIGNER_10_0/Count3[5]:D
  Delay (ns):              3.259
  Slack (ns):             -0.388
  Arrival (ns):            8.625
  Required (ns):           8.237
  Operating Conditions:    WORST

Path 91
  From: CAEN_LINK_instance/I_CorePCS/Core_PCS_0/GEN_DEC_WA_10.WORD_ALIGNER_10_0/WA_FSM_STATE[0]:CLK
  To:   CAEN_LINK_instance/I_CorePCS/Core_PCS_0/GEN_DEC_WA_10.WORD_ALIGNER_10_0/Count6[9]:D
  Delay (ns):              3.266
  Slack (ns):             -0.382
  Arrival (ns):            8.626
  Required (ns):           8.244
  Operating Conditions:    WORST

Path 92
  From: CAEN_LINK_instance/I_CorePCS/Core_PCS_0/GEN_DEC_WA_10.WORD_ALIGNER_10_0/comma_p_low[3]:CLK
  To:   CAEN_LINK_instance/I_CorePCS/Core_PCS_0/GEN_DEC_WA_10.WORD_ALIGNER_10_0/Count3[7]:D
  Delay (ns):              3.248
  Slack (ns):             -0.380
  Arrival (ns):            8.617
  Required (ns):           8.237
  Operating Conditions:    WORST

Path 93
  From: CAEN_LINK_instance/I_CorePCS/Core_PCS_0/GEN_DEC_WA_10.WORD_ALIGNER_10_0/ALIGNED_int:CLK
  To:   CAEN_LINK_instance/I_CorePCS/Core_PCS_0/GEN_DEC_WA_10.WORD_ALIGNER_10_0/Count6[11]:D
  Delay (ns):              3.240
  Slack (ns):             -0.379
  Arrival (ns):            8.606
  Required (ns):           8.227
  Operating Conditions:    WORST

Path 94
  From: CAEN_LINK_instance/I_CorePCS/Core_PCS_0/GEN_DEC_WA_10.WORD_ALIGNER_10_0/WA_FSM_STATE[0]:CLK
  To:   CAEN_LINK_instance/I_CorePCS/Core_PCS_0/GEN_DEC_WA_10.WORD_ALIGNER_10_0/Count6[7]:D
  Delay (ns):              3.247
  Slack (ns):             -0.362
  Arrival (ns):            8.607
  Required (ns):           8.245
  Operating Conditions:    WORST

Path 95
  From: CAEN_LINK_instance/I_CorePCS/Core_PCS_0/GEN_DEC_WA_10.WORD_ALIGNER_10_0/WA_FSM_STATE[1]:CLK
  To:   CAEN_LINK_instance/I_CorePCS/Core_PCS_0/GEN_DEC_WA_10.WORD_ALIGNER_10_0/Count6[5]:D
  Delay (ns):              3.235
  Slack (ns):             -0.357
  Arrival (ns):            8.601
  Required (ns):           8.244
  Operating Conditions:    WORST

Path 96
  From: CAEN_LINK_instance/I_CorePCS/Core_PCS_0/GEN_DEC_WA_10.WORD_ALIGNER_10_0/Count6[5]:CLK
  To:   CAEN_LINK_instance/I_CorePCS/Core_PCS_0/GEN_DEC_WA_10.WORD_ALIGNER_10_0/Count6[5]:D
  Delay (ns):              3.239
  Slack (ns):             -0.357
  Arrival (ns):            8.616
  Required (ns):           8.259
  Operating Conditions:    WORST

Path 97
  From: CAEN_LINK_instance/I_CorePCS/Core_PCS_0/GEN_DEC_WA_10.WORD_ALIGNER_10_0/comma_p_low[3]:CLK
  To:   CAEN_LINK_instance/I_CorePCS/Core_PCS_0/GEN_DEC_WA_10.WORD_ALIGNER_10_0/Count3[3]:D
  Delay (ns):              3.212
  Slack (ns):             -0.354
  Arrival (ns):            8.581
  Required (ns):           8.227
  Operating Conditions:    WORST

Path 98
  From: CAEN_LINK_instance/I_EPCS_SERDES/epcs_tx_intf_0/txdout[4]:CLK
  To:   CAEN_LINK_instance/I_EPCS_SERDES/EPCS_SERDES_IF_0/EPCS_SERDES_IF_0/SERDESIF_INST/INST_SERDESIF_IP:M_RDATA_HRDATA[36]
  Delay (ns):              0.843
  Slack (ns):             -0.344
  Arrival (ns):            6.310
  Required (ns):           5.966
  Operating Conditions:    WORST

Path 99
  From: CAEN_LINK_instance/I_CorePCS/Core_PCS_0/GEN_DEC_WA_10.WORD_ALIGNER_10_0/comma_p_low[6]:CLK
  To:   CAEN_LINK_instance/I_CorePCS/Core_PCS_0/GEN_DEC_WA_10.WORD_ALIGNER_10_0/Count6[2]:D
  Delay (ns):              3.206
  Slack (ns):             -0.342
  Arrival (ns):            8.579
  Required (ns):           8.237
  Operating Conditions:    WORST

Path 100
  From: CAEN_LINK_instance/I_CorePCS/Core_PCS_0/GEN_DEC_WA_10.WORD_ALIGNER_10_0/WA_FSM_STATE[0]:CLK
  To:   CAEN_LINK_instance/I_CorePCS/Core_PCS_0/GEN_DEC_WA_10.WORD_ALIGNER_10_0/Count3[5]:D
  Delay (ns):              3.216
  Slack (ns):             -0.339
  Arrival (ns):            8.576
  Required (ns):           8.237
  Operating Conditions:    WORST

