Timing Violation Report Max Delay Analysis

SmartTime Version v2021.2
Microsemi Corporation - Microsemi Libero Software Release v2021.2 (Version 2021.2.0.11)
Date: Fri Jan 21 20:09:38 2022


Design: DRM2_top
Family: IGLOO2
Die: M2GL090T
Package: 676 FBGA
Temperature Range: 0 - 85 C
Voltage Range: 1.14 - 1.26 V
Speed Grade: -1
Design State: Post-Layout
Data source: Production
Multi Corner Report Operating Conditions: BEST, TYPICAL, WORST


Path 1
  From: CAEN_LINK_instance/I_conet_interf/rl_wr:CLK
  To:   CAEN_LINK_instance/I_conet_interf/tmonos:ALn
  Delay (ns):              1.383
  Slack (ns):             -1.865
  Arrival (ns):            6.766
  Required (ns):           4.901
  Operating Conditions:    WORST

Path 2
  From: CAEN_LINK_instance/I_conet_interf/rl_wr:CLK
  To:   CAEN_LINK_instance/I_conet_interf/led_opt:ALn
  Delay (ns):              1.383
  Slack (ns):             -1.856
  Arrival (ns):            6.766
  Required (ns):           4.910
  Operating Conditions:    WORST

Path 3
  From: CAEN_LINK_instance/I_conet_interf/tl_rd:CLK
  To:   CAEN_LINK_instance/I_conet_interf/tmonos:ALn
  Delay (ns):              1.097
  Slack (ns):             -1.640
  Arrival (ns):            6.541
  Required (ns):           4.901
  Operating Conditions:    WORST

Path 4
  From: CAEN_LINK_instance/I_conet_interf/tl_rd:CLK
  To:   CAEN_LINK_instance/I_conet_interf/led_opt:ALn
  Delay (ns):              1.097
  Slack (ns):             -1.631
  Arrival (ns):            6.541
  Required (ns):           4.910
  Operating Conditions:    WORST

Path 5
  From: CAEN_LINK_instance/I_conet_interf/endpck:CLK
  To:   CAEN_LINK_instance/I_conet_interf/endpck_set:ALn
  Delay (ns):              1.127
  Slack (ns):             -1.579
  Arrival (ns):            6.504
  Required (ns):           4.925
  Operating Conditions:    WORST

Path 6
  From: CAEN_LINK_instance/I_conet_interf/trigger_fifo_irq_instance/trigger_fifo_0/L31.U_corefifo_async/rptr_gray[3]:CLK
  To:   CAEN_LINK_instance/I_conet_interf/trigger_fifo_irq_instance/trigger_fifo_0/L31.U_corefifo_async/Rd_corefifo_NstagesSync/shift_array_0_[3]:D
  Delay (ns):              0.479
  Slack (ns):             -0.934
  Arrival (ns):            5.936
  Required (ns):           5.002
  Operating Conditions:    WORST

Path 7
  From: CAEN_LINK_instance/I_conet_interf/trigger_fifo_irq_instance/trigger_fifo_0/L31.U_corefifo_async/rptr_gray[0]:CLK
  To:   CAEN_LINK_instance/I_conet_interf/trigger_fifo_irq_instance/trigger_fifo_0/L31.U_corefifo_async/Rd_corefifo_NstagesSync/shift_array_0_[0]:D
  Delay (ns):              0.467
  Slack (ns):             -0.934
  Arrival (ns):            5.936
  Required (ns):           5.002
  Operating Conditions:    WORST

Path 8
  From: CAEN_LINK_instance/I_conet_interf/trigger_fifo_irq_instance/trigger_fifo_0/L31.U_corefifo_async/rptr_gray[1]:CLK
  To:   CAEN_LINK_instance/I_conet_interf/trigger_fifo_irq_instance/trigger_fifo_0/L31.U_corefifo_async/Rd_corefifo_NstagesSync/shift_array_0_[1]:D
  Delay (ns):              0.476
  Slack (ns):             -0.933
  Arrival (ns):            5.944
  Required (ns):           5.011
  Operating Conditions:    WORST

Path 9
  From: CAEN_LINK_instance/I_conet_interf/trigger_fifo_irq_instance/trigger_fifo_0/L31.U_corefifo_async/rptr_gray[2]:CLK
  To:   CAEN_LINK_instance/I_conet_interf/trigger_fifo_irq_instance/trigger_fifo_0/L31.U_corefifo_async/Rd_corefifo_NstagesSync/shift_array_0_[2]:D
  Delay (ns):              0.475
  Slack (ns):             -0.921
  Arrival (ns):            5.932
  Required (ns):           5.011
  Operating Conditions:    WORST

Path 10
  From: CAEN_LINK_instance/I_conet_interf/trigger_fifo_irq_instance/trigger_fifo_0/L31.U_corefifo_async/rptr_gray[4]:CLK
  To:   CAEN_LINK_instance/I_conet_interf/trigger_fifo_irq_instance/trigger_fifo_0/L31.U_corefifo_async/Rd_corefifo_NstagesSync/shift_array_0_[4]:D
  Delay (ns):              0.476
  Slack (ns):             -0.909
  Arrival (ns):            5.929
  Required (ns):           5.020
  Operating Conditions:    WORST

Path 11
  From: CAEN_LINK_instance/I_conet_interf/trigger_fifo_linkres_instance/trigger_fifo_0/L31.U_corefifo_async/wptr_gray[0]:CLK
  To:   CAEN_LINK_instance/I_conet_interf/trigger_fifo_linkres_instance/trigger_fifo_0/L31.U_corefifo_async/Wr_corefifo_NstagesSync/shift_array_0_[0]:D
  Delay (ns):              0.480
  Slack (ns):             -0.879
  Arrival (ns):            5.874
  Required (ns):           4.995
  Operating Conditions:    WORST

Path 12
  From: CAEN_LINK_instance/I_conet_interf/trigger_fifo_linkres_instance/trigger_fifo_0/L31.U_corefifo_async/wptr_gray[4]:CLK
  To:   CAEN_LINK_instance/I_conet_interf/trigger_fifo_linkres_instance/trigger_fifo_0/L31.U_corefifo_async/Wr_corefifo_NstagesSync/shift_array_0_[4]:D
  Delay (ns):              0.479
  Slack (ns):             -0.864
  Arrival (ns):            5.863
  Required (ns):           4.999
  Operating Conditions:    WORST

Path 13
  From: CAEN_LINK_instance/I_conet_interf/trigger_fifo_linkres_instance/trigger_fifo_0/L31.U_corefifo_async/wptr_gray[3]:CLK
  To:   CAEN_LINK_instance/I_conet_interf/trigger_fifo_linkres_instance/trigger_fifo_0/L31.U_corefifo_async/Wr_corefifo_NstagesSync/shift_array_0_[3]:D
  Delay (ns):              0.474
  Slack (ns):             -0.859
  Arrival (ns):            5.867
  Required (ns):           5.008
  Operating Conditions:    WORST

Path 14
  From: CAEN_LINK_instance/I_conet_interf/trigger_fifo_linkres_instance/trigger_fifo_0/L31.U_corefifo_async/wptr_gray[1]:CLK
  To:   CAEN_LINK_instance/I_conet_interf/trigger_fifo_linkres_instance/trigger_fifo_0/L31.U_corefifo_async/Wr_corefifo_NstagesSync/shift_array_0_[1]:D
  Delay (ns):              0.467
  Slack (ns):             -0.857
  Arrival (ns):            5.861
  Required (ns):           5.004
  Operating Conditions:    WORST

Path 15
  From: CAEN_LINK_instance/I_conet_interf/trigger_fifo_linkres_instance/trigger_fifo_0/L31.U_corefifo_async/wptr_gray[2]:CLK
  To:   CAEN_LINK_instance/I_conet_interf/trigger_fifo_linkres_instance/trigger_fifo_0/L31.U_corefifo_async/Wr_corefifo_NstagesSync/shift_array_0_[2]:D
  Delay (ns):              0.467
  Slack (ns):             -0.852
  Arrival (ns):            5.860
  Required (ns):           5.008
  Operating Conditions:    WORST

Path 16
  From: CAEN_LINK_instance/I_EPCS_SERDES/epcs_tx_intf_0/txdout[2]:CLK
  To:   CAEN_LINK_instance/I_EPCS_SERDES/EPCS_SERDES_IF_0/EPCS_SERDES_IF_0/SERDESIF_INST/INST_SERDESIF_IP:M_RDATA_HRDATA[34]
  Delay (ns):              1.180
  Slack (ns):             -0.756
  Arrival (ns):            6.665
  Required (ns):           5.909
  Operating Conditions:    WORST

Path 17
  From: CAEN_LINK_instance/I_EPCS_SERDES/epcs_tx_intf_0/txdout[1]:CLK
  To:   CAEN_LINK_instance/I_EPCS_SERDES/EPCS_SERDES_IF_0/EPCS_SERDES_IF_0/SERDESIF_INST/INST_SERDESIF_IP:M_RDATA_HRDATA[33]
  Delay (ns):              1.211
  Slack (ns):             -0.747
  Arrival (ns):            6.684
  Required (ns):           5.937
  Operating Conditions:    WORST

Path 18
  From: CAEN_LINK_instance/I_EPCS_SERDES/epcs_tx_intf_0/txdout[0]:CLK
  To:   CAEN_LINK_instance/I_EPCS_SERDES/EPCS_SERDES_IF_0/EPCS_SERDES_IF_0/SERDESIF_INST/INST_SERDESIF_IP:M_RDATA_HRDATA[32]
  Delay (ns):              1.101
  Slack (ns):             -0.743
  Arrival (ns):            6.592
  Required (ns):           5.849
  Operating Conditions:    WORST

Path 19
  From: CAEN_LINK_instance/I_EPCS_SERDES/epcs_tx_intf_0/txdout[6]:CLK
  To:   CAEN_LINK_instance/I_EPCS_SERDES/EPCS_SERDES_IF_0/EPCS_SERDES_IF_0/SERDESIF_INST/INST_SERDESIF_IP:M_RDATA_HRDATA[38]
  Delay (ns):              1.114
  Slack (ns):             -0.705
  Arrival (ns):            6.605
  Required (ns):           5.900
  Operating Conditions:    WORST

Path 20
  From: CAEN_LINK_instance/I_EPCS_SERDES/epcs_tx_intf_0/txdout[3]:CLK
  To:   CAEN_LINK_instance/I_EPCS_SERDES/EPCS_SERDES_IF_0/EPCS_SERDES_IF_0/SERDESIF_INST/INST_SERDESIF_IP:M_RDATA_HRDATA[35]
  Delay (ns):              1.111
  Slack (ns):             -0.667
  Arrival (ns):            6.589
  Required (ns):           5.922
  Operating Conditions:    WORST

Path 21
  From: CAEN_LINK_instance/I_EPCS_SERDES/epcs_tx_intf_0/txdout[5]:CLK
  To:   CAEN_LINK_instance/I_EPCS_SERDES/EPCS_SERDES_IF_0/EPCS_SERDES_IF_0/SERDESIF_INST/INST_SERDESIF_IP:M_RDATA_HRDATA[37]
  Delay (ns):              1.109
  Slack (ns):             -0.613
  Arrival (ns):            6.587
  Required (ns):           5.974
  Operating Conditions:    WORST

Path 22
  From: CAEN_LINK_instance/I_EPCS_SERDES/epcs_tx_intf_0/txdout[4]:CLK
  To:   CAEN_LINK_instance/I_EPCS_SERDES/EPCS_SERDES_IF_0/EPCS_SERDES_IF_0/SERDESIF_INST/INST_SERDESIF_IP:M_RDATA_HRDATA[36]
  Delay (ns):              1.086
  Slack (ns):             -0.610
  Arrival (ns):            6.576
  Required (ns):           5.966
  Operating Conditions:    WORST

Path 23
  From: CAEN_LINK_instance/I_EPCS_SERDES/epcs_tx_intf_0/txdout[7]:CLK
  To:   CAEN_LINK_instance/I_EPCS_SERDES/EPCS_SERDES_IF_0/EPCS_SERDES_IF_0/SERDESIF_INST/INST_SERDESIF_IP:M_RDATA_HRDATA[39]
  Delay (ns):              1.141
  Slack (ns):             -0.602
  Arrival (ns):            6.619
  Required (ns):           6.017
  Operating Conditions:    WORST

Path 24
  From: CAEN_LINK_instance/I_EPCS_SERDES/epcs_tx_intf_0/txdout[9]:CLK
  To:   CAEN_LINK_instance/I_EPCS_SERDES/EPCS_SERDES_IF_0/EPCS_SERDES_IF_0/SERDESIF_INST/INST_SERDESIF_IP:M_RDATA_HRDATA[41]
  Delay (ns):              1.123
  Slack (ns):             -0.571
  Arrival (ns):            6.601
  Required (ns):           6.030
  Operating Conditions:    WORST

Path 25
  From: CAEN_LINK_instance/I_EPCS_SERDES/epcs_tx_intf_0/txdout[8]:CLK
  To:   CAEN_LINK_instance/I_EPCS_SERDES/EPCS_SERDES_IF_0/EPCS_SERDES_IF_0/SERDESIF_INST/INST_SERDESIF_IP:M_RDATA_HRDATA[40]
  Delay (ns):              1.116
  Slack (ns):             -0.507
  Arrival (ns):            6.606
  Required (ns):           6.099
  Operating Conditions:    WORST

Path 26
  From: CAEN_LINK_instance/I_EPCS_SERDES/epcs_tx_intf_2/txdout[0]:CLK
  To:   CAEN_LINK_instance/I_EPCS_SERDES/EPCS_SERDES_IF_0/EPCS_SERDES_IF_0/SERDESIF_INST/INST_SERDESIF_IP:EPCS_TXDATA[9]
  Delay (ns):              1.112
  Slack (ns):              0.224
  Arrival (ns):            6.064
  Required (ns):           6.288
  Operating Conditions:    WORST

Path 27
  From: CAEN_LINK_instance/I_EPCS_SERDES/epcs_tx_intf_2/txdout[0]:CLK
  To:   CAEN_LINK_instance/I_EPCS_SERDES/EPCS_SERDES_IF_0/EPCS_SERDES_IF_0/SERDESIF_INST/INST_SERDESIF_IP:EPCS_TXDATA[1]
  Delay (ns):              1.098
  Slack (ns):              0.250
  Arrival (ns):            6.050
  Required (ns):           6.300
  Operating Conditions:    WORST

Path 28
  From: CAEN_LINK_instance/I_EPCS_SERDES/epcs_tx_intf_2/txdout[0]:CLK
  To:   CAEN_LINK_instance/I_EPCS_SERDES/EPCS_SERDES_IF_0/EPCS_SERDES_IF_0/SERDESIF_INST/INST_SERDESIF_IP:EPCS_TXDATA[0]
  Delay (ns):              1.093
  Slack (ns):              0.266
  Arrival (ns):            6.045
  Required (ns):           6.311
  Operating Conditions:    WORST

Path 29
  From: CAEN_LINK_instance/I_EPCS_SERDES/epcs_tx_intf_2/txdout[0]:CLK
  To:   CAEN_LINK_instance/I_EPCS_SERDES/EPCS_SERDES_IF_0/EPCS_SERDES_IF_0/SERDESIF_INST/INST_SERDESIF_IP:EPCS_TXDATA[7]
  Delay (ns):              1.113
  Slack (ns):              0.282
  Arrival (ns):            6.065
  Required (ns):           6.347
  Operating Conditions:    WORST

Path 30
  From: CAEN_LINK_instance/I_conet_interf/pckw:CLK
  To:   CAEN_LINK_instance/I_conet_interf/inc[0]:D
  Delay (ns):              0.550
  Slack (ns):              1.099
  Arrival (ns):            3.465
  Required (ns):           4.564
  Operating Conditions:     BEST

Path 31
  From: CAEN_LINK_instance/I_conet_interf/trigger_fifo_linkres_instance/trigger_fifo_0/L31.U_corefifo_async/full_r:CLK
  To:   CAEN_LINK_instance/I_conet_interf/trigger_fifo_linkres_instance/trigger_fifo_0/RW1.UI_ram_wrapper_1/U2_asyncnonpipe/trigger_fifo_trigger_fifo_0_USRAM_top_R0C0/INST_RAM64x18_IP:C_WEN
  Delay (ns):              1.680
  Slack (ns):              1.170
  Arrival (ns):            7.073
  Required (ns):           8.243
  Operating Conditions:    WORST

Path 32
  From: CAEN_LINK_instance/I_conet_interf/trigger_fifo_linkres_instance/trigger_fifo_0/L31.U_corefifo_async/rptr_gray[0]:CLK
  To:   CAEN_LINK_instance/I_conet_interf/trigger_fifo_linkres_instance/trigger_fifo_0/L31.U_corefifo_async/Rd_corefifo_NstagesSync/shift_array_0_[0]:D
  Delay (ns):              0.329
  Slack (ns):              1.238
  Arrival (ns):            3.251
  Required (ns):           4.489
  Operating Conditions:     BEST

Path 33
  From: CAEN_LINK_instance/I_conet_interf/trigger_fifo_linkres_instance/trigger_fifo_0/L31.U_corefifo_async/rptr_gray[1]:CLK
  To:   CAEN_LINK_instance/I_conet_interf/trigger_fifo_linkres_instance/trigger_fifo_0/L31.U_corefifo_async/Rd_corefifo_NstagesSync/shift_array_0_[1]:D
  Delay (ns):              0.329
  Slack (ns):              1.239
  Arrival (ns):            3.245
  Required (ns):           4.484
  Operating Conditions:     BEST

Path 34
  From: CAEN_LINK_instance/I_conet_interf/trigger_fifo_linkres_instance/trigger_fifo_0/L31.U_corefifo_async/rptr_gray[4]:CLK
  To:   CAEN_LINK_instance/I_conet_interf/trigger_fifo_linkres_instance/trigger_fifo_0/L31.U_corefifo_async/Rd_corefifo_NstagesSync/shift_array_0_[4]:D
  Delay (ns):              0.329
  Slack (ns):              1.266
  Arrival (ns):            3.236
  Required (ns):           4.502
  Operating Conditions:     BEST

Path 35
  From: CAEN_LINK_instance/I_conet_interf/trigger_fifo_linkres_instance/trigger_fifo_0/L31.U_corefifo_async/rptr_gray[2]:CLK
  To:   CAEN_LINK_instance/I_conet_interf/trigger_fifo_linkres_instance/trigger_fifo_0/L31.U_corefifo_async/Rd_corefifo_NstagesSync/shift_array_0_[2]:D
  Delay (ns):              0.329
  Slack (ns):              1.272
  Arrival (ns):            3.230
  Required (ns):           4.502
  Operating Conditions:     BEST

Path 36
  From: CAEN_LINK_instance/I_conet_interf/trigger_fifo_linkres_instance/trigger_fifo_0/L31.U_corefifo_async/rptr_gray[3]:CLK
  To:   CAEN_LINK_instance/I_conet_interf/trigger_fifo_linkres_instance/trigger_fifo_0/L31.U_corefifo_async/Rd_corefifo_NstagesSync/shift_array_0_[3]:D
  Delay (ns):              0.321
  Slack (ns):              1.274
  Arrival (ns):            3.228
  Required (ns):           4.502
  Operating Conditions:     BEST

Path 37
  From: CAEN_LINK_instance/I_conet_interf/trigger_fifo_irq_instance/trigger_fifo_0/L31.U_corefifo_async/wptr_gray[3]:CLK
  To:   CAEN_LINK_instance/I_conet_interf/trigger_fifo_irq_instance/trigger_fifo_0/L31.U_corefifo_async/Wr_corefifo_NstagesSync/shift_array_0_[3]:D
  Delay (ns):              0.329
  Slack (ns):              1.281
  Arrival (ns):            3.257
  Required (ns):           4.538
  Operating Conditions:     BEST

Path 38
  From: CAEN_LINK_instance/I_conet_interf/trigger_fifo_irq_instance/trigger_fifo_0/L31.U_corefifo_async/wptr_gray[2]:CLK
  To:   CAEN_LINK_instance/I_conet_interf/trigger_fifo_irq_instance/trigger_fifo_0/L31.U_corefifo_async/Wr_corefifo_NstagesSync/shift_array_0_[2]:D
  Delay (ns):              0.320
  Slack (ns):              1.288
  Arrival (ns):            3.249
  Required (ns):           4.537
  Operating Conditions:     BEST

Path 39
  From: CAEN_LINK_instance/I_conet_interf/trigger_fifo_irq_instance/trigger_fifo_0/L31.U_corefifo_async/wptr_gray[1]:CLK
  To:   CAEN_LINK_instance/I_conet_interf/trigger_fifo_irq_instance/trigger_fifo_0/L31.U_corefifo_async/Wr_corefifo_NstagesSync/shift_array_0_[1]:D
  Delay (ns):              0.323
  Slack (ns):              1.292
  Arrival (ns):            3.252
  Required (ns):           4.544
  Operating Conditions:     BEST

Path 40
  From: CAEN_LINK_instance/I_conet_interf/trigger_fifo_irq_instance/trigger_fifo_0/L31.U_corefifo_async/wptr_gray[0]:CLK
  To:   CAEN_LINK_instance/I_conet_interf/trigger_fifo_irq_instance/trigger_fifo_0/L31.U_corefifo_async/Wr_corefifo_NstagesSync/shift_array_0_[0]:D
  Delay (ns):              0.323
  Slack (ns):              1.324
  Arrival (ns):            3.233
  Required (ns):           4.557
  Operating Conditions:     BEST

Path 41
  From: CAEN_LINK_instance/I_conet_interf/trigger_fifo_irq_instance/trigger_fifo_0/L31.U_corefifo_async/wptr_gray[4]:CLK
  To:   CAEN_LINK_instance/I_conet_interf/trigger_fifo_irq_instance/trigger_fifo_0/L31.U_corefifo_async/Wr_corefifo_NstagesSync/shift_array_0_[4]:D
  Delay (ns):              0.323
  Slack (ns):              1.329
  Arrival (ns):            3.228
  Required (ns):           4.557
  Operating Conditions:     BEST

Path 42
  From: din_outbuf_instance.1.DDR_OUT_inst:CLK
  To:   DI_N[1]
  Delay (ns):              3.268
  Slack (ns):              1.456
  Arrival (ns):            7.044
  Required (ns):           8.500
  Operating Conditions:    WORST

Path 43
  From: din_outbuf_instance.1.DDR_OUT_inst:CLK
  To:   DI_P[1]
  Delay (ns):              3.266
  Slack (ns):              1.458
  Arrival (ns):            7.042
  Required (ns):           8.500
  Operating Conditions:    WORST

Path 44
  From: CAEN_LINK_instance/I_conet_interf/pcnt[2]:CLK
  To:   CAEN_LINK_instance/I_conet_interf/pcnt[3]:D
  Delay (ns):              1.216
  Slack (ns):              1.563
  Arrival (ns):            6.693
  Required (ns):           8.256
  Operating Conditions:    WORST

Path 45
  From: EPCS_Demo_instance/EPCS_Demo_sb_HPMS_0/MSS_ADLIB_INST/INST_MSS_075_IP:CLK_CONFIG_APB
  To:   EPCS_Demo_instance/CORECONFIGP_0/FIC_2_APB_M_PREADY_0:EN
  Delay (ns):              1.935
  Slack (ns):              1.616
  Arrival (ns):            1.935
  Required (ns):           3.551
  Operating Conditions:     BEST

Path 46
  From: CAEN_LINK_instance/I_conet_interf/dec_pcnt:CLK
  To:   CAEN_LINK_instance/I_conet_interf/pcnt[3]:D
  Delay (ns):              1.120
  Slack (ns):              1.693
  Arrival (ns):            6.563
  Required (ns):           8.256
  Operating Conditions:    WORST

Path 47
  From: CAEN_LINK_instance/I_conet_interf/inc_pcnt:CLK
  To:   CAEN_LINK_instance/I_conet_interf/pcnt[3]:D
  Delay (ns):              1.089
  Slack (ns):              1.699
  Arrival (ns):            6.557
  Required (ns):           8.256
  Operating Conditions:    WORST

Path 48
  From: CAEN_LINK_instance/I_conet_interf/inc_pcnt:CLK
  To:   CAEN_LINK_instance/I_conet_interf/pcnt[2]:D
  Delay (ns):              1.084
  Slack (ns):              1.713
  Arrival (ns):            6.552
  Required (ns):           8.265
  Operating Conditions:    WORST

Path 49
  From: din_outbuf_instance.11.DDR_OUT_inst:CLK
  To:   DI_N[11]
  Delay (ns):              2.971
  Slack (ns):              1.761
  Arrival (ns):            6.739
  Required (ns):           8.500
  Operating Conditions:    WORST

Path 50
  From: din_outbuf_instance.11.DDR_OUT_inst:CLK
  To:   DI_P[11]
  Delay (ns):              2.969
  Slack (ns):              1.763
  Arrival (ns):            6.737
  Required (ns):           8.500
  Operating Conditions:    WORST

Path 51
  From: CAEN_LINK_instance/I_conet_interf/tl_rd:CLK
  To:   CAEN_LINK_instance/I_conet_interf/tl_empty:EN
  Delay (ns):              0.994
  Slack (ns):              1.764
  Arrival (ns):            6.438
  Required (ns):           8.202
  Operating Conditions:    WORST

Path 52
  From: CAEN_LINK_instance/I_conet_interf/linkres_i_n:CLK
  To:   CAEN_LINK_instance/I_conet_interf/trigger_fifo_linkres_instance/trigger_fifo_0/RW1.UI_ram_wrapper_1/U2_asyncnonpipe/trigger_fifo_trigger_fifo_0_USRAM_top_R0C0/INST_RAM64x18_IP:C_DIN[0]
  Delay (ns):              1.457
  Slack (ns):              1.787
  Arrival (ns):            6.850
  Required (ns):           8.637
  Operating Conditions:    WORST

Path 53
  From: din_outbuf_instance.22.DDR_OUT_inst:CLK
  To:   DI_N[22]
  Delay (ns):              2.915
  Slack (ns):              1.811
  Arrival (ns):            6.689
  Required (ns):           8.500
  Operating Conditions:    WORST

Path 54
  From: din_outbuf_instance.22.DDR_OUT_inst:CLK
  To:   DI_P[22]
  Delay (ns):              2.913
  Slack (ns):              1.813
  Arrival (ns):            6.687
  Required (ns):           8.500
  Operating Conditions:    WORST

Path 55
  From: CAEN_LINK_instance/I_conet_interf/pcnt[1]:CLK
  To:   CAEN_LINK_instance/I_conet_interf/pcnt[2]:D
  Delay (ns):              0.964
  Slack (ns):              1.824
  Arrival (ns):            6.441
  Required (ns):           8.265
  Operating Conditions:    WORST

Path 56
  From: CAEN_LINK_instance/I_conet_interf/pcnt[0]:CLK
  To:   CAEN_LINK_instance/I_conet_interf/pcnt[3]:D
  Delay (ns):              0.951
  Slack (ns):              1.828
  Arrival (ns):            6.428
  Required (ns):           8.256
  Operating Conditions:    WORST

Path 57
  From: CAEN_LINK_instance/I_conet_interf/dec_pcnt:CLK
  To:   CAEN_LINK_instance/I_conet_interf/pcnt[2]:D
  Delay (ns):              0.981
  Slack (ns):              1.841
  Arrival (ns):            6.424
  Required (ns):           8.265
  Operating Conditions:    WORST

Path 58
  From: din_outbuf_instance.14.DDR_OUT_inst:CLK
  To:   DI_N[14]
  Delay (ns):              2.848
  Slack (ns):              1.878
  Arrival (ns):            6.622
  Required (ns):           8.500
  Operating Conditions:    WORST

Path 59
  From: din_outbuf_instance.14.DDR_OUT_inst:CLK
  To:   DI_P[14]
  Delay (ns):              2.846
  Slack (ns):              1.880
  Arrival (ns):            6.620
  Required (ns):           8.500
  Operating Conditions:    WORST

Path 60
  From: din_outbuf_instance.3.DDR_OUT_inst:CLK
  To:   DI_N[3]
  Delay (ns):              2.845
  Slack (ns):              1.891
  Arrival (ns):            6.609
  Required (ns):           8.500
  Operating Conditions:    WORST

Path 61
  From: din_outbuf_instance.3.DDR_OUT_inst:CLK
  To:   DI_P[3]
  Delay (ns):              2.843
  Slack (ns):              1.893
  Arrival (ns):            6.607
  Required (ns):           8.500
  Operating Conditions:    WORST

Path 62
  From: din_outbuf_instance.15.DDR_OUT_inst:CLK
  To:   DI_N[15]
  Delay (ns):              2.802
  Slack (ns):              1.929
  Arrival (ns):            6.571
  Required (ns):           8.500
  Operating Conditions:    WORST

Path 63
  From: din_outbuf_instance.15.DDR_OUT_inst:CLK
  To:   DI_P[15]
  Delay (ns):              2.800
  Slack (ns):              1.931
  Arrival (ns):            6.569
  Required (ns):           8.500
  Operating Conditions:    WORST

Path 64
  From: din_outbuf_instance.10.DDR_OUT_inst:CLK
  To:   DI_N[10]
  Delay (ns):              2.787
  Slack (ns):              1.944
  Arrival (ns):            6.556
  Required (ns):           8.500
  Operating Conditions:    WORST

Path 65
  From: din_outbuf_instance.10.DDR_OUT_inst:CLK
  To:   DI_P[10]
  Delay (ns):              2.785
  Slack (ns):              1.946
  Arrival (ns):            6.554
  Required (ns):           8.500
  Operating Conditions:    WORST

Path 66
  From: din_outbuf_instance.30.DDR_OUT_inst:CLK
  To:   DI_N[30]
  Delay (ns):              2.760
  Slack (ns):              1.967
  Arrival (ns):            6.533
  Required (ns):           8.500
  Operating Conditions:    WORST

Path 67
  From: din_outbuf_instance.30.DDR_OUT_inst:CLK
  To:   DI_P[30]
  Delay (ns):              2.758
  Slack (ns):              1.969
  Arrival (ns):            6.531
  Required (ns):           8.500
  Operating Conditions:    WORST

Path 68
  From: CAEN_LINK_instance/I_conet_interf/pcnt[0]:CLK
  To:   CAEN_LINK_instance/I_conet_interf/pcnt[2]:D
  Delay (ns):              0.819
  Slack (ns):              1.969
  Arrival (ns):            6.296
  Required (ns):           8.265
  Operating Conditions:    WORST

Path 69
  From: CAEN_LINK_instance/I_conet_interf/pcnt[1]:CLK
  To:   CAEN_LINK_instance/I_conet_interf/pcnt[3]:D
  Delay (ns):              0.797
  Slack (ns):              1.982
  Arrival (ns):            6.274
  Required (ns):           8.256
  Operating Conditions:    WORST

Path 70
  From: din_outbuf_instance.8.DDR_OUT_inst:CLK
  To:   DI_N[8]
  Delay (ns):              2.725
  Slack (ns):              2.006
  Arrival (ns):            6.494
  Required (ns):           8.500
  Operating Conditions:    WORST

Path 71
  From: din_outbuf_instance.8.DDR_OUT_inst:CLK
  To:   DI_P[8]
  Delay (ns):              2.723
  Slack (ns):              2.008
  Arrival (ns):            6.492
  Required (ns):           8.500
  Operating Conditions:    WORST

Path 72
  From: din_outbuf_instance.23.DDR_OUT_inst:CLK
  To:   DI_N[23]
  Delay (ns):              2.718
  Slack (ns):              2.010
  Arrival (ns):            6.490
  Required (ns):           8.500
  Operating Conditions:    WORST

Path 73
  From: din_outbuf_instance.23.DDR_OUT_inst:CLK
  To:   DI_P[23]
  Delay (ns):              2.716
  Slack (ns):              2.012
  Arrival (ns):            6.488
  Required (ns):           8.500
  Operating Conditions:    WORST

Path 74
  From: CAEN_LINK_instance/I_conet_interf/inc_pcnt:CLK
  To:   CAEN_LINK_instance/I_conet_interf/pcnt[1]:D
  Delay (ns):              0.784
  Slack (ns):              2.013
  Arrival (ns):            6.252
  Required (ns):           8.265
  Operating Conditions:    WORST

Path 75
  From: CAEN_LINK_instance/I_conet_interf/inc_pcnt:CLK
  To:   CAEN_LINK_instance/I_conet_interf/pcnt[0]:D
  Delay (ns):              0.783
  Slack (ns):              2.014
  Arrival (ns):            6.251
  Required (ns):           8.265
  Operating Conditions:    WORST

Path 76
  From: din_outbuf_instance.37.DDR_OUT_inst:CLK
  To:   DI_N[37]
  Delay (ns):              2.711
  Slack (ns):              2.021
  Arrival (ns):            6.479
  Required (ns):           8.500
  Operating Conditions:    WORST

Path 77
  From: din_outbuf_instance.37.DDR_OUT_inst:CLK
  To:   DI_P[37]
  Delay (ns):              2.709
  Slack (ns):              2.023
  Arrival (ns):            6.477
  Required (ns):           8.500
  Operating Conditions:    WORST

Path 78
  From: CAEN_LINK_instance/I_conet_interf/inc[2]:CLK
  To:   CAEN_LINK_instance/I_conet_interf/inc[3]:D
  Delay (ns):              0.758
  Slack (ns):              2.027
  Arrival (ns):            6.229
  Required (ns):           8.256
  Operating Conditions:    WORST

Path 79
  From: CAEN_LINK_instance/I_conet_interf/dec_pcnt:CLK
  To:   CAEN_LINK_instance/I_conet_interf/pcnt[0]:D
  Delay (ns):              0.788
  Slack (ns):              2.034
  Arrival (ns):            6.231
  Required (ns):           8.265
  Operating Conditions:    WORST

Path 80
  From: CAEN_LINK_instance/I_conet_interf/dec_pcnt:CLK
  To:   CAEN_LINK_instance/I_conet_interf/pcnt[1]:D
  Delay (ns):              0.783
  Slack (ns):              2.039
  Arrival (ns):            6.226
  Required (ns):           8.265
  Operating Conditions:    WORST

Path 81
  From: din_outbuf_instance.31.DDR_OUT_inst:CLK
  To:   DI_N[31]
  Delay (ns):              2.678
  Slack (ns):              2.046
  Arrival (ns):            6.454
  Required (ns):           8.500
  Operating Conditions:    WORST

Path 82
  From: din_outbuf_instance.2.DDR_OUT_inst:CLK
  To:   DI_N[2]
  Delay (ns):              2.686
  Slack (ns):              2.047
  Arrival (ns):            6.453
  Required (ns):           8.500
  Operating Conditions:    WORST

Path 83
  From: din_outbuf_instance.31.DDR_OUT_inst:CLK
  To:   DI_P[31]
  Delay (ns):              2.676
  Slack (ns):              2.048
  Arrival (ns):            6.452
  Required (ns):           8.500
  Operating Conditions:    WORST

Path 84
  From: din_outbuf_instance.2.DDR_OUT_inst:CLK
  To:   DI_P[2]
  Delay (ns):              2.684
  Slack (ns):              2.049
  Arrival (ns):            6.451
  Required (ns):           8.500
  Operating Conditions:    WORST

Path 85
  From: din_outbuf_instance.28.DDR_OUT_inst:CLK
  To:   DI_N[28]
  Delay (ns):              2.675
  Slack (ns):              2.057
  Arrival (ns):            6.443
  Required (ns):           8.500
  Operating Conditions:    WORST

Path 86
  From: din_outbuf_instance.28.DDR_OUT_inst:CLK
  To:   DI_P[28]
  Delay (ns):              2.673
  Slack (ns):              2.059
  Arrival (ns):            6.441
  Required (ns):           8.500
  Operating Conditions:    WORST

Path 87
  From: din_outbuf_instance.4.DDR_OUT_inst:CLK
  To:   DI_N[4]
  Delay (ns):              2.666
  Slack (ns):              2.064
  Arrival (ns):            6.436
  Required (ns):           8.500
  Operating Conditions:    WORST

Path 88
  From: din_outbuf_instance.4.DDR_OUT_inst:CLK
  To:   DI_P[4]
  Delay (ns):              2.664
  Slack (ns):              2.066
  Arrival (ns):            6.434
  Required (ns):           8.500
  Operating Conditions:    WORST

Path 89
  From: din_outbuf_instance.0.DDR_OUT_inst:CLK
  To:   DI_N[0]
  Delay (ns):              2.668
  Slack (ns):              2.070
  Arrival (ns):            6.430
  Required (ns):           8.500
  Operating Conditions:    WORST

Path 90
  From: din_outbuf_instance.0.DDR_OUT_inst:CLK
  To:   DI_P[0]
  Delay (ns):              2.666
  Slack (ns):              2.072
  Arrival (ns):            6.428
  Required (ns):           8.500
  Operating Conditions:    WORST

Path 91
  From: din_outbuf_instance.34.DDR_OUT_inst:CLK
  To:   DI_N[34]
  Delay (ns):              2.660
  Slack (ns):              2.078
  Arrival (ns):            6.422
  Required (ns):           8.500
  Operating Conditions:    WORST

Path 92
  From: din_outbuf_instance.34.DDR_OUT_inst:CLK
  To:   DI_P[34]
  Delay (ns):              2.658
  Slack (ns):              2.080
  Arrival (ns):            6.420
  Required (ns):           8.500
  Operating Conditions:    WORST

Path 93
  From: din_outbuf_instance.6.DDR_OUT_inst:CLK
  To:   DI_N[6]
  Delay (ns):              2.657
  Slack (ns):              2.084
  Arrival (ns):            6.416
  Required (ns):           8.500
  Operating Conditions:    WORST

Path 94
  From: din_outbuf_instance.6.DDR_OUT_inst:CLK
  To:   DI_P[6]
  Delay (ns):              2.655
  Slack (ns):              2.086
  Arrival (ns):            6.414
  Required (ns):           8.500
  Operating Conditions:    WORST

Path 95
  From: din_outbuf_instance.27.DDR_OUT_inst:CLK
  To:   DI_N[27]
  Delay (ns):              2.624
  Slack (ns):              2.093
  Arrival (ns):            6.407
  Required (ns):           8.500
  Operating Conditions:    WORST

Path 96
  From: din_outbuf_instance.27.DDR_OUT_inst:CLK
  To:   DI_P[27]
  Delay (ns):              2.622
  Slack (ns):              2.095
  Arrival (ns):            6.405
  Required (ns):           8.500
  Operating Conditions:    WORST

Path 97
  From: CAEN_LINK_instance/I_conet_interf/pcnt[2]:CLK
  To:   CAEN_LINK_instance/I_conet_interf/pcnt[2]:D
  Delay (ns):              0.709
  Slack (ns):              2.095
  Arrival (ns):            6.186
  Required (ns):           8.281
  Operating Conditions:    WORST

Path 98
  From: din_outbuf_instance.5.DDR_OUT_inst:CLK
  To:   DI_N[5]
  Delay (ns):              2.616
  Slack (ns):              2.101
  Arrival (ns):            6.399
  Required (ns):           8.500
  Operating Conditions:    WORST

Path 99
  From: din_outbuf_instance.5.DDR_OUT_inst:CLK
  To:   DI_P[5]
  Delay (ns):              2.614
  Slack (ns):              2.103
  Arrival (ns):            6.397
  Required (ns):           8.500
  Operating Conditions:    WORST

Path 100
  From: din_outbuf_instance.35.DDR_OUT_inst:CLK
  To:   DI_N[35]
  Delay (ns):              2.630
  Slack (ns):              2.121
  Arrival (ns):            6.379
  Required (ns):           8.500
  Operating Conditions:    WORST

