Timing Violation Report Max Delay Analysis

SmartTime Version v2021.2
Microsemi Corporation - Microsemi Libero Software Release v2021.2 (Version 2021.2.0.11)
Date: Fri Jan 21 20:15:08 2022


Design: DRM2_top
Family: IGLOO2
Die: M2GL090T
Package: 676 FBGA
Temperature Range: 0 - 85 C
Voltage Range: 1.14 - 1.26 V
Speed Grade: -1
Design State: Post-Layout
Data source: Production
Multi Corner Report Operating Conditions: BEST, TYPICAL, WORST


Path 1
  From: CAEN_LINK_instance/I_conet_interf/tl_rd:CLK
  To:   CAEN_LINK_instance/I_conet_interf/led_opt:ALn
  Delay (ns):              1.094
  Slack (ns):             -1.676
  Arrival (ns):            6.576
  Required (ns):           4.900
  Operating Conditions:    WORST

Path 2
  From: CAEN_LINK_instance/I_conet_interf/tl_rd:CLK
  To:   CAEN_LINK_instance/I_conet_interf/tmonos:ALn
  Delay (ns):              1.094
  Slack (ns):             -1.667
  Arrival (ns):            6.576
  Required (ns):           4.909
  Operating Conditions:    WORST

Path 3
  From: CAEN_LINK_instance/I_conet_interf/rl_wr:CLK
  To:   CAEN_LINK_instance/I_conet_interf/led_opt:ALn
  Delay (ns):              1.072
  Slack (ns):             -1.592
  Arrival (ns):            6.492
  Required (ns):           4.900
  Operating Conditions:    WORST

Path 4
  From: CAEN_LINK_instance/I_conet_interf/rl_wr:CLK
  To:   CAEN_LINK_instance/I_conet_interf/tmonos:ALn
  Delay (ns):              1.072
  Slack (ns):             -1.583
  Arrival (ns):            6.492
  Required (ns):           4.909
  Operating Conditions:    WORST

Path 5
  From: CAEN_LINK_instance/I_conet_interf/endpck:CLK
  To:   CAEN_LINK_instance/I_conet_interf/endpck_set:ALn
  Delay (ns):              0.863
  Slack (ns):             -1.359
  Arrival (ns):            6.286
  Required (ns):           4.927
  Operating Conditions:    WORST

Path 6
  From: CAEN_LINK_instance/I_conet_interf/trigger_fifo_irq_instance/trigger_fifo_0/L31.U_corefifo_async/rptr_gray[1]:CLK
  To:   CAEN_LINK_instance/I_conet_interf/trigger_fifo_irq_instance/trigger_fifo_0/L31.U_corefifo_async/Rd_corefifo_NstagesSync/shift_array_0_[1]:D
  Delay (ns):              0.589
  Slack (ns):             -1.058
  Arrival (ns):            6.070
  Required (ns):           5.012
  Operating Conditions:    WORST

Path 7
  From: CAEN_LINK_instance/I_conet_interf/trigger_fifo_irq_instance/trigger_fifo_0/L31.U_corefifo_async/rptr_gray[2]:CLK
  To:   CAEN_LINK_instance/I_conet_interf/trigger_fifo_irq_instance/trigger_fifo_0/L31.U_corefifo_async/Rd_corefifo_NstagesSync/shift_array_0_[2]:D
  Delay (ns):              0.478
  Slack (ns):             -0.956
  Arrival (ns):            5.958
  Required (ns):           5.002
  Operating Conditions:    WORST

Path 8
  From: CAEN_LINK_instance/I_conet_interf/trigger_fifo_irq_instance/trigger_fifo_0/L31.U_corefifo_async/rptr_gray[3]:CLK
  To:   CAEN_LINK_instance/I_conet_interf/trigger_fifo_irq_instance/trigger_fifo_0/L31.U_corefifo_async/Rd_corefifo_NstagesSync/shift_array_0_[3]:D
  Delay (ns):              0.464
  Slack (ns):             -0.951
  Arrival (ns):            5.953
  Required (ns):           5.002
  Operating Conditions:    WORST

Path 9
  From: CAEN_LINK_instance/I_conet_interf/trigger_fifo_irq_instance/trigger_fifo_0/L31.U_corefifo_async/rptr_gray[0]:CLK
  To:   CAEN_LINK_instance/I_conet_interf/trigger_fifo_irq_instance/trigger_fifo_0/L31.U_corefifo_async/Rd_corefifo_NstagesSync/shift_array_0_[0]:D
  Delay (ns):              0.464
  Slack (ns):             -0.929
  Arrival (ns):            5.930
  Required (ns):           5.001
  Operating Conditions:    WORST

Path 10
  From: CAEN_LINK_instance/I_conet_interf/trigger_fifo_irq_instance/trigger_fifo_0/L31.U_corefifo_async/rptr_gray[4]:CLK
  To:   CAEN_LINK_instance/I_conet_interf/trigger_fifo_irq_instance/trigger_fifo_0/L31.U_corefifo_async/Rd_corefifo_NstagesSync/shift_array_0_[4]:D
  Delay (ns):              0.464
  Slack (ns):             -0.916
  Arrival (ns):            5.935
  Required (ns):           5.019
  Operating Conditions:    WORST

Path 11
  From: CAEN_LINK_instance/I_conet_interf/trigger_fifo_linkres_instance/trigger_fifo_0/L31.U_corefifo_async/wptr_gray[0]:CLK
  To:   CAEN_LINK_instance/I_conet_interf/trigger_fifo_linkres_instance/trigger_fifo_0/L31.U_corefifo_async/Wr_corefifo_NstagesSync/shift_array_0_[0]:D
  Delay (ns):              0.471
  Slack (ns):             -0.887
  Arrival (ns):            5.892
  Required (ns):           5.005
  Operating Conditions:    WORST

Path 12
  From: CAEN_LINK_instance/I_conet_interf/trigger_fifo_linkres_instance/trigger_fifo_0/L31.U_corefifo_async/wptr_gray[3]:CLK
  To:   CAEN_LINK_instance/I_conet_interf/trigger_fifo_linkres_instance/trigger_fifo_0/L31.U_corefifo_async/Wr_corefifo_NstagesSync/shift_array_0_[3]:D
  Delay (ns):              0.456
  Slack (ns):             -0.863
  Arrival (ns):            5.875
  Required (ns):           5.012
  Operating Conditions:    WORST

Path 13
  From: CAEN_LINK_instance/I_conet_interf/trigger_fifo_linkres_instance/trigger_fifo_0/L31.U_corefifo_async/wptr_gray[4]:CLK
  To:   CAEN_LINK_instance/I_conet_interf/trigger_fifo_linkres_instance/trigger_fifo_0/L31.U_corefifo_async/Wr_corefifo_NstagesSync/shift_array_0_[4]:D
  Delay (ns):              0.464
  Slack (ns):             -0.862
  Arrival (ns):            5.874
  Required (ns):           5.012
  Operating Conditions:    WORST

Path 14
  From: CAEN_LINK_instance/I_conet_interf/trigger_fifo_linkres_instance/trigger_fifo_0/L31.U_corefifo_async/wptr_gray[1]:CLK
  To:   CAEN_LINK_instance/I_conet_interf/trigger_fifo_linkres_instance/trigger_fifo_0/L31.U_corefifo_async/Wr_corefifo_NstagesSync/shift_array_0_[1]:D
  Delay (ns):              0.451
  Slack (ns):             -0.849
  Arrival (ns):            5.870
  Required (ns):           5.021
  Operating Conditions:    WORST

Path 15
  From: CAEN_LINK_instance/I_conet_interf/trigger_fifo_linkres_instance/trigger_fifo_0/L31.U_corefifo_async/wptr_gray[2]:CLK
  To:   CAEN_LINK_instance/I_conet_interf/trigger_fifo_linkres_instance/trigger_fifo_0/L31.U_corefifo_async/Wr_corefifo_NstagesSync/shift_array_0_[2]:D
  Delay (ns):              0.458
  Slack (ns):             -0.848
  Arrival (ns):            5.868
  Required (ns):           5.020
  Operating Conditions:    WORST

Path 16
  From: CAEN_LINK_instance/I_EPCS_SERDES/epcs_tx_intf_0/txdout[0]:CLK
  To:   CAEN_LINK_instance/I_EPCS_SERDES/EPCS_SERDES_IF_0/EPCS_SERDES_IF_0/SERDESIF_INST/INST_SERDESIF_IP:M_RDATA_HRDATA[32]
  Delay (ns):              1.119
  Slack (ns):             -0.757
  Arrival (ns):            6.606
  Required (ns):           5.849
  Operating Conditions:    WORST

Path 17
  From: CAEN_LINK_instance/I_EPCS_SERDES/epcs_tx_intf_0/txdout[4]:CLK
  To:   CAEN_LINK_instance/I_EPCS_SERDES/EPCS_SERDES_IF_0/EPCS_SERDES_IF_0/SERDESIF_INST/INST_SERDESIF_IP:M_RDATA_HRDATA[36]
  Delay (ns):              1.197
  Slack (ns):             -0.746
  Arrival (ns):            6.712
  Required (ns):           5.966
  Operating Conditions:    WORST

Path 18
  From: CAEN_LINK_instance/I_EPCS_SERDES/epcs_tx_intf_0/txdout[2]:CLK
  To:   CAEN_LINK_instance/I_EPCS_SERDES/EPCS_SERDES_IF_0/EPCS_SERDES_IF_0/SERDESIF_INST/INST_SERDESIF_IP:M_RDATA_HRDATA[34]
  Delay (ns):              1.118
  Slack (ns):             -0.684
  Arrival (ns):            6.593
  Required (ns):           5.909
  Operating Conditions:    WORST

Path 19
  From: CAEN_LINK_instance/I_EPCS_SERDES/epcs_tx_intf_0/txdout[1]:CLK
  To:   CAEN_LINK_instance/I_EPCS_SERDES/EPCS_SERDES_IF_0/EPCS_SERDES_IF_0/SERDESIF_INST/INST_SERDESIF_IP:M_RDATA_HRDATA[33]
  Delay (ns):              1.106
  Slack (ns):             -0.672
  Arrival (ns):            6.609
  Required (ns):           5.937
  Operating Conditions:    WORST

Path 20
  From: CAEN_LINK_instance/I_EPCS_SERDES/epcs_tx_intf_0/txdout[6]:CLK
  To:   CAEN_LINK_instance/I_EPCS_SERDES/EPCS_SERDES_IF_0/EPCS_SERDES_IF_0/SERDESIF_INST/INST_SERDESIF_IP:M_RDATA_HRDATA[38]
  Delay (ns):              0.946
  Slack (ns):             -0.549
  Arrival (ns):            6.449
  Required (ns):           5.900
  Operating Conditions:    WORST

Path 21
  From: CAEN_LINK_instance/I_EPCS_SERDES/epcs_tx_intf_0/txdout[5]:CLK
  To:   CAEN_LINK_instance/I_EPCS_SERDES/EPCS_SERDES_IF_0/EPCS_SERDES_IF_0/SERDESIF_INST/INST_SERDESIF_IP:M_RDATA_HRDATA[37]
  Delay (ns):              0.934
  Slack (ns):             -0.475
  Arrival (ns):            6.449
  Required (ns):           5.974
  Operating Conditions:    WORST

Path 22
  From: CAEN_LINK_instance/I_EPCS_SERDES/epcs_tx_intf_0/txdout[3]:CLK
  To:   CAEN_LINK_instance/I_EPCS_SERDES/EPCS_SERDES_IF_0/EPCS_SERDES_IF_0/SERDESIF_INST/INST_SERDESIF_IP:M_RDATA_HRDATA[35]
  Delay (ns):              0.841
  Slack (ns):             -0.434
  Arrival (ns):            6.356
  Required (ns):           5.922
  Operating Conditions:    WORST

Path 23
  From: CAEN_LINK_instance/I_EPCS_SERDES/epcs_tx_intf_0/txdout[7]:CLK
  To:   CAEN_LINK_instance/I_EPCS_SERDES/EPCS_SERDES_IF_0/EPCS_SERDES_IF_0/SERDESIF_INST/INST_SERDESIF_IP:M_RDATA_HRDATA[39]
  Delay (ns):              0.921
  Slack (ns):             -0.419
  Arrival (ns):            6.436
  Required (ns):           6.017
  Operating Conditions:    WORST

Path 24
  From: CAEN_LINK_instance/I_EPCS_SERDES/epcs_tx_intf_0/txdout[9]:CLK
  To:   CAEN_LINK_instance/I_EPCS_SERDES/EPCS_SERDES_IF_0/EPCS_SERDES_IF_0/SERDESIF_INST/INST_SERDESIF_IP:M_RDATA_HRDATA[41]
  Delay (ns):              0.924
  Slack (ns):             -0.409
  Arrival (ns):            6.439
  Required (ns):           6.030
  Operating Conditions:    WORST

Path 25
  From: CAEN_LINK_instance/I_EPCS_SERDES/epcs_tx_intf_0/txdout[8]:CLK
  To:   CAEN_LINK_instance/I_EPCS_SERDES/EPCS_SERDES_IF_0/EPCS_SERDES_IF_0/SERDESIF_INST/INST_SERDESIF_IP:M_RDATA_HRDATA[40]
  Delay (ns):              0.927
  Slack (ns):             -0.331
  Arrival (ns):            6.430
  Required (ns):           6.099
  Operating Conditions:    WORST

Path 26
  From: CAEN_LINK_instance/I_EPCS_SERDES/epcs_tx_intf_2/txdout[0]:CLK
  To:   CAEN_LINK_instance/I_EPCS_SERDES/EPCS_SERDES_IF_0/EPCS_SERDES_IF_0/SERDESIF_INST/INST_SERDESIF_IP:EPCS_TXDATA[9]
  Delay (ns):              1.168
  Slack (ns):              0.173
  Arrival (ns):            6.115
  Required (ns):           6.288
  Operating Conditions:    WORST

Path 27
  From: CAEN_LINK_instance/I_EPCS_SERDES/epcs_tx_intf_2/txdout[0]:CLK
  To:   CAEN_LINK_instance/I_EPCS_SERDES/EPCS_SERDES_IF_0/EPCS_SERDES_IF_0/SERDESIF_INST/INST_SERDESIF_IP:EPCS_TXDATA[1]
  Delay (ns):              1.140
  Slack (ns):              0.213
  Arrival (ns):            6.087
  Required (ns):           6.300
  Operating Conditions:    WORST

Path 28
  From: CAEN_LINK_instance/I_EPCS_SERDES/epcs_tx_intf_2/txdout[0]:CLK
  To:   CAEN_LINK_instance/I_EPCS_SERDES/EPCS_SERDES_IF_0/EPCS_SERDES_IF_0/SERDESIF_INST/INST_SERDESIF_IP:EPCS_TXDATA[7]
  Delay (ns):              1.169
  Slack (ns):              0.231
  Arrival (ns):            6.116
  Required (ns):           6.347
  Operating Conditions:    WORST

Path 29
  From: CAEN_LINK_instance/I_EPCS_SERDES/epcs_tx_intf_2/txdout[0]:CLK
  To:   CAEN_LINK_instance/I_EPCS_SERDES/EPCS_SERDES_IF_0/EPCS_SERDES_IF_0/SERDESIF_INST/INST_SERDESIF_IP:EPCS_TXDATA[0]
  Delay (ns):              1.098
  Slack (ns):              0.266
  Arrival (ns):            6.045
  Required (ns):           6.311
  Operating Conditions:    WORST

Path 30
  From: CAEN_LINK_instance/I_conet_interf/fsm_rx[1]:CLK
  To:   CAEN_LINK_instance/I_conet_interf/bh[1]:EN
  Delay (ns):              2.433
  Slack (ns):              0.321
  Arrival (ns):            7.858
  Required (ns):           8.179
  Operating Conditions:    WORST

Path 31
  From: CAEN_LINK_instance/I_conet_interf/trigger_fifo_irq_instance/trigger_fifo_0/L31.U_corefifo_async/wptr_bin_sync2[2]:CLK
  To:   CAEN_LINK_instance/I_conet_interf/trigger_fifo_irq_instance/trigger_fifo_0/L31.U_corefifo_async/empty_r:D
  Delay (ns):              2.208
  Slack (ns):              0.531
  Arrival (ns):            7.704
  Required (ns):           8.235
  Operating Conditions:    WORST

Path 32
  From: CAEN_LINK_instance/I_conet_interf/trigger_fifo_irq_instance/trigger_fifo_0/L31.U_corefifo_async/rptr[0]:CLK
  To:   CAEN_LINK_instance/I_conet_interf/trigger_fifo_irq_instance/trigger_fifo_0/L31.U_corefifo_async/empty_r:D
  Delay (ns):              2.143
  Slack (ns):              0.612
  Arrival (ns):            7.623
  Required (ns):           8.235
  Operating Conditions:    WORST

Path 33
  From: CAEN_LINK_instance/I_conet_interf/trigger_fifo_irq_instance/trigger_fifo_0/L31.U_corefifo_async/rptr[2]:CLK
  To:   CAEN_LINK_instance/I_conet_interf/trigger_fifo_irq_instance/trigger_fifo_0/L31.U_corefifo_async/empty_r:D
  Delay (ns):              2.069
  Slack (ns):              0.675
  Arrival (ns):            7.560
  Required (ns):           8.235
  Operating Conditions:    WORST

Path 34
  From: CAEN_LINK_instance/I_conet_interf/trigger_fifo_irq_instance/trigger_fifo_0/L31.U_corefifo_async/wptr_bin_sync2[1]:CLK
  To:   CAEN_LINK_instance/I_conet_interf/trigger_fifo_irq_instance/trigger_fifo_0/L31.U_corefifo_async/empty_r:D
  Delay (ns):              2.067
  Slack (ns):              0.682
  Arrival (ns):            7.553
  Required (ns):           8.235
  Operating Conditions:    WORST

Path 35
  From: CAEN_LINK_instance/I_conet_interf/trigger_fifo_irq_instance/trigger_fifo_0/L31.U_corefifo_async/wptr_bin_sync2[0]:CLK
  To:   CAEN_LINK_instance/I_conet_interf/trigger_fifo_irq_instance/trigger_fifo_0/L31.U_corefifo_async/empty_r:D
  Delay (ns):              1.944
  Slack (ns):              0.804
  Arrival (ns):            7.431
  Required (ns):           8.235
  Operating Conditions:    WORST

Path 36
  From: CAEN_LINK_instance/I_conet_interf/trigger_fifo_irq_instance/trigger_fifo_0/L31.U_corefifo_async/rptr[1]:CLK
  To:   CAEN_LINK_instance/I_conet_interf/trigger_fifo_irq_instance/trigger_fifo_0/L31.U_corefifo_async/empty_r:D
  Delay (ns):              1.904
  Slack (ns):              0.839
  Arrival (ns):            7.396
  Required (ns):           8.235
  Operating Conditions:    WORST

Path 37
  From: CAEN_LINK_instance/I_conet_interf/trigger_fifo_irq_instance/trigger_fifo_0/L31.U_corefifo_async/wptr_bin_sync2[3]:CLK
  To:   CAEN_LINK_instance/I_conet_interf/trigger_fifo_irq_instance/trigger_fifo_0/L31.U_corefifo_async/empty_r:D
  Delay (ns):              1.838
  Slack (ns):              0.901
  Arrival (ns):            7.334
  Required (ns):           8.235
  Operating Conditions:    WORST

Path 38
  From: CAEN_LINK_instance/I_conet_interf/pckw:CLK
  To:   CAEN_LINK_instance/I_conet_interf/inc[0]:D
  Delay (ns):              0.992
  Slack (ns):              0.951
  Arrival (ns):            5.286
  Required (ns):           6.237
  Operating Conditions:    WORST

Path 39
  From: CAEN_LINK_instance/I_conet_interf/trigger_fifo_irq_instance/trigger_fifo_0/L31.U_corefifo_async/rptr[3]:CLK
  To:   CAEN_LINK_instance/I_conet_interf/trigger_fifo_irq_instance/trigger_fifo_0/L31.U_corefifo_async/empty_r:D
  Delay (ns):              1.719
  Slack (ns):              1.024
  Arrival (ns):            7.211
  Required (ns):           8.235
  Operating Conditions:    WORST

Path 40
  From: EPCS_Demo_instance/EPCS_Demo_sb_HPMS_0/MSS_ADLIB_INST/INST_MSS_075_IP:CLK_CONFIG_APB
  To:   EPCS_Demo_instance/CORECONFIGP_0/FIC_2_APB_M_PREADY_0:EN
  Delay (ns):              2.463
  Slack (ns):              1.086
  Arrival (ns):            2.463
  Required (ns):           3.549
  Operating Conditions:     BEST

Path 41
  From: CAEN_LINK_instance/I_conet_interf/fsm_rx[0]:CLK
  To:   CAEN_LINK_instance/I_conet_interf/rl_dti[9]:EN
  Delay (ns):              1.659
  Slack (ns):              1.095
  Arrival (ns):            7.075
  Required (ns):           8.170
  Operating Conditions:    WORST

Path 42
  From: CAEN_LINK_instance/I_conet_interf/fsm_rx[0]:CLK
  To:   CAEN_LINK_instance/I_conet_interf/rl_dti[1]:EN
  Delay (ns):              1.659
  Slack (ns):              1.104
  Arrival (ns):            7.075
  Required (ns):           8.179
  Operating Conditions:    WORST

Path 43
  From: CAEN_LINK_instance/I_conet_interf/trigger_fifo_irq_instance/trigger_fifo_0/L31.U_corefifo_async/rptr[4]:CLK
  To:   CAEN_LINK_instance/I_conet_interf/trigger_fifo_irq_instance/trigger_fifo_0/L31.U_corefifo_async/empty_r:D
  Delay (ns):              1.614
  Slack (ns):              1.141
  Arrival (ns):            7.094
  Required (ns):           8.235
  Operating Conditions:    WORST

Path 44
  From: CAEN_LINK_instance/I_conet_interf/fsm_rx[0]:CLK
  To:   CAEN_LINK_instance/I_conet_interf/bh[1]:EN
  Delay (ns):              1.563
  Slack (ns):              1.200
  Arrival (ns):            6.979
  Required (ns):           8.179
  Operating Conditions:    WORST

Path 45
  From: CAEN_LINK_instance/I_conet_interf/fsm_rx[1]:CLK
  To:   CAEN_LINK_instance/I_conet_interf/rl_dti[9]:EN
  Delay (ns):              1.536
  Slack (ns):              1.209
  Arrival (ns):            6.961
  Required (ns):           8.170
  Operating Conditions:    WORST

Path 46
  From: CAEN_LINK_instance/I_conet_interf/fsm_rx[1]:CLK
  To:   CAEN_LINK_instance/I_conet_interf/rl_dti[1]:EN
  Delay (ns):              1.536
  Slack (ns):              1.218
  Arrival (ns):            6.961
  Required (ns):           8.179
  Operating Conditions:    WORST

Path 47
  From: CAEN_LINK_instance/I_conet_interf/word_rdy:CLK
  To:   CAEN_LINK_instance/I_conet_interf/rl_dti[9]:EN
  Delay (ns):              1.522
  Slack (ns):              1.232
  Arrival (ns):            6.938
  Required (ns):           8.170
  Operating Conditions:    WORST

Path 48
  From: CAEN_LINK_instance/I_conet_interf/word_rdy:CLK
  To:   CAEN_LINK_instance/I_conet_interf/rl_dti[1]:EN
  Delay (ns):              1.522
  Slack (ns):              1.241
  Arrival (ns):            6.938
  Required (ns):           8.179
  Operating Conditions:    WORST

Path 49
  From: CAEN_LINK_instance/I_conet_interf/trigger_fifo_linkres_instance/trigger_fifo_0/L31.U_corefifo_async/rptr_gray[1]:CLK
  To:   CAEN_LINK_instance/I_conet_interf/trigger_fifo_linkres_instance/trigger_fifo_0/L31.U_corefifo_async/Rd_corefifo_NstagesSync/shift_array_0_[1]:D
  Delay (ns):              0.329
  Slack (ns):              1.265
  Arrival (ns):            3.245
  Required (ns):           4.510
  Operating Conditions:     BEST

Path 50
  From: CAEN_LINK_instance/I_conet_interf/trigger_fifo_linkres_instance/trigger_fifo_0/L31.U_corefifo_async/rptr_gray[0]:CLK
  To:   CAEN_LINK_instance/I_conet_interf/trigger_fifo_linkres_instance/trigger_fifo_0/L31.U_corefifo_async/Rd_corefifo_NstagesSync/shift_array_0_[0]:D
  Delay (ns):              0.320
  Slack (ns):              1.268
  Arrival (ns):            3.242
  Required (ns):           4.510
  Operating Conditions:     BEST

Path 51
  From: CAEN_LINK_instance/I_conet_interf/trigger_fifo_linkres_instance/trigger_fifo_0/L31.U_corefifo_async/rptr_gray[2]:CLK
  To:   CAEN_LINK_instance/I_conet_interf/trigger_fifo_linkres_instance/trigger_fifo_0/L31.U_corefifo_async/Rd_corefifo_NstagesSync/shift_array_0_[2]:D
  Delay (ns):              0.329
  Slack (ns):              1.286
  Arrival (ns):            3.238
  Required (ns):           4.524
  Operating Conditions:     BEST

Path 52
  From: CAEN_LINK_instance/I_conet_interf/trigger_fifo_linkres_instance/trigger_fifo_0/L31.U_corefifo_async/rptr_gray[3]:CLK
  To:   CAEN_LINK_instance/I_conet_interf/trigger_fifo_linkres_instance/trigger_fifo_0/L31.U_corefifo_async/Rd_corefifo_NstagesSync/shift_array_0_[3]:D
  Delay (ns):              0.320
  Slack (ns):              1.295
  Arrival (ns):            3.229
  Required (ns):           4.524
  Operating Conditions:     BEST

Path 53
  From: CAEN_LINK_instance/I_conet_interf/trigger_fifo_linkres_instance/trigger_fifo_0/L31.U_corefifo_async/rptr_gray[4]:CLK
  To:   CAEN_LINK_instance/I_conet_interf/trigger_fifo_linkres_instance/trigger_fifo_0/L31.U_corefifo_async/Rd_corefifo_NstagesSync/shift_array_0_[4]:D
  Delay (ns):              0.325
  Slack (ns):              1.303
  Arrival (ns):            3.228
  Required (ns):           4.531
  Operating Conditions:     BEST

Path 54
  From: CAEN_LINK_instance/I_conet_interf/trigger_fifo_irq_instance/trigger_fifo_0/L31.U_corefifo_async/wptr_gray[0]:CLK
  To:   CAEN_LINK_instance/I_conet_interf/trigger_fifo_irq_instance/trigger_fifo_0/L31.U_corefifo_async/Wr_corefifo_NstagesSync/shift_array_0_[0]:D
  Delay (ns):              0.329
  Slack (ns):              1.305
  Arrival (ns):            3.251
  Required (ns):           4.556
  Operating Conditions:     BEST

Path 55
  From: CAEN_LINK_instance/I_conet_interf/trigger_fifo_irq_instance/trigger_fifo_0/L31.U_corefifo_async/wptr_gray[1]:CLK
  To:   CAEN_LINK_instance/I_conet_interf/trigger_fifo_irq_instance/trigger_fifo_0/L31.U_corefifo_async/Wr_corefifo_NstagesSync/shift_array_0_[1]:D
  Delay (ns):              0.329
  Slack (ns):              1.312
  Arrival (ns):            3.245
  Required (ns):           4.557
  Operating Conditions:     BEST

Path 56
  From: CAEN_LINK_instance/I_conet_interf/trigger_fifo_irq_instance/trigger_fifo_0/L31.U_corefifo_async/wptr_gray[2]:CLK
  To:   CAEN_LINK_instance/I_conet_interf/trigger_fifo_irq_instance/trigger_fifo_0/L31.U_corefifo_async/Wr_corefifo_NstagesSync/shift_array_0_[2]:D
  Delay (ns):              0.332
  Slack (ns):              1.315
  Arrival (ns):            3.248
  Required (ns):           4.563
  Operating Conditions:     BEST

Path 57
  From: CAEN_LINK_instance/I_conet_interf/trigger_fifo_irq_instance/trigger_fifo_0/L31.U_corefifo_async/wptr_gray[3]:CLK
  To:   CAEN_LINK_instance/I_conet_interf/trigger_fifo_irq_instance/trigger_fifo_0/L31.U_corefifo_async/Wr_corefifo_NstagesSync/shift_array_0_[3]:D
  Delay (ns):              0.323
  Slack (ns):              1.344
  Arrival (ns):            3.230
  Required (ns):           4.574
  Operating Conditions:     BEST

Path 58
  From: CAEN_LINK_instance/I_conet_interf/trigger_fifo_irq_instance/trigger_fifo_0/L31.U_corefifo_async/wptr_gray[4]:CLK
  To:   CAEN_LINK_instance/I_conet_interf/trigger_fifo_irq_instance/trigger_fifo_0/L31.U_corefifo_async/Wr_corefifo_NstagesSync/shift_array_0_[4]:D
  Delay (ns):              0.333
  Slack (ns):              1.346
  Arrival (ns):            3.234
  Required (ns):           4.580
  Operating Conditions:     BEST

Path 59
  From: CAEN_LINK_instance/I_conet_interf/rx_header:CLK
  To:   CAEN_LINK_instance/I_conet_interf/rl_dti[9]:EN
  Delay (ns):              1.360
  Slack (ns):              1.394
  Arrival (ns):            6.776
  Required (ns):           8.170
  Operating Conditions:    WORST

Path 60
  From: CAEN_LINK_instance/I_conet_interf/rx_header:CLK
  To:   CAEN_LINK_instance/I_conet_interf/rl_dti[1]:EN
  Delay (ns):              1.360
  Slack (ns):              1.403
  Arrival (ns):            6.776
  Required (ns):           8.179
  Operating Conditions:    WORST

Path 61
  From: din_outbuf_instance.1.DDR_OUT_inst:CLK
  To:   DI_N[1]
  Delay (ns):              3.268
  Slack (ns):              1.456
  Arrival (ns):            7.044
  Required (ns):           8.500
  Operating Conditions:    WORST

Path 62
  From: din_outbuf_instance.1.DDR_OUT_inst:CLK
  To:   DI_P[1]
  Delay (ns):              3.266
  Slack (ns):              1.458
  Arrival (ns):            7.042
  Required (ns):           8.500
  Operating Conditions:    WORST

Path 63
  From: CAEN_LINK_instance/I_conet_interf/trigger_fifo_irq_instance/trigger_fifo_0/L31.U_corefifo_async/rptr[1]:CLK
  To:   CAEN_LINK_instance/I_conet_interf/trigger_fifo_irq_instance/trigger_fifo_0/L31.U_corefifo_async/rptr_gray[0]:D
  Delay (ns):              1.117
  Slack (ns):              1.625
  Arrival (ns):            6.609
  Required (ns):           8.234
  Operating Conditions:    WORST

Path 64
  From: EPCS_Demo_instance/EPCS_Demo_sb_HPMS_0/MSS_ADLIB_INST/INST_MSS_075_IP:CLK_CONFIG_APB
  To:   EPCS_Demo_instance/CORECONFIGP_0/state[0]:D
  Delay (ns):              1.970
  Slack (ns):              1.632
  Arrival (ns):            1.970
  Required (ns):           3.602
  Operating Conditions:     BEST

Path 65
  From: CAEN_LINK_instance/I_conet_interf/trigger_fifo_irq_instance/trigger_fifo_0/L31.U_corefifo_async/rptr[0]:CLK
  To:   CAEN_LINK_instance/I_conet_interf/trigger_fifo_irq_instance/trigger_fifo_0/L31.U_corefifo_async/rptr_gray[0]:D
  Delay (ns):              1.078
  Slack (ns):              1.676
  Arrival (ns):            6.558
  Required (ns):           8.234
  Operating Conditions:    WORST

Path 66
  From: CAEN_LINK_instance/I_CorePCS/Core_PCS_0/GEN_DEC_WA_10.DEC_10/RX_WORD[1]:CLK
  To:   CAEN_LINK_instance/I_conet_interf/bh[1]:D
  Delay (ns):              1.077
  Slack (ns):              1.756
  Arrival (ns):            6.477
  Required (ns):           8.233
  Operating Conditions:    WORST

Path 67
  From: din_outbuf_instance.11.DDR_OUT_inst:CLK
  To:   DI_N[11]
  Delay (ns):              2.971
  Slack (ns):              1.761
  Arrival (ns):            6.739
  Required (ns):           8.500
  Operating Conditions:    WORST

Path 68
  From: din_outbuf_instance.11.DDR_OUT_inst:CLK
  To:   DI_P[11]
  Delay (ns):              2.969
  Slack (ns):              1.763
  Arrival (ns):            6.737
  Required (ns):           8.500
  Operating Conditions:    WORST

Path 69
  From: CAEN_LINK_instance/I_conet_interf/trigger_fifo_irq_instance/trigger_fifo_0/L31.U_corefifo_async/rptr[1]:CLK
  To:   CAEN_LINK_instance/I_conet_interf/trigger_fifo_irq_instance/trigger_fifo_0/L31.U_corefifo_async/rptr[3]:D
  Delay (ns):              0.975
  Slack (ns):              1.792
  Arrival (ns):            6.467
  Required (ns):           8.259
  Operating Conditions:    WORST

Path 70
  From: CAEN_LINK_instance/I_conet_interf/trigger_fifo_irq_instance/trigger_fifo_0/L31.U_corefifo_async/wptr_bin_sync2[4]:CLK
  To:   CAEN_LINK_instance/I_conet_interf/trigger_fifo_irq_instance/trigger_fifo_0/L31.U_corefifo_async/empty_r:D
  Delay (ns):              0.989
  Slack (ns):              1.797
  Arrival (ns):            6.438
  Required (ns):           8.235
  Operating Conditions:    WORST

Path 71
  From: din_outbuf_instance.22.DDR_OUT_inst:CLK
  To:   DI_N[22]
  Delay (ns):              2.915
  Slack (ns):              1.811
  Arrival (ns):            6.689
  Required (ns):           8.500
  Operating Conditions:    WORST

Path 72
  From: din_outbuf_instance.22.DDR_OUT_inst:CLK
  To:   DI_P[22]
  Delay (ns):              2.913
  Slack (ns):              1.813
  Arrival (ns):            6.687
  Required (ns):           8.500
  Operating Conditions:    WORST

Path 73
  From: CAEN_LINK_instance/I_conet_interf/trigger_fifo_irq_instance/trigger_fifo_0/L31.U_corefifo_async/rptr[0]:CLK
  To:   CAEN_LINK_instance/I_conet_interf/trigger_fifo_irq_instance/trigger_fifo_0/L31.U_corefifo_async/rptr[3]:D
  Delay (ns):              0.934
  Slack (ns):              1.845
  Arrival (ns):            6.414
  Required (ns):           8.259
  Operating Conditions:    WORST

Path 74
  From: din_outbuf_instance.14.DDR_OUT_inst:CLK
  To:   DI_N[14]
  Delay (ns):              2.848
  Slack (ns):              1.878
  Arrival (ns):            6.622
  Required (ns):           8.500
  Operating Conditions:    WORST

Path 75
  From: din_outbuf_instance.14.DDR_OUT_inst:CLK
  To:   DI_P[14]
  Delay (ns):              2.846
  Slack (ns):              1.880
  Arrival (ns):            6.620
  Required (ns):           8.500
  Operating Conditions:    WORST

Path 76
  From: din_outbuf_instance.3.DDR_OUT_inst:CLK
  To:   DI_N[3]
  Delay (ns):              2.845
  Slack (ns):              1.892
  Arrival (ns):            6.608
  Required (ns):           8.500
  Operating Conditions:    WORST

Path 77
  From: din_outbuf_instance.3.DDR_OUT_inst:CLK
  To:   DI_P[3]
  Delay (ns):              2.843
  Slack (ns):              1.894
  Arrival (ns):            6.606
  Required (ns):           8.500
  Operating Conditions:    WORST

Path 78
  From: CAEN_LINK_instance/I_conet_interf/trigger_fifo_irq_instance/trigger_fifo_0/L31.U_corefifo_async/rptr[1]:CLK
  To:   CAEN_LINK_instance/I_conet_interf/trigger_fifo_irq_instance/trigger_fifo_0/L31.U_corefifo_async/rptr[4]:D
  Delay (ns):              0.848
  Slack (ns):              1.907
  Arrival (ns):            6.340
  Required (ns):           8.247
  Operating Conditions:    WORST

Path 79
  From: CAEN_LINK_instance/I_conet_interf/trigger_fifo_irq_instance/trigger_fifo_0/L31.U_corefifo_async/rptr[1]:CLK
  To:   CAEN_LINK_instance/I_conet_interf/trigger_fifo_irq_instance/trigger_fifo_0/L31.U_corefifo_async/rptr[2]:D
  Delay (ns):              0.847
  Slack (ns):              1.919
  Arrival (ns):            6.339
  Required (ns):           8.258
  Operating Conditions:    WORST

Path 80
  From: CAEN_LINK_instance/I_conet_interf/trigger_fifo_irq_instance/trigger_fifo_0/L31.U_corefifo_async/rptr[2]:CLK
  To:   CAEN_LINK_instance/I_conet_interf/trigger_fifo_irq_instance/trigger_fifo_0/L31.U_corefifo_async/rptr[4]:D
  Delay (ns):              0.831
  Slack (ns):              1.925
  Arrival (ns):            6.322
  Required (ns):           8.247
  Operating Conditions:    WORST

Path 81
  From: din_outbuf_instance.15.DDR_OUT_inst:CLK
  To:   DI_N[15]
  Delay (ns):              2.802
  Slack (ns):              1.929
  Arrival (ns):            6.571
  Required (ns):           8.500
  Operating Conditions:    WORST

Path 82
  From: din_outbuf_instance.15.DDR_OUT_inst:CLK
  To:   DI_P[15]
  Delay (ns):              2.800
  Slack (ns):              1.931
  Arrival (ns):            6.569
  Required (ns):           8.500
  Operating Conditions:    WORST

Path 83
  From: CAEN_LINK_instance/I_conet_interf/trigger_fifo_irq_instance/trigger_fifo_0/L31.U_corefifo_async/rptr[2]:CLK
  To:   CAEN_LINK_instance/I_conet_interf/trigger_fifo_irq_instance/trigger_fifo_0/L31.U_corefifo_async/rptr[3]:D
  Delay (ns):              0.830
  Slack (ns):              1.938
  Arrival (ns):            6.321
  Required (ns):           8.259
  Operating Conditions:    WORST

Path 84
  From: din_outbuf_instance.10.DDR_OUT_inst:CLK
  To:   DI_N[10]
  Delay (ns):              2.787
  Slack (ns):              1.944
  Arrival (ns):            6.556
  Required (ns):           8.500
  Operating Conditions:    WORST

Path 85
  From: din_outbuf_instance.10.DDR_OUT_inst:CLK
  To:   DI_P[10]
  Delay (ns):              2.785
  Slack (ns):              1.946
  Arrival (ns):            6.554
  Required (ns):           8.500
  Operating Conditions:    WORST

Path 86
  From: CAEN_LINK_instance/I_conet_interf/trigger_fifo_irq_instance/trigger_fifo_0/L31.U_corefifo_async/rptr[0]:CLK
  To:   CAEN_LINK_instance/I_conet_interf/trigger_fifo_irq_instance/trigger_fifo_0/L31.U_corefifo_async/rptr[4]:D
  Delay (ns):              0.807
  Slack (ns):              1.960
  Arrival (ns):            6.287
  Required (ns):           8.247
  Operating Conditions:    WORST

Path 87
  From: din_outbuf_instance.30.DDR_OUT_inst:CLK
  To:   DI_N[30]
  Delay (ns):              2.760
  Slack (ns):              1.967
  Arrival (ns):            6.533
  Required (ns):           8.500
  Operating Conditions:    WORST

Path 88
  From: din_outbuf_instance.30.DDR_OUT_inst:CLK
  To:   DI_P[30]
  Delay (ns):              2.758
  Slack (ns):              1.969
  Arrival (ns):            6.531
  Required (ns):           8.500
  Operating Conditions:    WORST

Path 89
  From: CAEN_LINK_instance/I_conet_interf/trigger_fifo_irq_instance/trigger_fifo_0/L31.U_corefifo_async/rptr[0]:CLK
  To:   CAEN_LINK_instance/I_conet_interf/trigger_fifo_irq_instance/trigger_fifo_0/L31.U_corefifo_async/rptr[2]:D
  Delay (ns):              0.806
  Slack (ns):              1.972
  Arrival (ns):            6.286
  Required (ns):           8.258
  Operating Conditions:    WORST

Path 90
  From: din_outbuf_instance.8.DDR_OUT_inst:CLK
  To:   DI_N[8]
  Delay (ns):              2.725
  Slack (ns):              2.006
  Arrival (ns):            6.494
  Required (ns):           8.500
  Operating Conditions:    WORST

Path 91
  From: din_outbuf_instance.8.DDR_OUT_inst:CLK
  To:   DI_P[8]
  Delay (ns):              2.723
  Slack (ns):              2.008
  Arrival (ns):            6.492
  Required (ns):           8.500
  Operating Conditions:    WORST

Path 92
  From: din_outbuf_instance.23.DDR_OUT_inst:CLK
  To:   DI_N[23]
  Delay (ns):              2.718
  Slack (ns):              2.010
  Arrival (ns):            6.490
  Required (ns):           8.500
  Operating Conditions:    WORST

Path 93
  From: din_outbuf_instance.23.DDR_OUT_inst:CLK
  To:   DI_P[23]
  Delay (ns):              2.716
  Slack (ns):              2.012
  Arrival (ns):            6.488
  Required (ns):           8.500
  Operating Conditions:    WORST

Path 94
  From: din_outbuf_instance.37.DDR_OUT_inst:CLK
  To:   DI_N[37]
  Delay (ns):              2.711
  Slack (ns):              2.021
  Arrival (ns):            6.479
  Required (ns):           8.500
  Operating Conditions:    WORST

Path 95
  From: din_outbuf_instance.37.DDR_OUT_inst:CLK
  To:   DI_P[37]
  Delay (ns):              2.709
  Slack (ns):              2.023
  Arrival (ns):            6.477
  Required (ns):           8.500
  Operating Conditions:    WORST

Path 96
  From: CAEN_LINK_instance/I_conet_interf/trigger_fifo_irq_instance/trigger_fifo_0/L31.U_corefifo_async/rptr[2]:CLK
  To:   CAEN_LINK_instance/I_conet_interf/trigger_fifo_irq_instance/trigger_fifo_0/L31.U_corefifo_async/rptr[2]:D
  Delay (ns):              0.747
  Slack (ns):              2.036
  Arrival (ns):            6.238
  Required (ns):           8.274
  Operating Conditions:    WORST

Path 97
  From: CAEN_LINK_instance/I_conet_interf/trigger_fifo_irq_instance/trigger_fifo_0/L31.U_corefifo_async/rptr[2]:CLK
  To:   CAEN_LINK_instance/I_conet_interf/trigger_fifo_irq_instance/trigger_fifo_0/L31.U_corefifo_async/rptr_gray[2]:D
  Delay (ns):              0.711
  Slack (ns):              2.045
  Arrival (ns):            6.202
  Required (ns):           8.247
  Operating Conditions:    WORST

Path 98
  From: CAEN_LINK_instance/I_conet_interf/bl[1]:CLK
  To:   CAEN_LINK_instance/I_conet_interf/rl_dti[1]:D
  Delay (ns):              0.743
  Slack (ns):              2.045
  Arrival (ns):            6.188
  Required (ns):           8.233
  Operating Conditions:    WORST

Path 99
  From: din_outbuf_instance.31.DDR_OUT_inst:CLK
  To:   DI_N[31]
  Delay (ns):              2.678
  Slack (ns):              2.046
  Arrival (ns):            6.454
  Required (ns):           8.500
  Operating Conditions:    WORST

Path 100
  From: CAEN_LINK_instance/I_conet_interf/trigger_fifo_irq_instance/trigger_fifo_0/L31.U_corefifo_async/rptr[4]:CLK
  To:   CAEN_LINK_instance/I_conet_interf/trigger_fifo_irq_instance/trigger_fifo_0/L31.U_corefifo_async/rptr_gray[3]:D
  Delay (ns):              0.730
  Slack (ns):              2.046
  Arrival (ns):            6.210
  Required (ns):           8.256
  Operating Conditions:    WORST

